---------------------------------------------------------------
[ 2017-12-04T17:59:47+08:00 ] 192.168.1.24 192.168.1.24 GET /index/Distribute
[ info ] 192.168.1.24:3361/index/Distribute [运行时间：0.076000s][吞吐率：13.16req/s] [内存消耗：2,039.67kb] [文件加载：54]
[ info ] [ LANG ] F:\shoppings\shoppings\thinkphp\lang\zh-cn.php
[ info ] [ ROUTE ] array (
  'type' => 'module',
  'module' => 
  array (
    0 => 'index',
    1 => 'Distribute',
    2 => NULL,
  ),
)
[ info ] [ HEADER ] array (
  'cookie' => 'thinkphp_show_page_trace=0|0; PHPSESSID=ofv8cocp6t93c54tp17h314pq5; thinkphp_show_page_trace=0|0',
  'accept-language' => 'zh-CN,zh;q=0.9',
  'accept-encoding' => 'gzip, deflate',
  'accept' => 'text/html,application/xhtml+xml,application/xml;q=0.9,image/webp,image/apng,*/*;q=0.8',
  'upgrade-insecure-requests' => '1',
  'user-agent' => 'Mozilla/5.0 (Windows NT 6.1; WOW64) AppleWebKit/537.36 (KHTML, like Gecko) Chrome/62.0.3202.94 Safari/537.36',
  'cache-control' => 'max-age=0',
  'connection' => 'close',
  'host' => '192.168.1.24:3361',
)
[ info ] [ PARAM ] array (
)
[ info ] [ RUN ] app\index\controller\Distribute->index[ F:\shoppings\shoppings\application\index\controller\Distribute.php ]
[ info ] [ DB ] INIT mysql
[ info ] [ CACHE ] INIT File
[ info ] [ LOG ] INIT File
[ info ] info
[ info ] [ LOG ] INIT File
[ info ] info
[ info ] [ LOG ] INIT File
[ info ] info
[ info ] [ LOG ] INIT File
[ info ] info
[ info ] [ LOG ] INIT File
[ info ] info
[ info ] [ LOG ] INIT File
[ info ] info
[ info ] [ LOG ] INIT File
[ info ] info
[ info ] [ LOG ] INIT File
[ info ] info
[ info ] [ LOG ] INIT File
[ info ] info
[ error ] [2]strtolower() expects parameter 1 to be string, array given[F:\shoppings\shoppings\thinkphp\library\think\Route.php:242]
[ error ] [8]未定义数组下标: 1[F:\shoppings\shoppings\thinkphp\library\think\Route.php:215]
[ error ] [8]未定义数组下标: 1[F:\shoppings\shoppings\thinkphp\library\think\Route.php:215]
[ error ] [8]未定义数组下标: 1[F:\shoppings\shoppings\thinkphp\library\think\Route.php:215]
[ error ] [8]未定义数组下标: 1[F:\shoppings\shoppings\thinkphp\library\think\Route.php:215]
[ sql ] [ DB ] CONNECT:[ UseTime:0.000000s ] mysql:host=127.0.0.1;port=3306;dbname=xin;charset=utf8
[ sql ] [ SQL ] SHOW COLUMNS FROM `web_torder` [ RunTime:0.011000s ]
[ sql ] [ SQL ] SELECT `a`.*,`b`.`name_bei`,`b`.`name_tian`,`b`.`title` FROM `web_torder` `a` INNER JOIN `web_product` `b` ON `a`.`pid`=`b`.`id` WHERE  `a`.`status` = 1  AND `a`.`type` = 0 [ RunTime:0.001000s ]
[ sql ] [ SQL ] UPDATE `web_torder`  SET `real`=116.68666666667  WHERE  `id` = 70 [ RunTime:0.001000s ]
[ sql ] [ SQL ] SHOW COLUMNS FROM `web_bonus` [ RunTime:0.009000s ]
[ sql ] [ SQL ] INSERT INTO `web_bonus` (`uid` , `create_date` , `type` , `money` , `order_id`) VALUES (9 , '1512381587' , 5 , 16.666666666667 , 70) [ RunTime:0.001000s ]
[ sql ] [ SQL ] SHOW COLUMNS FROM `web_member` [ RunTime:0.011000s ]
[ sql ] [ SQL ] SELECT * FROM `web_member` WHERE  `id` = 9 LIMIT 1 [ RunTime:0.001000s ]
[ sql ] [ SQL ] UPDATE `web_member`  SET `money`=4716.6466666667,`real`=816.64666666667,`frozenmoney`=3183.3533333333  WHERE  `id` = 9 [ RunTime:0.001000s ]
[ sql ] [ SQL ] UPDATE `web_torder`  SET `real`=116.68666666667  WHERE  `id` = 71 [ RunTime:0.001000s ]
[ sql ] [ SQL ] INSERT INTO `web_bonus` (`uid` , `create_date` , `type` , `money` , `order_id`) VALUES (8 , '1512381587' , 5 , 16.666666666667 , 71) [ RunTime:0.000000s ]
[ sql ] [ SQL ] SELECT * FROM `web_member` WHERE  `id` = 8 LIMIT 1 [ RunTime:0.001000s ]
[ sql ] [ SQL ] UPDATE `web_member`  SET `money`=9116.6866666667,`real`=116.68666666667,`frozenmoney`=383.31333333333  WHERE  `id` = 8 [ RunTime:0.000000s ]
[ sql ] [ SQL ] UPDATE `web_torder`  SET `real`=116.68666666667  WHERE  `id` = 72 [ RunTime:0.001000s ]
[ sql ] [ SQL ] INSERT INTO `web_bonus` (`uid` , `create_date` , `type` , `money` , `order_id`) VALUES (9 , '1512381587' , 5 , 16.666666666667 , 72) [ RunTime:0.000000s ]
[ sql ] [ SQL ] SELECT * FROM `web_member` WHERE  `id` = 9 LIMIT 1 [ RunTime:0.001000s ]
[ sql ] [ SQL ] UPDATE `web_member`  SET `money`=4733.3166666667,`real`=833.31666666667,`frozenmoney`=3166.6833333333  WHERE  `id` = 9 [ RunTime:0.000000s ]
[ sql ] [ SQL ] UPDATE `web_torder`  SET `real`=233.31333333333  WHERE  `id` = 73 [ RunTime:0.001000s ]
[ sql ] [ SQL ] INSERT INTO `web_bonus` (`uid` , `create_date` , `type` , `money` , `order_id`) VALUES (9 , '1512381587' , 5 , 33.333333333333 , 73) [ RunTime:0.000000s ]
[ sql ] [ SQL ] SELECT * FROM `web_member` WHERE  `id` = 9 LIMIT 1 [ RunTime:0.001000s ]
[ sql ] [ SQL ] UPDATE `web_member`  SET `money`=4766.6533333333,`real`=866.65333333333,`frozenmoney`=3133.3466666667  WHERE  `id` = 9 [ RunTime:0.001000s ]
[ sql ] [ SQL ] UPDATE `web_torder`  SET `real`=116.68666666667  WHERE  `id` = 74 [ RunTime:0.001000s ]
[ sql ] [ SQL ] INSERT INTO `web_bonus` (`uid` , `create_date` , `type` , `money` , `order_id`) VALUES (7 , '1512381587' , 5 , 16.666666666667 , 74) [ RunTime:0.000000s ]
[ sql ] [ SQL ] SELECT * FROM `web_member` WHERE  `id` = 7 LIMIT 1 [ RunTime:0.001000s ]
[ sql ] [ SQL ] UPDATE `web_member`  SET `money`=9116.6866666667,`real`=116.68666666667,`frozenmoney`=383.31333333333  WHERE  `id` = 7 [ RunTime:0.001000s ]
[ sql ] [ SQL ] UPDATE `web_torder`  SET `real`=233.31333333333  WHERE  `id` = 75 [ RunTime:0.000000s ]
[ sql ] [ SQL ] INSERT INTO `web_bonus` (`uid` , `create_date` , `type` , `money` , `order_id`) VALUES (9 , '1512381587' , 5 , 33.333333333333 , 75) [ RunTime:0.001000s ]
[ sql ] [ SQL ] SELECT * FROM `web_member` WHERE  `id` = 9 LIMIT 1 [ RunTime:0.000000s ]
[ sql ] [ SQL ] UPDATE `web_member`  SET `money`=4799.9833333333,`real`=899.98333333333,`frozenmoney`=3100.0166666667  WHERE  `id` = 9 [ RunTime:0.001000s ]
[ sql ] [ SQL ] UPDATE `web_torder`  SET `real`=116.68666666667  WHERE  `id` = 76 [ RunTime:0.000000s ]
[ sql ] [ SQL ] INSERT INTO `web_bonus` (`uid` , `create_date` , `type` , `money` , `order_id`) VALUES (6 , '1512381587' , 5 , 16.666666666667 , 76) [ RunTime:0.001000s ]
[ sql ] [ SQL ] SELECT * FROM `web_member` WHERE  `id` = 6 LIMIT 1 [ RunTime:0.000000s ]
[ sql ] [ SQL ] UPDATE `web_member`  SET `money`=9216.7066666667,`real`=216.70666666667,`frozenmoney`=783.29333333333  WHERE  `id` = 6 [ RunTime:0.001000s ]
[ sql ] [ SQL ] UPDATE `web_torder`  SET `real`=233.31333333333  WHERE  `id` = 77 [ RunTime:0.000000s ]
[ sql ] [ SQL ] INSERT INTO `web_bonus` (`uid` , `create_date` , `type` , `money` , `order_id`) VALUES (9 , '1512381587' , 5 , 33.333333333333 , 77) [ RunTime:0.001000s ]
[ sql ] [ SQL ] SELECT * FROM `web_member` WHERE  `id` = 9 LIMIT 1 [ RunTime:0.000000s ]
[ sql ] [ SQL ] UPDATE `web_member`  SET `money`=4833.3133333333,`real`=933.31333333333,`frozenmoney`=3066.6866666667  WHERE  `id` = 9 [ RunTime:0.000000s ]
[ sql ] [ SQL ] UPDATE `web_torder`  SET `real`=116.68666666667  WHERE  `id` = 78 [ RunTime:0.001000s ]
[ sql ] [ SQL ] INSERT INTO `web_bonus` (`uid` , `create_date` , `type` , `money` , `order_id`) VALUES (6 , '1512381587' , 5 , 16.666666666667 , 78) [ RunTime:0.000000s ]
[ sql ] [ SQL ] SELECT * FROM `web_member` WHERE  `id` = 6 LIMIT 1 [ RunTime:0.001000s ]
[ sql ] [ SQL ] UPDATE `web_member`  SET `money`=9233.3766666667,`real`=233.37666666667,`frozenmoney`=766.62333333333  WHERE  `id` = 6 [ RunTime:0.001000s ]
