---------------------------------------------------------------
[ 2017-12-05T08:47:22+08:00 ] 192.168.1.24 192.168.1.24 GET /index/Distribute
[ info ] 192.168.1.24:3361/index/Distribute [运行时间：0.928600s][吞吐率：1.08req/s] [内存消耗：2,043.39kb] [文件加载：54]
[ info ] [ LANG ] F:\shoppings\shoppings\thinkphp\lang\zh-cn.php
[ info ] [ ROUTE ] array (
  'type' => 'module',
  'module' => 
  array (
    0 => 'index',
    1 => 'Distribute',
    2 => NULL,
  ),
)
[ info ] [ HEADER ] array (
  'cookie' => 'PHPSESSID=78vkak81rkts03q5h9t4g0tmh6; thinkphp_show_page_trace=0|0',
  'accept-language' => 'zh-CN,zh;q=0.9',
  'accept-encoding' => 'gzip, deflate',
  'accept' => 'text/html,application/xhtml+xml,application/xml;q=0.9,image/webp,image/apng,*/*;q=0.8',
  'upgrade-insecure-requests' => '1',
  'user-agent' => 'Mozilla/5.0 (Windows NT 6.1; WOW64) AppleWebKit/537.36 (KHTML, like Gecko) Chrome/62.0.3202.94 Safari/537.36',
  'connection' => 'close',
  'host' => '192.168.1.24:3361',
)
[ info ] [ PARAM ] array (
)
[ info ] [ RUN ] app\index\controller\Distribute->index[ F:\shoppings\shoppings\application\index\controller\Distribute.php ]
[ info ] [ DB ] INIT mysql
[ info ] [ CACHE ] INIT File
[ info ] [ LOG ] INIT File
[ info ] info
[ info ] [ LOG ] INIT File
[ info ] info
[ info ] [ LOG ] INIT File
[ info ] info
[ info ] [ LOG ] INIT File
[ info ] info
[ info ] [ LOG ] INIT File
[ info ] info
[ info ] [ LOG ] INIT File
[ info ] info
[ info ] [ LOG ] INIT File
[ info ] info
[ info ] [ LOG ] INIT File
[ info ] info
[ info ] [ LOG ] INIT File
[ info ] info
[ error ] [2]strtolower() expects parameter 1 to be string, array given[F:\shoppings\shoppings\thinkphp\library\think\Route.php:242]
[ error ] [8]未定义数组下标: 1[F:\shoppings\shoppings\thinkphp\library\think\Route.php:215]
[ error ] [8]未定义数组下标: 1[F:\shoppings\shoppings\thinkphp\library\think\Route.php:215]
[ error ] [8]未定义数组下标: 1[F:\shoppings\shoppings\thinkphp\library\think\Route.php:215]
[ error ] [8]未定义数组下标: 1[F:\shoppings\shoppings\thinkphp\library\think\Route.php:215]
[ sql ] [ DB ] CONNECT:[ UseTime:0.000000s ] mysql:host=127.0.0.1;port=3306;dbname=xin;charset=utf8
[ sql ] [ SQL ] SHOW COLUMNS FROM `web_torder` [ RunTime:0.008000s ]
[ sql ] [ SQL ] SELECT `a`.*,`b`.`name_bei`,`b`.`name_tian`,`b`.`title` FROM `web_torder` `a` INNER JOIN `web_product` `b` ON `a`.`pid`=`b`.`id` WHERE  `a`.`status` = 1  AND `a`.`type` = 0 [ RunTime:0.046000s ]
[ sql ] [ SQL ] UPDATE `web_torder`  SET `real`=116.68666666667  WHERE  `id` = 70 [ RunTime:0.000000s ]
[ sql ] [ SQL ] SHOW COLUMNS FROM `web_bonus` [ RunTime:0.041000s ]
[ sql ] [ SQL ] INSERT INTO `web_bonus` (`uid` , `create_date` , `type` , `money` , `order_id`) VALUES (9 , '1512434842' , 5 , 16.666666666667 , 70) [ RunTime:0.001000s ]
[ sql ] [ SQL ] SHOW COLUMNS FROM `web_member` [ RunTime:0.013000s ]
[ sql ] [ SQL ] SELECT * FROM `web_member` WHERE  `id` = 9 LIMIT 1 [ RunTime:0.001000s ]
[ sql ] [ SQL ] UPDATE `web_member`  SET `money`=4716.6466666667,`real`=816.64666666667,`frozenmoney`=3183.3533333333  WHERE  `id` = 9 [ RunTime:0.000000s ]
[ sql ] [ SQL ] UPDATE `web_torder`  SET `real`=116.68666666667  WHERE  `id` = 71 [ RunTime:0.031000s ]
[ sql ] [ SQL ] INSERT INTO `web_bonus` (`uid` , `create_date` , `type` , `money` , `order_id`) VALUES (8 , '1512434842' , 5 , 16.666666666667 , 71) [ RunTime:0.026000s ]
[ sql ] [ SQL ] SELECT * FROM `web_member` WHERE  `id` = 8 LIMIT 1 [ RunTime:0.000000s ]
[ sql ] [ SQL ] UPDATE `web_member`  SET `money`=9116.6866666667,`real`=116.68666666667,`frozenmoney`=383.31333333333  WHERE  `id` = 8 [ RunTime:0.031000s ]
[ sql ] [ SQL ] UPDATE `web_torder`  SET `real`=116.68666666667  WHERE  `id` = 72 [ RunTime:0.024000s ]
[ sql ] [ SQL ] INSERT INTO `web_bonus` (`uid` , `create_date` , `type` , `money` , `order_id`) VALUES (9 , '1512434842' , 5 , 16.666666666667 , 72) [ RunTime:0.032000s ]
[ sql ] [ SQL ] SELECT * FROM `web_member` WHERE  `id` = 9 LIMIT 1 [ RunTime:0.002000s ]
[ sql ] [ SQL ] UPDATE `web_member`  SET `money`=4733.3166666667,`real`=833.31666666667,`frozenmoney`=3166.6833333333  WHERE  `id` = 9 [ RunTime:0.023000s ]
[ sql ] [ SQL ] UPDATE `web_torder`  SET `real`=233.31333333333  WHERE  `id` = 73 [ RunTime:0.031000s ]
[ sql ] [ SQL ] INSERT INTO `web_bonus` (`uid` , `create_date` , `type` , `money` , `order_id`) VALUES (9 , '1512434842' , 5 , 33.333333333333 , 73) [ RunTime:0.025000s ]
[ sql ] [ SQL ] SELECT * FROM `web_member` WHERE  `id` = 9 LIMIT 1 [ RunTime:0.002000s ]
[ sql ] [ SQL ] UPDATE `web_member`  SET `money`=4766.6533333333,`real`=866.65333333333,`frozenmoney`=3133.3466666667  WHERE  `id` = 9 [ RunTime:0.031000s ]
[ sql ] [ SQL ] UPDATE `web_torder`  SET `real`=116.68666666667  WHERE  `id` = 74 [ RunTime:0.025000s ]
[ sql ] [ SQL ] INSERT INTO `web_bonus` (`uid` , `create_date` , `type` , `money` , `order_id`) VALUES (7 , '1512434842' , 5 , 16.666666666667 , 74) [ RunTime:0.032000s ]
[ sql ] [ SQL ] SELECT * FROM `web_member` WHERE  `id` = 7 LIMIT 1 [ RunTime:0.001000s ]
[ sql ] [ SQL ] UPDATE `web_member`  SET `money`=9116.6866666667,`real`=116.68666666667,`frozenmoney`=383.31333333333  WHERE  `id` = 7 [ RunTime:0.024000s ]
[ sql ] [ SQL ] UPDATE `web_torder`  SET `real`=233.31333333333  WHERE  `id` = 75 [ RunTime:0.031000s ]
[ sql ] [ SQL ] INSERT INTO `web_bonus` (`uid` , `create_date` , `type` , `money` , `order_id`) VALUES (9 , '1512434842' , 5 , 33.333333333333 , 75) [ RunTime:0.026000s ]
[ sql ] [ SQL ] SELECT * FROM `web_member` WHERE  `id` = 9 LIMIT 1 [ RunTime:0.001000s ]
[ sql ] [ SQL ] UPDATE `web_member`  SET `money`=4799.9833333333,`real`=899.98333333333,`frozenmoney`=3100.0166666667  WHERE  `id` = 9 [ RunTime:0.030000s ]
[ sql ] [ SQL ] UPDATE `web_torder`  SET `real`=116.68666666667  WHERE  `id` = 76 [ RunTime:0.024000s ]
[ sql ] [ SQL ] INSERT INTO `web_bonus` (`uid` , `create_date` , `type` , `money` , `order_id`) VALUES (6 , '1512434842' , 5 , 16.666666666667 , 76) [ RunTime:0.033000s ]
[ sql ] [ SQL ] SELECT * FROM `web_member` WHERE  `id` = 6 LIMIT 1 [ RunTime:0.001000s ]
[ sql ] [ SQL ] UPDATE `web_member`  SET `money`=9216.7066666667,`real`=216.70666666667,`frozenmoney`=783.29333333333  WHERE  `id` = 6 [ RunTime:0.034000s ]
[ sql ] [ SQL ] UPDATE `web_torder`  SET `real`=233.31333333333  WHERE  `id` = 77 [ RunTime:0.028000s ]
[ sql ] [ SQL ] INSERT INTO `web_bonus` (`uid` , `create_date` , `type` , `money` , `order_id`) VALUES (9 , '1512434842' , 5 , 33.333333333333 , 77) [ RunTime:0.026000s ]
[ sql ] [ SQL ] SELECT * FROM `web_member` WHERE  `id` = 9 LIMIT 1 [ RunTime:0.001000s ]
[ sql ] [ SQL ] UPDATE `web_member`  SET `money`=4833.3133333333,`real`=933.31333333333,`frozenmoney`=3066.6866666667  WHERE  `id` = 9 [ RunTime:0.032000s ]
[ sql ] [ SQL ] UPDATE `web_torder`  SET `real`=116.68666666667  WHERE  `id` = 78 [ RunTime:0.026000s ]
[ sql ] [ SQL ] INSERT INTO `web_bonus` (`uid` , `create_date` , `type` , `money` , `order_id`) VALUES (6 , '1512434842' , 5 , 16.666666666667 , 78) [ RunTime:0.032000s ]
[ sql ] [ SQL ] SELECT * FROM `web_member` WHERE  `id` = 6 LIMIT 1 [ RunTime:0.001000s ]
[ sql ] [ SQL ] UPDATE `web_member`  SET `money`=9233.3766666667,`real`=233.37666666667,`frozenmoney`=766.62333333333  WHERE  `id` = 6 [ RunTime:0.023000s ]
---------------------------------------------------------------
[ 2017-12-05T08:50:32+08:00 ] 192.168.1.24 192.168.1.24 GET /index/Distribute
[ info ] 192.168.1.24:3361/index/Distribute [运行时间：0.839000s][吞吐率：1.19req/s] [内存消耗：2,043.86kb] [文件加载：54]
[ info ] [ LANG ] F:\shoppings\shoppings\thinkphp\lang\zh-cn.php
[ info ] [ ROUTE ] array (
  'type' => 'module',
  'module' => 
  array (
    0 => 'index',
    1 => 'Distribute',
    2 => NULL,
  ),
)
[ info ] [ HEADER ] array (
  'cookie' => 'thinkphp_show_page_trace=0|0; PHPSESSID=78vkak81rkts03q5h9t4g0tmh6; thinkphp_show_page_trace=0|0',
  'accept-language' => 'zh-CN,zh;q=0.9',
  'accept-encoding' => 'gzip, deflate',
  'accept' => 'text/html,application/xhtml+xml,application/xml;q=0.9,image/webp,image/apng,*/*;q=0.8',
  'upgrade-insecure-requests' => '1',
  'user-agent' => 'Mozilla/5.0 (Windows NT 6.1; WOW64) AppleWebKit/537.36 (KHTML, like Gecko) Chrome/62.0.3202.94 Safari/537.36',
  'cache-control' => 'max-age=0',
  'connection' => 'close',
  'host' => '192.168.1.24:3361',
)
[ info ] [ PARAM ] array (
)
[ info ] [ RUN ] app\index\controller\Distribute->index[ F:\shoppings\shoppings\application\index\controller\Distribute.php ]
[ info ] [ DB ] INIT mysql
[ info ] [ CACHE ] INIT File
[ info ] [ LOG ] INIT File
[ info ] info
[ info ] [ LOG ] INIT File
[ info ] info
[ info ] [ LOG ] INIT File
[ info ] info
[ info ] [ LOG ] INIT File
[ info ] info
[ info ] [ LOG ] INIT File
[ info ] info
[ info ] [ LOG ] INIT File
[ info ] info
[ info ] [ LOG ] INIT File
[ info ] info
[ info ] [ LOG ] INIT File
[ info ] info
[ info ] [ LOG ] INIT File
[ info ] info
[ error ] [2]strtolower() expects parameter 1 to be string, array given[F:\shoppings\shoppings\thinkphp\library\think\Route.php:242]
[ error ] [8]未定义数组下标: 1[F:\shoppings\shoppings\thinkphp\library\think\Route.php:215]
[ error ] [8]未定义数组下标: 1[F:\shoppings\shoppings\thinkphp\library\think\Route.php:215]
[ error ] [8]未定义数组下标: 1[F:\shoppings\shoppings\thinkphp\library\think\Route.php:215]
[ error ] [8]未定义数组下标: 1[F:\shoppings\shoppings\thinkphp\library\think\Route.php:215]
[ sql ] [ DB ] CONNECT:[ UseTime:0.001000s ] mysql:host=127.0.0.1;port=3306;dbname=xin;charset=utf8
[ sql ] [ SQL ] SHOW COLUMNS FROM `web_torder` [ RunTime:0.014000s ]
[ sql ] [ SQL ] SELECT `a`.*,`b`.`name_bei`,`b`.`name_tian`,`b`.`title` FROM `web_torder` `a` INNER JOIN `web_product` `b` ON `a`.`pid`=`b`.`id` WHERE  `a`.`status` = 1  AND `a`.`type` = 0 [ RunTime:0.001000s ]
[ sql ] [ SQL ] UPDATE `web_torder`  SET `real`=133.35666666667  WHERE  `id` = 70 [ RunTime:0.000000s ]
[ sql ] [ SQL ] SHOW COLUMNS FROM `web_bonus` [ RunTime:0.014000s ]
[ sql ] [ SQL ] INSERT INTO `web_bonus` (`uid` , `create_date` , `type` , `money` , `order_id`) VALUES (9 , '1512435032' , 5 , 16.666666666667 , 70) [ RunTime:0.001000s ]
[ sql ] [ SQL ] SHOW COLUMNS FROM `web_member` [ RunTime:0.015000s ]
[ sql ] [ SQL ] SELECT * FROM `web_member` WHERE  `id` = 9 LIMIT 1 [ RunTime:0.001000s ]
[ sql ] [ SQL ] UPDATE `web_member`  SET `money`=4849.9766666667,`real`=949.97666666667,`frozenmoney`=3050.0233333333  WHERE  `id` = 9 [ RunTime:0.001000s ]
[ sql ] [ SQL ] UPDATE `web_torder`  SET `real`=133.35666666667  WHERE  `id` = 71 [ RunTime:0.031000s ]
[ sql ] [ SQL ] INSERT INTO `web_bonus` (`uid` , `create_date` , `type` , `money` , `order_id`) VALUES (8 , '1512435032' , 5 , 16.666666666667 , 71) [ RunTime:0.026000s ]
[ sql ] [ SQL ] SELECT * FROM `web_member` WHERE  `id` = 8 LIMIT 1 [ RunTime:0.001000s ]
[ sql ] [ SQL ] UPDATE `web_member`  SET `money`=9133.3566666667,`real`=133.35666666667,`frozenmoney`=366.64333333333  WHERE  `id` = 8 [ RunTime:0.031000s ]
[ sql ] [ SQL ] UPDATE `web_torder`  SET `real`=133.35666666667  WHERE  `id` = 72 [ RunTime:0.025000s ]
[ sql ] [ SQL ] INSERT INTO `web_bonus` (`uid` , `create_date` , `type` , `money` , `order_id`) VALUES (9 , '1512435032' , 5 , 16.666666666667 , 72) [ RunTime:0.032000s ]
[ sql ] [ SQL ] SELECT * FROM `web_member` WHERE  `id` = 9 LIMIT 1 [ RunTime:0.000000s ]
[ sql ] [ SQL ] UPDATE `web_member`  SET `money`=4866.6466666667,`real`=966.64666666667,`frozenmoney`=3033.3533333333  WHERE  `id` = 9 [ RunTime:0.025000s ]
[ sql ] [ SQL ] UPDATE `web_torder`  SET `real`=266.64333333333  WHERE  `id` = 73 [ RunTime:0.032000s ]
[ sql ] [ SQL ] INSERT INTO `web_bonus` (`uid` , `create_date` , `type` , `money` , `order_id`) VALUES (9 , '1512435032' , 5 , 33.333333333333 , 73) [ RunTime:0.043000s ]
[ sql ] [ SQL ] SELECT * FROM `web_member` WHERE  `id` = 9 LIMIT 1 [ RunTime:0.001000s ]
[ sql ] [ SQL ] UPDATE `web_member`  SET `money`=4899.9833333333,`real`=999.98333333333,`frozenmoney`=3000.0166666667  WHERE  `id` = 9 [ RunTime:0.031000s ]
[ sql ] [ SQL ] UPDATE `web_torder`  SET `real`=133.35666666667  WHERE  `id` = 74 [ RunTime:0.026000s ]
[ sql ] [ SQL ] INSERT INTO `web_bonus` (`uid` , `create_date` , `type` , `money` , `order_id`) VALUES (7 , '1512435032' , 5 , 16.666666666667 , 74) [ RunTime:0.032000s ]
[ sql ] [ SQL ] SELECT * FROM `web_member` WHERE  `id` = 7 LIMIT 1 [ RunTime:0.000000s ]
[ sql ] [ SQL ] UPDATE `web_member`  SET `money`=9133.3566666667,`real`=133.35666666667,`frozenmoney`=366.64333333333  WHERE  `id` = 7 [ RunTime:0.025000s ]
[ sql ] [ SQL ] UPDATE `web_torder`  SET `real`=266.64333333333  WHERE  `id` = 75 [ RunTime:0.032000s ]
[ sql ] [ SQL ] INSERT INTO `web_bonus` (`uid` , `create_date` , `type` , `money` , `order_id`) VALUES (9 , '1512435032' , 5 , 33.333333333333 , 75) [ RunTime:0.026000s ]
[ sql ] [ SQL ] SELECT * FROM `web_member` WHERE  `id` = 9 LIMIT 1 [ RunTime:0.000000s ]
[ sql ] [ SQL ] UPDATE `web_member`  SET `money`=4933.3133333333,`real`=1033.3133333333,`frozenmoney`=2966.6866666667  WHERE  `id` = 9 [ RunTime:0.031000s ]
[ sql ] [ SQL ] UPDATE `web_torder`  SET `real`=133.35666666667  WHERE  `id` = 76 [ RunTime:0.026000s ]
[ sql ] [ SQL ] INSERT INTO `web_bonus` (`uid` , `create_date` , `type` , `money` , `order_id`) VALUES (6 , '1512435032' , 5 , 16.666666666667 , 76) [ RunTime:0.032000s ]
[ sql ] [ SQL ] SELECT * FROM `web_member` WHERE  `id` = 6 LIMIT 1 [ RunTime:0.000000s ]
[ sql ] [ SQL ] UPDATE `web_member`  SET `money`=9250.0466666667,`real`=250.04666666667,`frozenmoney`=749.95333333333  WHERE  `id` = 6 [ RunTime:0.025000s ]
[ sql ] [ SQL ] UPDATE `web_torder`  SET `real`=266.64333333333  WHERE  `id` = 77 [ RunTime:0.032000s ]
[ sql ] [ SQL ] INSERT INTO `web_bonus` (`uid` , `create_date` , `type` , `money` , `order_id`) VALUES (9 , '1512435032' , 5 , 33.333333333333 , 77) [ RunTime:0.026000s ]
[ sql ] [ SQL ] SELECT * FROM `web_member` WHERE  `id` = 9 LIMIT 1 [ RunTime:0.000000s ]
[ sql ] [ SQL ] UPDATE `web_member`  SET `money`=4966.6433333333,`real`=1066.6433333333,`frozenmoney`=2933.3566666667  WHERE  `id` = 9 [ RunTime:0.031000s ]
[ sql ] [ SQL ] UPDATE `web_torder`  SET `real`=133.35666666667  WHERE  `id` = 78 [ RunTime:0.026000s ]
[ sql ] [ SQL ] INSERT INTO `web_bonus` (`uid` , `create_date` , `type` , `money` , `order_id`) VALUES (6 , '1512435032' , 5 , 16.666666666667 , 78) [ RunTime:0.032000s ]
[ sql ] [ SQL ] SELECT * FROM `web_member` WHERE  `id` = 6 LIMIT 1 [ RunTime:0.000000s ]
[ sql ] [ SQL ] UPDATE `web_member`  SET `money`=9266.7166666667,`real`=266.71666666667,`frozenmoney`=733.28333333333  WHERE  `id` = 6 [ RunTime:0.025000s ]
---------------------------------------------------------------
[ 2017-12-05T08:52:12+08:00 ] 192.168.1.24 192.168.1.24 GET /index/Distribute
[ info ] 192.168.1.24:3361/index/Distribute [运行时间：0.837000s][吞吐率：1.19req/s] [内存消耗：2,043.86kb] [文件加载：54]
[ info ] [ LANG ] F:\shoppings\shoppings\thinkphp\lang\zh-cn.php
[ info ] [ ROUTE ] array (
  'type' => 'module',
  'module' => 
  array (
    0 => 'index',
    1 => 'Distribute',
    2 => NULL,
  ),
)
[ info ] [ HEADER ] array (
  'cookie' => 'thinkphp_show_page_trace=0|0; PHPSESSID=78vkak81rkts03q5h9t4g0tmh6; thinkphp_show_page_trace=0|0',
  'accept-language' => 'zh-CN,zh;q=0.9',
  'accept-encoding' => 'gzip, deflate',
  'accept' => 'text/html,application/xhtml+xml,application/xml;q=0.9,image/webp,image/apng,*/*;q=0.8',
  'upgrade-insecure-requests' => '1',
  'user-agent' => 'Mozilla/5.0 (Windows NT 6.1; WOW64) AppleWebKit/537.36 (KHTML, like Gecko) Chrome/62.0.3202.94 Safari/537.36',
  'cache-control' => 'max-age=0',
  'connection' => 'close',
  'host' => '192.168.1.24:3361',
)
[ info ] [ PARAM ] array (
)
[ info ] [ RUN ] app\index\controller\Distribute->index[ F:\shoppings\shoppings\application\index\controller\Distribute.php ]
[ info ] [ DB ] INIT mysql
[ info ] [ CACHE ] INIT File
[ info ] [ LOG ] INIT File
[ info ] info
[ info ] [ LOG ] INIT File
[ info ] info
[ info ] [ LOG ] INIT File
[ info ] info
[ info ] [ LOG ] INIT File
[ info ] info
[ info ] [ LOG ] INIT File
[ info ] info
[ info ] [ LOG ] INIT File
[ info ] info
[ info ] [ LOG ] INIT File
[ info ] info
[ info ] [ LOG ] INIT File
[ info ] info
[ info ] [ LOG ] INIT File
[ info ] info
[ error ] [2]strtolower() expects parameter 1 to be string, array given[F:\shoppings\shoppings\thinkphp\library\think\Route.php:242]
[ error ] [8]未定义数组下标: 1[F:\shoppings\shoppings\thinkphp\library\think\Route.php:215]
[ error ] [8]未定义数组下标: 1[F:\shoppings\shoppings\thinkphp\library\think\Route.php:215]
[ error ] [8]未定义数组下标: 1[F:\shoppings\shoppings\thinkphp\library\think\Route.php:215]
[ error ] [8]未定义数组下标: 1[F:\shoppings\shoppings\thinkphp\library\think\Route.php:215]
[ sql ] [ DB ] CONNECT:[ UseTime:0.001000s ] mysql:host=127.0.0.1;port=3306;dbname=xin;charset=utf8
[ sql ] [ SQL ] SHOW COLUMNS FROM `web_torder` [ RunTime:0.012000s ]
[ sql ] [ SQL ] SELECT `a`.*,`b`.`name_bei`,`b`.`name_tian`,`b`.`title` FROM `web_torder` `a` INNER JOIN `web_product` `b` ON `a`.`pid`=`b`.`id` WHERE  `a`.`status` = 1  AND `a`.`type` = 0 [ RunTime:0.000000s ]
[ sql ] [ SQL ] UPDATE `web_torder`  SET `real`=150.02666666667  WHERE  `id` = 70 [ RunTime:0.001000s ]
[ sql ] [ SQL ] SHOW COLUMNS FROM `web_bonus` [ RunTime:0.011000s ]
[ sql ] [ SQL ] INSERT INTO `web_bonus` (`uid` , `create_date` , `type` , `money` , `order_id`) VALUES (9 , '1512435132' , 5 , 16.666666666667 , 70) [ RunTime:0.000000s ]
[ sql ] [ SQL ] SHOW COLUMNS FROM `web_member` [ RunTime:0.011000s ]
[ sql ] [ SQL ] SELECT * FROM `web_member` WHERE  `id` = 9 LIMIT 1 [ RunTime:0.000000s ]
[ sql ] [ SQL ] UPDATE `web_member`  SET `money`=4983.3066666667,`real`=1083.3066666667,`frozenmoney`=2916.6933333333  WHERE  `id` = 9 [ RunTime:0.000000s ]
[ sql ] [ SQL ] UPDATE `web_torder`  SET `real`=150.02666666667  WHERE  `id` = 71 [ RunTime:0.031000s ]
[ sql ] [ SQL ] INSERT INTO `web_bonus` (`uid` , `create_date` , `type` , `money` , `order_id`) VALUES (8 , '1512435132' , 5 , 16.666666666667 , 71) [ RunTime:0.034000s ]
[ sql ] [ SQL ] SELECT * FROM `web_member` WHERE  `id` = 8 LIMIT 1 [ RunTime:0.001000s ]
[ sql ] [ SQL ] UPDATE `web_member`  SET `money`=9150.0266666667,`real`=150.02666666667,`frozenmoney`=349.97333333333  WHERE  `id` = 8 [ RunTime:0.030000s ]
[ sql ] [ SQL ] UPDATE `web_torder`  SET `real`=150.02666666667  WHERE  `id` = 72 [ RunTime:0.025000s ]
[ sql ] [ SQL ] INSERT INTO `web_bonus` (`uid` , `create_date` , `type` , `money` , `order_id`) VALUES (9 , '1512435132' , 5 , 16.666666666667 , 72) [ RunTime:0.032000s ]
[ sql ] [ SQL ] SELECT * FROM `web_member` WHERE  `id` = 9 LIMIT 1 [ RunTime:0.001000s ]
[ sql ] [ SQL ] UPDATE `web_member`  SET `money`=4999.9766666667,`real`=1099.9766666667,`frozenmoney`=2900.0233333333  WHERE  `id` = 9 [ RunTime:0.023000s ]
[ sql ] [ SQL ] UPDATE `web_torder`  SET `real`=299.97333333333  WHERE  `id` = 73 [ RunTime:0.040000s ]
[ sql ] [ SQL ] INSERT INTO `web_bonus` (`uid` , `create_date` , `type` , `money` , `order_id`) VALUES (9 , '1512435132' , 5 , 33.333333333333 , 73) [ RunTime:0.026000s ]
[ sql ] [ SQL ] SELECT * FROM `web_member` WHERE  `id` = 9 LIMIT 1 [ RunTime:0.001000s ]
[ sql ] [ SQL ] UPDATE `web_member`  SET `money`=5033.3133333333,`real`=1133.3133333333,`frozenmoney`=2866.6866666667  WHERE  `id` = 9 [ RunTime:0.030000s ]
[ sql ] [ SQL ] UPDATE `web_torder`  SET `real`=150.02666666667  WHERE  `id` = 74 [ RunTime:0.024000s ]
[ sql ] [ SQL ] INSERT INTO `web_bonus` (`uid` , `create_date` , `type` , `money` , `order_id`) VALUES (7 , '1512435132' , 5 , 16.666666666667 , 74) [ RunTime:0.033000s ]
[ sql ] [ SQL ] SELECT * FROM `web_member` WHERE  `id` = 7 LIMIT 1 [ RunTime:0.001000s ]
[ sql ] [ SQL ] UPDATE `web_member`  SET `money`=9150.0266666667,`real`=150.02666666667,`frozenmoney`=349.97333333333  WHERE  `id` = 7 [ RunTime:0.024000s ]
[ sql ] [ SQL ] UPDATE `web_torder`  SET `real`=299.97333333333  WHERE  `id` = 75 [ RunTime:0.040000s ]
[ sql ] [ SQL ] INSERT INTO `web_bonus` (`uid` , `create_date` , `type` , `money` , `order_id`) VALUES (9 , '1512435132' , 5 , 33.333333333333 , 75) [ RunTime:0.026000s ]
[ sql ] [ SQL ] SELECT * FROM `web_member` WHERE  `id` = 9 LIMIT 1 [ RunTime:0.001000s ]
[ sql ] [ SQL ] UPDATE `web_member`  SET `money`=5066.6433333333,`real`=1166.6433333333,`frozenmoney`=2833.3566666667  WHERE  `id` = 9 [ RunTime:0.032000s ]
[ sql ] [ SQL ] UPDATE `web_torder`  SET `real`=150.02666666667  WHERE  `id` = 76 [ RunTime:0.025000s ]
[ sql ] [ SQL ] INSERT INTO `web_bonus` (`uid` , `create_date` , `type` , `money` , `order_id`) VALUES (6 , '1512435132' , 5 , 16.666666666667 , 76) [ RunTime:0.032000s ]
[ sql ] [ SQL ] SELECT * FROM `web_member` WHERE  `id` = 6 LIMIT 1 [ RunTime:0.001000s ]
[ sql ] [ SQL ] UPDATE `web_member`  SET `money`=9283.3866666667,`real`=283.38666666667,`frozenmoney`=716.61333333333  WHERE  `id` = 6 [ RunTime:0.028000s ]
[ sql ] [ SQL ] UPDATE `web_torder`  SET `real`=299.97333333333  WHERE  `id` = 77 [ RunTime:0.037000s ]
[ sql ] [ SQL ] INSERT INTO `web_bonus` (`uid` , `create_date` , `type` , `money` , `order_id`) VALUES (9 , '1512435132' , 5 , 33.333333333333 , 77) [ RunTime:0.025000s ]
[ sql ] [ SQL ] SELECT * FROM `web_member` WHERE  `id` = 9 LIMIT 1 [ RunTime:0.000000s ]
[ sql ] [ SQL ] UPDATE `web_member`  SET `money`=5099.9733333333,`real`=1199.9733333333,`frozenmoney`=2800.0266666667  WHERE  `id` = 9 [ RunTime:0.031000s ]
[ sql ] [ SQL ] UPDATE `web_torder`  SET `real`=150.02666666667  WHERE  `id` = 78 [ RunTime:0.026000s ]
[ sql ] [ SQL ] INSERT INTO `web_bonus` (`uid` , `create_date` , `type` , `money` , `order_id`) VALUES (6 , '1512435132' , 5 , 16.666666666667 , 78) [ RunTime:0.032000s ]
[ sql ] [ SQL ] SELECT * FROM `web_member` WHERE  `id` = 6 LIMIT 1 [ RunTime:0.001000s ]
[ sql ] [ SQL ] UPDATE `web_member`  SET `money`=9300.0566666667,`real`=300.05666666667,`frozenmoney`=699.94333333333  WHERE  `id` = 6 [ RunTime:0.033000s ]
