[ 2017-12-05T09:10:15+08:00 ][ info ] [ LOG ] INIT File
[ 2017-12-05T09:10:15+08:00 ][ info ] info
[ 2017-12-05T09:10:15+08:00 ][ sql ] [ SQL ] UPDATE `web_torder`  SET `real`=166.69666666667  WHERE  `id` = 71 [ RunTime:0.031200s ]
[ 2017-12-05T09:10:15+08:00 ][ sql ] [ SQL ] INSERT INTO `web_bonus` (`uid` , `create_date` , `type` , `money` , `order_id`) VALUES (8 , '1512436215' , 5 , 16.666666666667 , 71) [ RunTime:0.046800s ]
[ 2017-12-05T09:10:15+08:00 ][ sql ] [ SQL ] SELECT * FROM `web_member` WHERE  `id` = 8 LIMIT 1 [ RunTime:0.000000s ]
[ 2017-12-05T09:10:15+08:00 ][ sql ] [ SQL ] UPDATE `web_member`  SET `money`=9166.6966666667,`real`=166.69666666667,`frozenmoney`=333.30333333333  WHERE  `id` = 8 [ RunTime:0.015600s ]
[ 2017-12-05T09:10:15+08:00 ][ info ] [ LOG ] INIT File
[ 2017-12-05T09:10:15+08:00 ][ info ] info
[ 2017-12-05T09:10:15+08:00 ][ sql ] [ SQL ] UPDATE `web_torder`  SET `real`=166.69666666667  WHERE  `id` = 72 [ RunTime:0.031200s ]
[ 2017-12-05T09:10:15+08:00 ][ sql ] [ SQL ] INSERT INTO `web_bonus` (`uid` , `create_date` , `type` , `money` , `order_id`) VALUES (9 , '1512436215' , 5 , 16.666666666667 , 72) [ RunTime:0.015600s ]
[ 2017-12-05T09:10:16+08:00 ][ sql ] [ SQL ] SELECT * FROM `web_member` WHERE  `id` = 9 LIMIT 1 [ RunTime:0.000000s ]
[ 2017-12-05T09:10:16+08:00 ][ sql ] [ SQL ] UPDATE `web_member`  SET `money`=5133.3066666667,`real`=1233.3066666667,`frozenmoney`=2766.6933333333  WHERE  `id` = 9 [ RunTime:0.031200s ]
[ 2017-12-05T09:10:16+08:00 ][ info ] [ LOG ] INIT File
[ 2017-12-05T09:10:16+08:00 ][ info ] info
[ 2017-12-05T09:10:16+08:00 ][ sql ] [ SQL ] UPDATE `web_torder`  SET `real`=333.30333333333  WHERE  `id` = 73 [ RunTime:0.031200s ]
[ 2017-12-05T09:10:16+08:00 ][ sql ] [ SQL ] INSERT INTO `web_bonus` (`uid` , `create_date` , `type` , `money` , `order_id`) VALUES (9 , '1512436216' , 5 , 33.333333333333 , 73) [ RunTime:0.046800s ]
[ 2017-12-05T09:10:16+08:00 ][ sql ] [ SQL ] SELECT * FROM `web_member` WHERE  `id` = 9 LIMIT 1 [ RunTime:0.000000s ]
[ 2017-12-05T09:10:16+08:00 ][ sql ] [ SQL ] UPDATE `web_member`  SET `money`=5166.6433333333,`real`=1266.6433333333,`frozenmoney`=2733.3566666667  WHERE  `id` = 9 [ RunTime:0.031200s ]
[ 2017-12-05T09:10:16+08:00 ][ info ] [ LOG ] INIT File
[ 2017-12-05T09:10:16+08:00 ][ info ] info
[ 2017-12-05T09:10:16+08:00 ][ sql ] [ SQL ] UPDATE `web_torder`  SET `real`=166.69666666667  WHERE  `id` = 74 [ RunTime:0.031200s ]
[ 2017-12-05T09:10:16+08:00 ][ sql ] [ SQL ] INSERT INTO `web_bonus` (`uid` , `create_date` , `type` , `money` , `order_id`) VALUES (7 , '1512436216' , 5 , 16.666666666667 , 74) [ RunTime:0.015600s ]
[ 2017-12-05T09:10:16+08:00 ][ sql ] [ SQL ] SELECT * FROM `web_member` WHERE  `id` = 7 LIMIT 1 [ RunTime:0.000000s ]
[ 2017-12-05T09:10:16+08:00 ][ sql ] [ SQL ] UPDATE `web_member`  SET `money`=9166.6966666667,`real`=166.69666666667,`frozenmoney`=333.30333333333  WHERE  `id` = 7 [ RunTime:0.031200s ]
[ 2017-12-05T09:10:16+08:00 ][ info ] [ LOG ] INIT File
[ 2017-12-05T09:10:16+08:00 ][ info ] info
[ 2017-12-05T09:10:16+08:00 ][ sql ] [ SQL ] UPDATE `web_torder`  SET `real`=333.30333333333  WHERE  `id` = 75 [ RunTime:0.031200s ]
[ 2017-12-05T09:10:16+08:00 ][ sql ] [ SQL ] INSERT INTO `web_bonus` (`uid` , `create_date` , `type` , `money` , `order_id`) VALUES (9 , '1512436216' , 5 , 33.333333333333 , 75) [ RunTime:0.046800s ]
[ 2017-12-05T09:10:16+08:00 ][ sql ] [ SQL ] SELECT * FROM `web_member` WHERE  `id` = 9 LIMIT 1 [ RunTime:0.000000s ]
[ 2017-12-05T09:10:16+08:00 ][ sql ] [ SQL ] UPDATE `web_member`  SET `money`=5199.9733333333,`real`=1299.9733333333,`frozenmoney`=2700.0266666667  WHERE  `id` = 9 [ RunTime:0.031200s ]
[ 2017-12-05T09:10:16+08:00 ][ info ] [ LOG ] INIT File
[ 2017-12-05T09:10:16+08:00 ][ info ] info
[ 2017-12-05T09:10:16+08:00 ][ sql ] [ SQL ] UPDATE `web_torder`  SET `real`=166.69666666667  WHERE  `id` = 76 [ RunTime:0.046800s ]
[ 2017-12-05T09:10:16+08:00 ][ sql ] [ SQL ] INSERT INTO `web_bonus` (`uid` , `create_date` , `type` , `money` , `order_id`) VALUES (6 , '1512436216' , 5 , 16.666666666667 , 76) [ RunTime:0.031200s ]
[ 2017-12-05T09:10:16+08:00 ][ sql ] [ SQL ] SELECT * FROM `web_member` WHERE  `id` = 6 LIMIT 1 [ RunTime:0.000000s ]
[ 2017-12-05T09:10:16+08:00 ][ sql ] [ SQL ] UPDATE `web_member`  SET `money`=9316.7266666667,`real`=316.72666666667,`frozenmoney`=683.27333333333  WHERE  `id` = 6 [ RunTime:0.031200s ]
[ 2017-12-05T09:10:16+08:00 ][ info ] [ LOG ] INIT File
[ 2017-12-05T09:10:16+08:00 ][ info ] info
[ 2017-12-05T09:10:16+08:00 ][ sql ] [ SQL ] UPDATE `web_torder`  SET `real`=333.30333333333  WHERE  `id` = 77 [ RunTime:0.046800s ]
[ 2017-12-05T09:10:16+08:00 ][ sql ] [ SQL ] INSERT INTO `web_bonus` (`uid` , `create_date` , `type` , `money` , `order_id`) VALUES (9 , '1512436216' , 5 , 33.333333333333 , 77) [ RunTime:0.031200s ]
[ 2017-12-05T09:10:16+08:00 ][ sql ] [ SQL ] SELECT * FROM `web_member` WHERE  `id` = 9 LIMIT 1 [ RunTime:0.000000s ]
[ 2017-12-05T09:10:16+08:00 ][ sql ] [ SQL ] UPDATE `web_member`  SET `money`=5233.3033333333,`real`=1333.3033333333,`frozenmoney`=2666.6966666667  WHERE  `id` = 9 [ RunTime:0.031200s ]
[ 2017-12-05T09:10:16+08:00 ][ info ] [ LOG ] INIT File
[ 2017-12-05T09:10:16+08:00 ][ info ] info
[ 2017-12-05T09:10:16+08:00 ][ sql ] [ SQL ] UPDATE `web_torder`  SET `real`=166.69666666667  WHERE  `id` = 78 [ RunTime:0.015600s ]
[ 2017-12-05T09:10:16+08:00 ][ sql ] [ SQL ] INSERT INTO `web_bonus` (`uid` , `create_date` , `type` , `money` , `order_id`) VALUES (6 , '1512436216' , 5 , 16.666666666667 , 78) [ RunTime:0.031200s ]
[ 2017-12-05T09:10:16+08:00 ][ sql ] [ SQL ] SELECT * FROM `web_member` WHERE  `id` = 6 LIMIT 1 [ RunTime:0.000000s ]
[ 2017-12-05T09:10:16+08:00 ][ sql ] [ SQL ] UPDATE `web_member`  SET `money`=9333.3966666667,`real`=333.39666666667,`frozenmoney`=666.60333333333  WHERE  `id` = 6 [ RunTime:0.031200s ]
[ 2017-12-05T09:10:16+08:00 ][ info ] [ LOG ] INIT File
[ 2017-12-05T09:10:16+08:00 ][ info ] info
[ 2017-12-05T09:52:31+08:00 ][ info ] [ LOG ] INIT File
[ 2017-12-05T09:52:31+08:00 ][ info ] info
[ 2017-12-05T09:52:31+08:00 ][ sql ] [ SQL ] UPDATE `web_torder`  SET `real`=16.666666666667  WHERE  `id` = 80 [ RunTime:0.024000s ]
[ 2017-12-05T09:52:31+08:00 ][ sql ] [ SQL ] INSERT INTO `web_bonus` (`uid` , `create_date` , `type` , `money` , `order_id`) VALUES (8 , '1512438751' , 5 , 16.666666666667 , 80) [ RunTime:0.031000s ]
[ 2017-12-05T09:52:31+08:00 ][ sql ] [ SQL ] SELECT * FROM `web_member` WHERE  `id` = 8 LIMIT 1 [ RunTime:0.001000s ]
[ 2017-12-05T09:52:31+08:00 ][ sql ] [ SQL ] UPDATE `web_member`  SET `money`=8100.0366666667,`real`=33.336666666667,`frozenmoney`=966.66333333333  WHERE  `id` = 8 [ RunTime:0.023000s ]
[ 2017-12-05T09:52:31+08:00 ][ info ] [ LOG ] INIT File
[ 2017-12-05T09:52:31+08:00 ][ info ] info
[ 2017-12-05T10:01:45+08:00 ][ info ] [ LOG ] INIT File
[ 2017-12-05T10:01:45+08:00 ][ info ] info
[ 2017-12-05T10:01:45+08:00 ][ sql ] [ SQL ] UPDATE `web_torder`  SET `real`=33.336666666667  WHERE  `id` = 80 [ RunTime:0.032000s ]
[ 2017-12-05T10:01:45+08:00 ][ sql ] [ SQL ] INSERT INTO `web_bonus` (`uid` , `create_date` , `type` , `money` , `order_id`) VALUES (8 , '1512439305' , 5 , 16.666666666667 , 80) [ RunTime:0.030000s ]
[ 2017-12-05T10:01:45+08:00 ][ sql ] [ SQL ] SELECT * FROM `web_member` WHERE  `id` = 8 LIMIT 1 [ RunTime:0.002000s ]
[ 2017-12-05T10:01:45+08:00 ][ sql ] [ SQL ] UPDATE `web_member`  SET `money`=8133.3766666667,`real`=66.676666666667,`frozenmoney`=933.32333333333  WHERE  `id` = 8 [ RunTime:0.034000s ]
[ 2017-12-05T10:01:45+08:00 ][ info ] [ LOG ] INIT File
[ 2017-12-05T10:01:45+08:00 ][ info ] info
[ 2017-12-05T10:01:57+08:00 ][ info ] [ LOG ] INIT File
[ 2017-12-05T10:01:57+08:00 ][ info ] info
[ 2017-12-05T10:01:57+08:00 ][ sql ] [ SQL ] UPDATE `web_torder`  SET `real`=50.006666666667  WHERE  `id` = 80 [ RunTime:0.031000s ]
[ 2017-12-05T10:01:57+08:00 ][ sql ] [ SQL ] INSERT INTO `web_bonus` (`uid` , `create_date` , `type` , `money` , `order_id`) VALUES (8 , '1512439317' , 5 , 16.666666666667 , 80) [ RunTime:0.024000s ]
[ 2017-12-05T10:01:57+08:00 ][ sql ] [ SQL ] SELECT * FROM `web_member` WHERE  `id` = 8 LIMIT 1 [ RunTime:0.001000s ]
[ 2017-12-05T10:01:57+08:00 ][ sql ] [ SQL ] UPDATE `web_member`  SET `money`=8166.7166666667,`real`=100.01666666667,`frozenmoney`=899.98333333333  WHERE  `id` = 8 [ RunTime:0.027000s ]
[ 2017-12-05T10:01:57+08:00 ][ info ] [ LOG ] INIT File
[ 2017-12-05T10:01:57+08:00 ][ info ] info
[ 2017-12-05T10:01:58+08:00 ][ info ] [ LOG ] INIT File
[ 2017-12-05T10:01:58+08:00 ][ info ] info
[ 2017-12-05T10:01:58+08:00 ][ sql ] [ SQL ] UPDATE `web_torder`  SET `real`=66.676666666667  WHERE  `id` = 80 [ RunTime:0.030000s ]
[ 2017-12-05T10:01:58+08:00 ][ sql ] [ SQL ] INSERT INTO `web_bonus` (`uid` , `create_date` , `type` , `money` , `order_id`) VALUES (8 , '1512439318' , 5 , 16.666666666667 , 80) [ RunTime:0.025000s ]
[ 2017-12-05T10:01:58+08:00 ][ sql ] [ SQL ] SELECT * FROM `web_member` WHERE  `id` = 8 LIMIT 1 [ RunTime:0.001000s ]
[ 2017-12-05T10:01:58+08:00 ][ sql ] [ SQL ] UPDATE `web_member`  SET `money`=8200.0566666667,`real`=133.35666666667,`frozenmoney`=866.64333333333  WHERE  `id` = 8 [ RunTime:0.026000s ]
[ 2017-12-05T10:01:58+08:00 ][ info ] [ LOG ] INIT File
[ 2017-12-05T10:01:58+08:00 ][ info ] info
[ 2017-12-05T10:01:59+08:00 ][ info ] [ LOG ] INIT File
[ 2017-12-05T10:01:59+08:00 ][ info ] info
[ 2017-12-05T10:01:59+08:00 ][ sql ] [ SQL ] UPDATE `web_torder`  SET `real`=83.346666666667  WHERE  `id` = 80 [ RunTime:0.030000s ]
[ 2017-12-05T10:01:59+08:00 ][ sql ] [ SQL ] INSERT INTO `web_bonus` (`uid` , `create_date` , `type` , `money` , `order_id`) VALUES (8 , '1512439319' , 5 , 16.666666666667 , 80) [ RunTime:0.025000s ]
[ 2017-12-05T10:01:59+08:00 ][ sql ] [ SQL ] SELECT * FROM `web_member` WHERE  `id` = 8 LIMIT 1 [ RunTime:0.000000s ]
[ 2017-12-05T10:01:59+08:00 ][ sql ] [ SQL ] UPDATE `web_member`  SET `money`=8233.3966666667,`real`=166.69666666667,`frozenmoney`=833.30333333333  WHERE  `id` = 8 [ RunTime:0.029000s ]
[ 2017-12-05T10:01:59+08:00 ][ info ] [ LOG ] INIT File
[ 2017-12-05T10:01:59+08:00 ][ info ] info
[ 2017-12-05T10:02:00+08:00 ][ info ] [ LOG ] INIT File
[ 2017-12-05T10:02:00+08:00 ][ info ] info
[ 2017-12-05T10:02:00+08:00 ][ sql ] [ SQL ] UPDATE `web_torder`  SET `real`=100.01666666667  WHERE  `id` = 80 [ RunTime:0.030000s ]
[ 2017-12-05T10:02:00+08:00 ][ sql ] [ SQL ] INSERT INTO `web_bonus` (`uid` , `create_date` , `type` , `money` , `order_id`) VALUES (8 , '1512439320' , 5 , 16.666666666667 , 80) [ RunTime:0.023000s ]
[ 2017-12-05T10:02:00+08:00 ][ sql ] [ SQL ] SELECT * FROM `web_member` WHERE  `id` = 8 LIMIT 1 [ RunTime:0.001000s ]
[ 2017-12-05T10:02:00+08:00 ][ sql ] [ SQL ] UPDATE `web_member`  SET `money`=8266.7366666667,`real`=200.03666666667,`frozenmoney`=799.96333333333  WHERE  `id` = 8 [ RunTime:0.027000s ]
[ 2017-12-05T10:02:00+08:00 ][ info ] [ LOG ] INIT File
[ 2017-12-05T10:02:00+08:00 ][ info ] info
[ 2017-12-05T10:02:00+08:00 ][ info ] [ LOG ] INIT File
[ 2017-12-05T10:02:00+08:00 ][ info ] info
[ 2017-12-05T10:02:00+08:00 ][ sql ] [ SQL ] UPDATE `web_torder`  SET `real`=116.68666666667  WHERE  `id` = 80 [ RunTime:0.030000s ]
[ 2017-12-05T10:02:00+08:00 ][ sql ] [ SQL ] INSERT INTO `web_bonus` (`uid` , `create_date` , `type` , `money` , `order_id`) VALUES (8 , '1512439320' , 5 , 16.666666666667 , 80) [ RunTime:0.026000s ]
[ 2017-12-05T10:02:00+08:00 ][ sql ] [ SQL ] SELECT * FROM `web_member` WHERE  `id` = 8 LIMIT 1 [ RunTime:0.002000s ]
[ 2017-12-05T10:02:00+08:00 ][ sql ] [ SQL ] UPDATE `web_member`  SET `money`=8300.0766666667,`real`=233.37666666667,`frozenmoney`=766.62333333333  WHERE  `id` = 8 [ RunTime:0.031000s ]
[ 2017-12-05T10:02:00+08:00 ][ info ] [ LOG ] INIT File
[ 2017-12-05T10:02:00+08:00 ][ info ] info
[ 2017-12-05T10:02:01+08:00 ][ info ] [ LOG ] INIT File
[ 2017-12-05T10:02:01+08:00 ][ info ] info
[ 2017-12-05T10:02:01+08:00 ][ sql ] [ SQL ] UPDATE `web_torder`  SET `real`=133.35666666667  WHERE  `id` = 80 [ RunTime:0.026000s ]
[ 2017-12-05T10:02:01+08:00 ][ sql ] [ SQL ] INSERT INTO `web_bonus` (`uid` , `create_date` , `type` , `money` , `order_id`) VALUES (8 , '1512439321' , 5 , 16.666666666667 , 80) [ RunTime:0.024000s ]
[ 2017-12-05T10:02:01+08:00 ][ sql ] [ SQL ] SELECT * FROM `web_member` WHERE  `id` = 8 LIMIT 1 [ RunTime:0.002000s ]
[ 2017-12-05T10:02:01+08:00 ][ sql ] [ SQL ] UPDATE `web_member`  SET `money`=8333.4166666667,`real`=266.71666666667,`frozenmoney`=733.28333333333  WHERE  `id` = 8 [ RunTime:0.029000s ]
[ 2017-12-05T10:02:01+08:00 ][ info ] [ LOG ] INIT File
[ 2017-12-05T10:02:01+08:00 ][ info ] info
[ 2017-12-05T10:02:02+08:00 ][ info ] [ LOG ] INIT File
[ 2017-12-05T10:02:02+08:00 ][ info ] info
[ 2017-12-05T10:02:02+08:00 ][ sql ] [ SQL ] UPDATE `web_torder`  SET `real`=150.02666666667  WHERE  `id` = 80 [ RunTime:0.029000s ]
[ 2017-12-05T10:02:02+08:00 ][ sql ] [ SQL ] INSERT INTO `web_bonus` (`uid` , `create_date` , `type` , `money` , `order_id`) VALUES (8 , '1512439322' , 5 , 16.666666666667 , 80) [ RunTime:0.025000s ]
[ 2017-12-05T10:02:02+08:00 ][ sql ] [ SQL ] SELECT * FROM `web_member` WHERE  `id` = 8 LIMIT 1 [ RunTime:0.000000s ]
[ 2017-12-05T10:02:02+08:00 ][ sql ] [ SQL ] UPDATE `web_member`  SET `money`=8366.7566666667,`real`=300.05666666667,`frozenmoney`=699.94333333333  WHERE  `id` = 8 [ RunTime:0.028000s ]
[ 2017-12-05T10:02:02+08:00 ][ info ] [ LOG ] INIT File
[ 2017-12-05T10:02:02+08:00 ][ info ] info
[ 2017-12-05T10:02:02+08:00 ][ info ] [ LOG ] INIT File
[ 2017-12-05T10:02:02+08:00 ][ info ] info
[ 2017-12-05T10:02:02+08:00 ][ sql ] [ SQL ] UPDATE `web_torder`  SET `real`=166.69666666667  WHERE  `id` = 80 [ RunTime:0.030000s ]
[ 2017-12-05T10:02:03+08:00 ][ sql ] [ SQL ] INSERT INTO `web_bonus` (`uid` , `create_date` , `type` , `money` , `order_id`) VALUES (8 , '1512439322' , 5 , 16.666666666667 , 80) [ RunTime:0.022000s ]
[ 2017-12-05T10:02:03+08:00 ][ sql ] [ SQL ] SELECT * FROM `web_member` WHERE  `id` = 8 LIMIT 1 [ RunTime:0.001000s ]
[ 2017-12-05T10:02:03+08:00 ][ sql ] [ SQL ] UPDATE `web_member`  SET `money`=8400.0966666667,`real`=333.39666666667,`frozenmoney`=666.60333333333  WHERE  `id` = 8 [ RunTime:0.029000s ]
[ 2017-12-05T10:02:03+08:00 ][ info ] [ LOG ] INIT File
[ 2017-12-05T10:02:03+08:00 ][ info ] info
[ 2017-12-05T10:02:03+08:00 ][ info ] [ LOG ] INIT File
[ 2017-12-05T10:02:03+08:00 ][ info ] info
[ 2017-12-05T10:02:03+08:00 ][ sql ] [ SQL ] UPDATE `web_torder`  SET `real`=183.36666666667  WHERE  `id` = 80 [ RunTime:0.024000s ]
[ 2017-12-05T10:02:03+08:00 ][ sql ] [ SQL ] INSERT INTO `web_bonus` (`uid` , `create_date` , `type` , `money` , `order_id`) VALUES (8 , '1512439323' , 5 , 16.666666666667 , 80) [ RunTime:0.030000s ]
[ 2017-12-05T10:02:03+08:00 ][ sql ] [ SQL ] SELECT * FROM `web_member` WHERE  `id` = 8 LIMIT 1 [ RunTime:0.001000s ]
[ 2017-12-05T10:02:03+08:00 ][ sql ] [ SQL ] UPDATE `web_member`  SET `money`=8433.4366666667,`real`=366.73666666667,`frozenmoney`=633.26333333333  WHERE  `id` = 8 [ RunTime:0.026000s ]
[ 2017-12-05T10:02:03+08:00 ][ info ] [ LOG ] INIT File
[ 2017-12-05T10:02:03+08:00 ][ info ] info
[ 2017-12-05T10:02:30+08:00 ][ info ] [ LOG ] INIT File
[ 2017-12-05T10:02:30+08:00 ][ info ] info
[ 2017-12-05T10:02:30+08:00 ][ sql ] [ SQL ] UPDATE `web_torder`  SET `real`=200.03666666667  WHERE  `id` = 80 [ RunTime:0.030000s ]
[ 2017-12-05T10:02:30+08:00 ][ sql ] [ SQL ] INSERT INTO `web_bonus` (`uid` , `create_date` , `type` , `money` , `order_id`) VALUES (8 , '1512439350' , 5 , 16.666666666667 , 80) [ RunTime:0.023000s ]
[ 2017-12-05T10:02:30+08:00 ][ sql ] [ SQL ] SELECT * FROM `web_member` WHERE  `id` = 8 LIMIT 1 [ RunTime:0.002000s ]
[ 2017-12-05T10:02:30+08:00 ][ sql ] [ SQL ] UPDATE `web_member`  SET `money`=8466.7766666667,`real`=400.07666666667,`frozenmoney`=599.92333333333  WHERE  `id` = 8 [ RunTime:0.033000s ]
[ 2017-12-05T10:02:30+08:00 ][ info ] [ LOG ] INIT File
[ 2017-12-05T10:02:30+08:00 ][ info ] info
[ 2017-12-05T10:02:31+08:00 ][ info ] [ LOG ] INIT File
[ 2017-12-05T10:02:31+08:00 ][ info ] info
[ 2017-12-05T10:02:31+08:00 ][ sql ] [ SQL ] UPDATE `web_torder`  SET `real`=216.70666666667  WHERE  `id` = 80 [ RunTime:0.031000s ]
[ 2017-12-05T10:02:31+08:00 ][ sql ] [ SQL ] INSERT INTO `web_bonus` (`uid` , `create_date` , `type` , `money` , `order_id`) VALUES (8 , '1512439351' , 5 , 16.666666666667 , 80) [ RunTime:0.023000s ]
[ 2017-12-05T10:02:31+08:00 ][ sql ] [ SQL ] SELECT * FROM `web_member` WHERE  `id` = 8 LIMIT 1 [ RunTime:0.001000s ]
[ 2017-12-05T10:02:31+08:00 ][ sql ] [ SQL ] UPDATE `web_member`  SET `money`=8500.1166666667,`real`=433.41666666667,`frozenmoney`=566.58333333333  WHERE  `id` = 8 [ RunTime:0.027000s ]
[ 2017-12-05T10:02:31+08:00 ][ info ] [ LOG ] INIT File
[ 2017-12-05T10:02:31+08:00 ][ info ] info
[ 2017-12-05T10:02:31+08:00 ][ info ] [ LOG ] INIT File
[ 2017-12-05T10:02:31+08:00 ][ info ] info
[ 2017-12-05T10:02:31+08:00 ][ sql ] [ SQL ] UPDATE `web_torder`  SET `real`=233.37666666667  WHERE  `id` = 80 [ RunTime:0.031000s ]
[ 2017-12-05T10:02:31+08:00 ][ sql ] [ SQL ] INSERT INTO `web_bonus` (`uid` , `create_date` , `type` , `money` , `order_id`) VALUES (8 , '1512439351' , 5 , 16.666666666667 , 80) [ RunTime:0.024000s ]
[ 2017-12-05T10:02:31+08:00 ][ sql ] [ SQL ] SELECT * FROM `web_member` WHERE  `id` = 8 LIMIT 1 [ RunTime:0.001000s ]
[ 2017-12-05T10:02:31+08:00 ][ sql ] [ SQL ] UPDATE `web_member`  SET `money`=8533.4566666667,`real`=466.75666666667,`frozenmoney`=533.24333333333  WHERE  `id` = 8 [ RunTime:0.035000s ]
[ 2017-12-05T10:02:31+08:00 ][ info ] [ LOG ] INIT File
[ 2017-12-05T10:02:31+08:00 ][ info ] info
[ 2017-12-05T10:02:32+08:00 ][ info ] [ LOG ] INIT File
[ 2017-12-05T10:02:32+08:00 ][ info ] info
[ 2017-12-05T10:02:32+08:00 ][ sql ] [ SQL ] UPDATE `web_torder`  SET `real`=250.04666666667  WHERE  `id` = 80 [ RunTime:0.025000s ]
[ 2017-12-05T10:02:32+08:00 ][ sql ] [ SQL ] INSERT INTO `web_bonus` (`uid` , `create_date` , `type` , `money` , `order_id`) VALUES (8 , '1512439352' , 5 , 16.666666666667 , 80) [ RunTime:0.030000s ]
[ 2017-12-05T10:02:32+08:00 ][ sql ] [ SQL ] SELECT * FROM `web_member` WHERE  `id` = 8 LIMIT 1 [ RunTime:0.001000s ]
[ 2017-12-05T10:02:32+08:00 ][ sql ] [ SQL ] UPDATE `web_member`  SET `money`=8566.7966666667,`real`=500.09666666667,`frozenmoney`=499.90333333333  WHERE  `id` = 8 [ RunTime:0.029000s ]
[ 2017-12-05T10:02:32+08:00 ][ info ] [ LOG ] INIT File
[ 2017-12-05T10:02:32+08:00 ][ info ] info
[ 2017-12-05T10:02:33+08:00 ][ info ] [ LOG ] INIT File
[ 2017-12-05T10:02:33+08:00 ][ info ] info
[ 2017-12-05T10:02:33+08:00 ][ sql ] [ SQL ] UPDATE `web_torder`  SET `real`=266.71666666667  WHERE  `id` = 80 [ RunTime:0.029000s ]
[ 2017-12-05T10:02:33+08:00 ][ sql ] [ SQL ] INSERT INTO `web_bonus` (`uid` , `create_date` , `type` , `money` , `order_id`) VALUES (8 , '1512439353' , 5 , 16.666666666667 , 80) [ RunTime:0.025000s ]
[ 2017-12-05T10:02:33+08:00 ][ sql ] [ SQL ] SELECT * FROM `web_member` WHERE  `id` = 8 LIMIT 1 [ RunTime:0.000000s ]
[ 2017-12-05T10:02:33+08:00 ][ sql ] [ SQL ] UPDATE `web_member`  SET `money`=8600.1366666667,`real`=533.43666666667,`frozenmoney`=466.56333333333  WHERE  `id` = 8 [ RunTime:0.029000s ]
[ 2017-12-05T10:02:33+08:00 ][ info ] [ LOG ] INIT File
[ 2017-12-05T10:02:33+08:00 ][ info ] info
[ 2017-12-05T10:02:33+08:00 ][ info ] [ LOG ] INIT File
[ 2017-12-05T10:02:33+08:00 ][ info ] info
[ 2017-12-05T10:02:33+08:00 ][ sql ] [ SQL ] UPDATE `web_torder`  SET `real`=283.38666666667  WHERE  `id` = 80 [ RunTime:0.031000s ]
[ 2017-12-05T10:02:33+08:00 ][ sql ] [ SQL ] INSERT INTO `web_bonus` (`uid` , `create_date` , `type` , `money` , `order_id`) VALUES (8 , '1512439353' , 5 , 16.666666666667 , 80) [ RunTime:0.025000s ]
[ 2017-12-05T10:02:33+08:00 ][ sql ] [ SQL ] SELECT * FROM `web_member` WHERE  `id` = 8 LIMIT 1 [ RunTime:0.001000s ]
[ 2017-12-05T10:02:33+08:00 ][ sql ] [ SQL ] UPDATE `web_member`  SET `money`=8633.4766666667,`real`=566.77666666667,`frozenmoney`=433.22333333333  WHERE  `id` = 8 [ RunTime:0.027000s ]
[ 2017-12-05T10:02:33+08:00 ][ info ] [ LOG ] INIT File
[ 2017-12-05T10:02:33+08:00 ][ info ] info
[ 2017-12-05T10:02:34+08:00 ][ info ] [ LOG ] INIT File
[ 2017-12-05T10:02:34+08:00 ][ info ] info
[ 2017-12-05T10:02:34+08:00 ][ sql ] [ SQL ] UPDATE `web_torder`  SET `real`=300.05666666667  WHERE  `id` = 80 [ RunTime:0.027000s ]
[ 2017-12-05T10:02:34+08:00 ][ sql ] [ SQL ] INSERT INTO `web_bonus` (`uid` , `create_date` , `type` , `money` , `order_id`) VALUES (8 , '1512439354' , 5 , 16.666666666667 , 80) [ RunTime:0.025000s ]
[ 2017-12-05T10:02:34+08:00 ][ sql ] [ SQL ] SELECT * FROM `web_member` WHERE  `id` = 8 LIMIT 1 [ RunTime:0.001000s ]
[ 2017-12-05T10:02:34+08:00 ][ sql ] [ SQL ] UPDATE `web_member`  SET `money`=8666.8166666667,`real`=600.11666666667,`frozenmoney`=399.88333333333  WHERE  `id` = 8 [ RunTime:0.027000s ]
[ 2017-12-05T10:02:34+08:00 ][ info ] [ LOG ] INIT File
[ 2017-12-05T10:02:34+08:00 ][ info ] info
[ 2017-12-05T10:02:35+08:00 ][ info ] [ LOG ] INIT File
[ 2017-12-05T10:02:35+08:00 ][ info ] info
[ 2017-12-05T10:02:35+08:00 ][ sql ] [ SQL ] UPDATE `web_torder`  SET `real`=316.72666666667  WHERE  `id` = 80 [ RunTime:0.030000s ]
[ 2017-12-05T10:02:35+08:00 ][ sql ] [ SQL ] INSERT INTO `web_bonus` (`uid` , `create_date` , `type` , `money` , `order_id`) VALUES (8 , '1512439355' , 5 , 16.666666666667 , 80) [ RunTime:0.025000s ]
[ 2017-12-05T10:02:35+08:00 ][ sql ] [ SQL ] SELECT * FROM `web_member` WHERE  `id` = 8 LIMIT 1 [ RunTime:0.002000s ]
[ 2017-12-05T10:02:35+08:00 ][ sql ] [ SQL ] UPDATE `web_member`  SET `money`=8700.1566666667,`real`=633.45666666667,`frozenmoney`=366.54333333333  WHERE  `id` = 8 [ RunTime:0.031000s ]
[ 2017-12-05T10:02:35+08:00 ][ info ] [ LOG ] INIT File
[ 2017-12-05T10:02:35+08:00 ][ info ] info
[ 2017-12-05T10:02:35+08:00 ][ info ] [ LOG ] INIT File
[ 2017-12-05T10:02:35+08:00 ][ info ] info
[ 2017-12-05T10:02:35+08:00 ][ sql ] [ SQL ] UPDATE `web_torder`  SET `real`=333.39666666667  WHERE  `id` = 80 [ RunTime:0.030000s ]
[ 2017-12-05T10:02:35+08:00 ][ sql ] [ SQL ] INSERT INTO `web_bonus` (`uid` , `create_date` , `type` , `money` , `order_id`) VALUES (8 , '1512439355' , 5 , 16.666666666667 , 80) [ RunTime:0.032000s ]
[ 2017-12-05T10:02:35+08:00 ][ sql ] [ SQL ] SELECT * FROM `web_member` WHERE  `id` = 8 LIMIT 1 [ RunTime:0.001000s ]
[ 2017-12-05T10:02:35+08:00 ][ sql ] [ SQL ] UPDATE `web_member`  SET `money`=8733.4966666667,`real`=666.79666666667,`frozenmoney`=333.20333333333  WHERE  `id` = 8 [ RunTime:0.027000s ]
[ 2017-12-05T10:02:35+08:00 ][ info ] [ LOG ] INIT File
[ 2017-12-05T10:02:35+08:00 ][ info ] info
[ 2017-12-05T10:02:36+08:00 ][ info ] [ LOG ] INIT File
[ 2017-12-05T10:02:36+08:00 ][ info ] info
[ 2017-12-05T10:02:36+08:00 ][ sql ] [ SQL ] UPDATE `web_torder`  SET `real`=350.06666666667  WHERE  `id` = 80 [ RunTime:0.030000s ]
[ 2017-12-05T10:02:36+08:00 ][ sql ] [ SQL ] INSERT INTO `web_bonus` (`uid` , `create_date` , `type` , `money` , `order_id`) VALUES (8 , '1512439356' , 5 , 16.666666666667 , 80) [ RunTime:0.024000s ]
[ 2017-12-05T10:02:36+08:00 ][ sql ] [ SQL ] SELECT * FROM `web_member` WHERE  `id` = 8 LIMIT 1 [ RunTime:0.001000s ]
[ 2017-12-05T10:02:36+08:00 ][ sql ] [ SQL ] UPDATE `web_member`  SET `money`=8766.8366666667,`real`=700.13666666667,`frozenmoney`=299.86333333333  WHERE  `id` = 8 [ RunTime:0.032000s ]
[ 2017-12-05T10:02:36+08:00 ][ info ] [ LOG ] INIT File
[ 2017-12-05T10:02:36+08:00 ][ info ] info
[ 2017-12-05T10:02:37+08:00 ][ info ] [ LOG ] INIT File
[ 2017-12-05T10:02:37+08:00 ][ info ] info
[ 2017-12-05T10:02:37+08:00 ][ sql ] [ SQL ] UPDATE `web_torder`  SET `real`=366.73666666667  WHERE  `id` = 80 [ RunTime:0.030000s ]
[ 2017-12-05T10:02:37+08:00 ][ sql ] [ SQL ] INSERT INTO `web_bonus` (`uid` , `create_date` , `type` , `money` , `order_id`) VALUES (8 , '1512439357' , 5 , 16.666666666667 , 80) [ RunTime:0.025000s ]
[ 2017-12-05T10:02:37+08:00 ][ sql ] [ SQL ] SELECT * FROM `web_member` WHERE  `id` = 8 LIMIT 1 [ RunTime:0.001000s ]
[ 2017-12-05T10:02:37+08:00 ][ sql ] [ SQL ] UPDATE `web_member`  SET `money`=8800.1766666667,`real`=733.47666666667,`frozenmoney`=266.52333333333  WHERE  `id` = 8 [ RunTime:0.032000s ]
[ 2017-12-05T10:02:37+08:00 ][ info ] [ LOG ] INIT File
[ 2017-12-05T10:02:37+08:00 ][ info ] info
[ 2017-12-05T10:02:37+08:00 ][ info ] [ LOG ] INIT File
[ 2017-12-05T10:02:37+08:00 ][ info ] info
[ 2017-12-05T10:02:37+08:00 ][ sql ] [ SQL ] UPDATE `web_torder`  SET `real`=383.40666666667  WHERE  `id` = 80 [ RunTime:0.030000s ]
[ 2017-12-05T10:02:37+08:00 ][ sql ] [ SQL ] INSERT INTO `web_bonus` (`uid` , `create_date` , `type` , `money` , `order_id`) VALUES (8 , '1512439357' , 5 , 16.666666666667 , 80) [ RunTime:0.026000s ]
[ 2017-12-05T10:02:37+08:00 ][ sql ] [ SQL ] SELECT * FROM `web_member` WHERE  `id` = 8 LIMIT 1 [ RunTime:0.001000s ]
[ 2017-12-05T10:02:37+08:00 ][ sql ] [ SQL ] UPDATE `web_member`  SET `money`=8833.5166666667,`real`=766.81666666667,`frozenmoney`=233.18333333333  WHERE  `id` = 8 [ RunTime:0.062000s ]
[ 2017-12-05T10:02:37+08:00 ][ info ] [ LOG ] INIT File
[ 2017-12-05T10:02:37+08:00 ][ info ] info
[ 2017-12-05T10:02:38+08:00 ][ info ] [ LOG ] INIT File
[ 2017-12-05T10:02:38+08:00 ][ info ] info
[ 2017-12-05T10:02:38+08:00 ][ sql ] [ SQL ] UPDATE `web_torder`  SET `real`=400.07666666667  WHERE  `id` = 80 [ RunTime:0.030000s ]
[ 2017-12-05T10:02:38+08:00 ][ sql ] [ SQL ] INSERT INTO `web_bonus` (`uid` , `create_date` , `type` , `money` , `order_id`) VALUES (8 , '1512439358' , 5 , 16.666666666667 , 80) [ RunTime:0.032000s ]
[ 2017-12-05T10:02:38+08:00 ][ sql ] [ SQL ] SELECT * FROM `web_member` WHERE  `id` = 8 LIMIT 1 [ RunTime:0.000000s ]
[ 2017-12-05T10:02:38+08:00 ][ sql ] [ SQL ] UPDATE `web_member`  SET `money`=8866.8566666667,`real`=800.15666666667,`frozenmoney`=199.84333333333  WHERE  `id` = 8 [ RunTime:0.028000s ]
[ 2017-12-05T10:02:38+08:00 ][ info ] [ LOG ] INIT File
[ 2017-12-05T10:02:38+08:00 ][ info ] info
[ 2017-12-05T10:02:39+08:00 ][ info ] [ LOG ] INIT File
[ 2017-12-05T10:02:39+08:00 ][ info ] info
[ 2017-12-05T10:02:39+08:00 ][ sql ] [ SQL ] UPDATE `web_torder`  SET `real`=416.74666666667  WHERE  `id` = 80 [ RunTime:0.030000s ]
[ 2017-12-05T10:02:39+08:00 ][ sql ] [ SQL ] INSERT INTO `web_bonus` (`uid` , `create_date` , `type` , `money` , `order_id`) VALUES (8 , '1512439359' , 5 , 16.666666666667 , 80) [ RunTime:0.023000s ]
[ 2017-12-05T10:02:39+08:00 ][ sql ] [ SQL ] SELECT * FROM `web_member` WHERE  `id` = 8 LIMIT 1 [ RunTime:0.001000s ]
[ 2017-12-05T10:02:39+08:00 ][ sql ] [ SQL ] UPDATE `web_member`  SET `money`=8900.1966666667,`real`=833.49666666667,`frozenmoney`=166.50333333333  WHERE  `id` = 8 [ RunTime:0.032000s ]
[ 2017-12-05T10:02:39+08:00 ][ info ] [ LOG ] INIT File
[ 2017-12-05T10:02:39+08:00 ][ info ] info
[ 2017-12-05T10:02:39+08:00 ][ info ] [ LOG ] INIT File
[ 2017-12-05T10:02:39+08:00 ][ info ] info
[ 2017-12-05T10:02:39+08:00 ][ sql ] [ SQL ] UPDATE `web_torder`  SET `real`=433.41666666667  WHERE  `id` = 80 [ RunTime:0.030000s ]
[ 2017-12-05T10:02:39+08:00 ][ sql ] [ SQL ] INSERT INTO `web_bonus` (`uid` , `create_date` , `type` , `money` , `order_id`) VALUES (8 , '1512439359' , 5 , 16.666666666667 , 80) [ RunTime:0.026000s ]
[ 2017-12-05T10:02:39+08:00 ][ sql ] [ SQL ] SELECT * FROM `web_member` WHERE  `id` = 8 LIMIT 1 [ RunTime:0.001000s ]
[ 2017-12-05T10:02:40+08:00 ][ sql ] [ SQL ] UPDATE `web_member`  SET `money`=8933.5366666667,`real`=866.83666666667,`frozenmoney`=133.16333333333  WHERE  `id` = 8 [ RunTime:0.032000s ]
[ 2017-12-05T10:02:40+08:00 ][ info ] [ LOG ] INIT File
[ 2017-12-05T10:02:40+08:00 ][ info ] info
[ 2017-12-05T10:02:40+08:00 ][ info ] [ LOG ] INIT File
[ 2017-12-05T10:02:40+08:00 ][ info ] info
[ 2017-12-05T10:02:40+08:00 ][ sql ] [ SQL ] UPDATE `web_torder`  SET `real`=450.08666666667  WHERE  `id` = 80 [ RunTime:0.031000s ]
[ 2017-12-05T10:02:40+08:00 ][ sql ] [ SQL ] INSERT INTO `web_bonus` (`uid` , `create_date` , `type` , `money` , `order_id`) VALUES (8 , '1512439360' , 5 , 16.666666666667 , 80) [ RunTime:0.023000s ]
[ 2017-12-05T10:02:40+08:00 ][ sql ] [ SQL ] SELECT * FROM `web_member` WHERE  `id` = 8 LIMIT 1 [ RunTime:0.001000s ]
[ 2017-12-05T10:02:40+08:00 ][ sql ] [ SQL ] UPDATE `web_member`  SET `money`=8966.8766666667,`real`=900.17666666667,`frozenmoney`=99.823333333333  WHERE  `id` = 8 [ RunTime:0.031000s ]
[ 2017-12-05T10:02:40+08:00 ][ info ] [ LOG ] INIT File
[ 2017-12-05T10:02:40+08:00 ][ info ] info
[ 2017-12-05T10:02:41+08:00 ][ info ] [ LOG ] INIT File
[ 2017-12-05T10:02:41+08:00 ][ info ] info
[ 2017-12-05T10:02:41+08:00 ][ sql ] [ SQL ] UPDATE `web_torder`  SET `real`=466.75666666667  WHERE  `id` = 80 [ RunTime:0.029000s ]
[ 2017-12-05T10:02:41+08:00 ][ sql ] [ SQL ] INSERT INTO `web_bonus` (`uid` , `create_date` , `type` , `money` , `order_id`) VALUES (8 , '1512439361' , 5 , 16.666666666667 , 80) [ RunTime:0.031000s ]
[ 2017-12-05T10:02:41+08:00 ][ sql ] [ SQL ] SELECT * FROM `web_member` WHERE  `id` = 8 LIMIT 1 [ RunTime:0.001000s ]
[ 2017-12-05T10:02:41+08:00 ][ sql ] [ SQL ] UPDATE `web_member`  SET `money`=9000.2166666667,`real`=933.51666666667,`frozenmoney`=66.483333333333  WHERE  `id` = 8 [ RunTime:0.023000s ]
[ 2017-12-05T10:02:41+08:00 ][ info ] [ LOG ] INIT File
[ 2017-12-05T10:02:41+08:00 ][ info ] info
[ 2017-12-05T10:02:41+08:00 ][ info ] [ LOG ] INIT File
[ 2017-12-05T10:02:41+08:00 ][ info ] info
[ 2017-12-05T10:02:41+08:00 ][ sql ] [ SQL ] UPDATE `web_torder`  SET `real`=483.42666666667  WHERE  `id` = 80 [ RunTime:0.025000s ]
[ 2017-12-05T10:02:42+08:00 ][ sql ] [ SQL ] INSERT INTO `web_bonus` (`uid` , `create_date` , `type` , `money` , `order_id`) VALUES (8 , '1512439361' , 5 , 16.666666666667 , 80) [ RunTime:0.030000s ]
[ 2017-12-05T10:02:42+08:00 ][ sql ] [ SQL ] SELECT * FROM `web_member` WHERE  `id` = 8 LIMIT 1 [ RunTime:0.001000s ]
[ 2017-12-05T10:02:42+08:00 ][ sql ] [ SQL ] UPDATE `web_member`  SET `money`=9033.5566666667,`real`=966.85666666667,`frozenmoney`=33.143333333333  WHERE  `id` = 8 [ RunTime:0.029000s ]
[ 2017-12-05T10:02:42+08:00 ][ info ] [ LOG ] INIT File
[ 2017-12-05T10:02:42+08:00 ][ info ] info
[ 2017-12-05T10:02:42+08:00 ][ info ] [ LOG ] INIT File
[ 2017-12-05T10:02:42+08:00 ][ info ] info
[ 2017-12-05T10:02:42+08:00 ][ sql ] [ SQL ] UPDATE `web_torder`  SET `real`=500,`type`=1  WHERE  `id` = 80 [ RunTime:0.030000s ]
[ 2017-12-05T10:02:42+08:00 ][ sql ] [ SQL ] INSERT INTO `web_bonus` (`money` , `uid` , `create_date` , `type` , `order_id`) VALUES (16.57 , 8 , '1512439362' , 5 , 80) [ RunTime:0.024000s ]
[ 2017-12-05T10:02:42+08:00 ][ sql ] [ SQL ] SELECT * FROM `web_member` WHERE  `id` = 8 LIMIT 1 [ RunTime:0.001000s ]
[ 2017-12-05T10:02:42+08:00 ][ sql ] [ SQL ] UPDATE `web_member`  SET `money`=9066.7,`real`=1000,`frozenmoney`=7.105427357601E-15  WHERE  `id` = 8 [ RunTime:0.028000s ]
[ 2017-12-05T10:02:42+08:00 ][ info ] [ LOG ] INIT File
[ 2017-12-05T10:02:42+08:00 ][ info ] info
[ 2017-12-05T10:06:07+08:00 ][ info ] [ LOG ] INIT File
[ 2017-12-05T10:06:07+08:00 ][ info ] info
[ 2017-12-05T10:06:15+08:00 ][ info ] [ LOG ] INIT File
[ 2017-12-05T10:06:15+08:00 ][ info ] info
[ 2017-12-05T10:06:16+08:00 ][ info ] [ LOG ] INIT File
[ 2017-12-05T10:06:16+08:00 ][ info ] info
[ 2017-12-05T10:06:16+08:00 ][ info ] [ LOG ] INIT File
[ 2017-12-05T10:06:16+08:00 ][ info ] info
[ 2017-12-05T10:06:17+08:00 ][ info ] [ LOG ] INIT File
[ 2017-12-05T10:06:17+08:00 ][ info ] info
[ 2017-12-05T10:06:17+08:00 ][ info ] [ LOG ] INIT File
[ 2017-12-05T10:06:17+08:00 ][ info ] info
[ 2017-12-05T10:06:17+08:00 ][ info ] [ LOG ] INIT File
[ 2017-12-05T10:06:17+08:00 ][ info ] info
[ 2017-12-05T10:06:17+08:00 ][ info ] [ LOG ] INIT File
[ 2017-12-05T10:06:17+08:00 ][ info ] info
[ 2017-12-05T10:06:17+08:00 ][ info ] [ LOG ] INIT File
[ 2017-12-05T10:06:17+08:00 ][ info ] info
[ 2017-12-05T10:06:17+08:00 ][ info ] [ LOG ] INIT File
[ 2017-12-05T10:06:17+08:00 ][ info ] info
[ 2017-12-05T10:06:18+08:00 ][ info ] [ LOG ] INIT File
[ 2017-12-05T10:06:18+08:00 ][ info ] info
[ 2017-12-05T10:06:18+08:00 ][ info ] [ LOG ] INIT File
[ 2017-12-05T10:06:18+08:00 ][ info ] info
[ 2017-12-05T10:06:18+08:00 ][ info ] [ LOG ] INIT File
[ 2017-12-05T10:06:18+08:00 ][ info ] info
[ 2017-12-05T10:06:18+08:00 ][ info ] [ LOG ] INIT File
[ 2017-12-05T10:06:18+08:00 ][ info ] info
[ 2017-12-05T10:06:18+08:00 ][ info ] [ LOG ] INIT File
[ 2017-12-05T10:06:18+08:00 ][ info ] info
[ 2017-12-05T10:06:19+08:00 ][ info ] [ LOG ] INIT File
[ 2017-12-05T10:06:19+08:00 ][ info ] info
[ 2017-12-05T10:06:19+08:00 ][ info ] [ LOG ] INIT File
[ 2017-12-05T10:06:19+08:00 ][ info ] info
[ 2017-12-05T10:06:19+08:00 ][ info ] [ LOG ] INIT File
[ 2017-12-05T10:06:19+08:00 ][ info ] info
[ 2017-12-05T10:06:19+08:00 ][ info ] [ LOG ] INIT File
[ 2017-12-05T10:06:19+08:00 ][ info ] info
[ 2017-12-05T10:06:19+08:00 ][ info ] [ LOG ] INIT File
[ 2017-12-05T10:06:19+08:00 ][ info ] info
[ 2017-12-05T10:06:19+08:00 ][ info ] [ LOG ] INIT File
[ 2017-12-05T10:06:19+08:00 ][ info ] info
[ 2017-12-05T10:06:20+08:00 ][ info ] [ LOG ] INIT File
[ 2017-12-05T10:06:20+08:00 ][ info ] info
[ 2017-12-05T10:06:20+08:00 ][ info ] [ LOG ] INIT File
[ 2017-12-05T10:06:20+08:00 ][ info ] info
[ 2017-12-05T10:06:20+08:00 ][ info ] [ LOG ] INIT File
[ 2017-12-05T10:06:20+08:00 ][ info ] info
[ 2017-12-05T10:06:20+08:00 ][ info ] [ LOG ] INIT File
[ 2017-12-05T10:06:20+08:00 ][ info ] info
[ 2017-12-05T10:06:20+08:00 ][ info ] [ LOG ] INIT File
[ 2017-12-05T10:06:20+08:00 ][ info ] info
[ 2017-12-05T10:06:28+08:00 ][ info ] [ LOG ] INIT File
[ 2017-12-05T10:06:28+08:00 ][ info ] info
[ 2017-12-05T10:06:28+08:00 ][ info ] [ LOG ] INIT File
[ 2017-12-05T10:06:28+08:00 ][ info ] info
[ 2017-12-05T10:06:29+08:00 ][ info ] [ LOG ] INIT File
[ 2017-12-05T10:06:29+08:00 ][ info ] info
[ 2017-12-05T10:07:05+08:00 ][ info ] [ LOG ] INIT File
[ 2017-12-05T10:07:05+08:00 ][ info ] info
[ 2017-12-05T11:44:45+08:00 ][ info ] [ LOG ] INIT File
[ 2017-12-05T11:44:45+08:00 ][ info ] info
[ 2017-12-05T11:49:41+08:00 ][ info ] [ LOG ] INIT File
[ 2017-12-05T11:49:41+08:00 ][ info ] info
[ 2017-12-05T11:50:06+08:00 ][ info ] [ LOG ] INIT File
[ 2017-12-05T11:50:06+08:00 ][ info ] info
[ 2017-12-05T11:50:06+08:00 ][ sql ] [ SQL ] UPDATE `web_torder`  SET `real`=33.333333333333  WHERE  `id` = 3 [ RunTime:0.026000s ]
[ 2017-12-05T11:50:06+08:00 ][ sql ] [ SQL ] INSERT INTO `web_bonus` (`uid` , `create_date` , `type` , `money` , `order_id`) VALUES (13 , '1512445806' , 5 , 33.333333333333 , 3) [ RunTime:0.035000s ]
[ 2017-12-05T11:50:06+08:00 ][ sql ] [ SQL ] SELECT * FROM `web_member` WHERE  `id` = 13 LIMIT 1 [ RunTime:0.001000s ]
[ 2017-12-05T11:50:06+08:00 ][ sql ] [ SQL ] UPDATE `web_member`  SET `money`=8953.3333333333,`real`=33.333333333333,`frozenmoney`=966.66666666667  WHERE  `id` = 13 [ RunTime:0.025000s ]
[ 2017-12-05T11:50:06+08:00 ][ info ] [ LOG ] INIT File
[ 2017-12-05T11:50:06+08:00 ][ info ] info
[ 2017-12-05T14:51:17+08:00 ][ info ] [ LOG ] INIT File
[ 2017-12-05T14:51:17+08:00 ][ info ] info
[ 2017-12-05T14:51:17+08:00 ][ sql ] [ SQL ] UPDATE `web_torder`  SET `real`=16.666666666667  WHERE  `id` = 4 [ RunTime:0.029000s ]
[ 2017-12-05T14:51:17+08:00 ][ sql ] [ SQL ] INSERT INTO `web_bonus` (`uid` , `create_date` , `type` , `money` , `order_id`) VALUES (8 , '1512456677' , 5 , 16.666666666667 , 4) [ RunTime:0.026000s ]
[ 2017-12-05T14:51:17+08:00 ][ sql ] [ SQL ] SELECT * FROM `web_member` WHERE  `id` = 8 LIMIT 1 [ RunTime:0.001000s ]
[ 2017-12-05T14:51:17+08:00 ][ sql ] [ SQL ] UPDATE `web_member`  SET `money`=9235.6666666667,`real`=16.666666666667,`frozenmoney`=483.33333333333  WHERE  `id` = 8 [ RunTime:0.031000s ]
[ 2017-12-05T14:51:17+08:00 ][ info ] [ LOG ] INIT File
[ 2017-12-05T14:51:17+08:00 ][ info ] info
[ 2017-12-05T14:51:17+08:00 ][ sql ] [ SQL ] UPDATE `web_torder`  SET `real`=16.666666666667  WHERE  `id` = 5 [ RunTime:0.025000s ]
[ 2017-12-05T14:51:17+08:00 ][ sql ] [ SQL ] INSERT INTO `web_bonus` (`uid` , `create_date` , `type` , `money` , `order_id`) VALUES (6 , '1512456677' , 5 , 16.666666666667 , 5) [ RunTime:0.029000s ]
[ 2017-12-05T14:51:17+08:00 ][ sql ] [ SQL ] SELECT * FROM `web_member` WHERE  `id` = 6 LIMIT 1 [ RunTime:0.000000s ]
[ 2017-12-05T14:51:17+08:00 ][ sql ] [ SQL ] UPDATE `web_member`  SET `money`=9316.6666666667,`real`=16.666666666667,`frozenmoney`=483.33333333333  WHERE  `id` = 6 [ RunTime:0.026000s ]
[ 2017-12-05T14:51:17+08:00 ][ info ] [ LOG ] INIT File
[ 2017-12-05T14:51:17+08:00 ][ info ] info
[ 2017-12-05T14:51:17+08:00 ][ sql ] [ SQL ] UPDATE `web_torder`  SET `real`=16.666666666667  WHERE  `id` = 6 [ RunTime:0.026000s ]
[ 2017-12-05T14:51:17+08:00 ][ sql ] [ SQL ] INSERT INTO `web_bonus` (`uid` , `create_date` , `type` , `money` , `order_id`) VALUES (5 , '1512456677' , 5 , 16.666666666667 , 6) [ RunTime:0.028000s ]
[ 2017-12-05T14:51:17+08:00 ][ sql ] [ SQL ] SELECT * FROM `web_member` WHERE  `id` = 5 LIMIT 1 [ RunTime:0.001000s ]
[ 2017-12-05T14:51:17+08:00 ][ sql ] [ SQL ] UPDATE `web_member`  SET `money`=9228.1666666667,`real`=16.666666666667,`frozenmoney`=483.33333333333  WHERE  `id` = 5 [ RunTime:0.024000s ]
[ 2017-12-05T14:51:17+08:00 ][ info ] [ LOG ] INIT File
[ 2017-12-05T14:51:17+08:00 ][ info ] info
[ 2017-12-05T14:51:17+08:00 ][ sql ] [ SQL ] UPDATE `web_torder`  SET `real`=16.666666666667  WHERE  `id` = 7 [ RunTime:0.025000s ]
[ 2017-12-05T14:51:17+08:00 ][ sql ] [ SQL ] INSERT INTO `web_bonus` (`uid` , `create_date` , `type` , `money` , `order_id`) VALUES (4 , '1512456677' , 5 , 16.666666666667 , 7) [ RunTime:0.027000s ]
[ 2017-12-05T14:51:17+08:00 ][ sql ] [ SQL ] SELECT * FROM `web_member` WHERE  `id` = 4 LIMIT 1 [ RunTime:0.001000s ]
[ 2017-12-05T14:51:17+08:00 ][ sql ] [ SQL ] UPDATE `web_member`  SET `money`=9316.6666666667,`real`=16.666666666667,`frozenmoney`=483.33333333333  WHERE  `id` = 4 [ RunTime:0.025000s ]
[ 2017-12-05T14:51:17+08:00 ][ info ] [ LOG ] INIT File
[ 2017-12-05T14:51:17+08:00 ][ info ] info
[ 2017-12-05T14:51:17+08:00 ][ sql ] [ SQL ] UPDATE `web_torder`  SET `real`=16.666666666667  WHERE  `id` = 8 [ RunTime:0.027000s ]
[ 2017-12-05T14:51:17+08:00 ][ sql ] [ SQL ] INSERT INTO `web_bonus` (`uid` , `create_date` , `type` , `money` , `order_id`) VALUES (3 , '1512456677' , 5 , 16.666666666667 , 8) [ RunTime:0.066000s ]
[ 2017-12-05T14:51:17+08:00 ][ sql ] [ SQL ] SELECT * FROM `web_member` WHERE  `id` = 3 LIMIT 1 [ RunTime:0.000000s ]
[ 2017-12-05T14:51:17+08:00 ][ sql ] [ SQL ] UPDATE `web_member`  SET `money`=9316.6666666667,`real`=16.666666666667,`frozenmoney`=483.33333333333  WHERE  `id` = 3 [ RunTime:0.058000s ]
[ 2017-12-05T14:51:17+08:00 ][ info ] [ LOG ] INIT File
[ 2017-12-05T14:51:17+08:00 ][ info ] info
[ 2017-12-05T14:51:17+08:00 ][ sql ] [ SQL ] UPDATE `web_torder`  SET `real`=16.666666666667  WHERE  `id` = 9 [ RunTime:0.028000s ]
[ 2017-12-05T14:51:17+08:00 ][ sql ] [ SQL ] INSERT INTO `web_bonus` (`uid` , `create_date` , `type` , `money` , `order_id`) VALUES (2 , '1512456677' , 5 , 16.666666666667 , 9) [ RunTime:0.028000s ]
[ 2017-12-05T14:51:17+08:00 ][ sql ] [ SQL ] SELECT * FROM `web_member` WHERE  `id` = 2 LIMIT 1 [ RunTime:0.001000s ]
[ 2017-12-05T14:51:17+08:00 ][ sql ] [ SQL ] UPDATE `web_member`  SET `money`=9316.6666666667,`real`=16.666666666667,`frozenmoney`=483.33333333333  WHERE  `id` = 2 [ RunTime:0.030000s ]
[ 2017-12-05T14:51:17+08:00 ][ info ] [ LOG ] INIT File
[ 2017-12-05T14:51:17+08:00 ][ info ] info
[ 2017-12-05T14:51:17+08:00 ][ sql ] [ SQL ] UPDATE `web_torder`  SET `real`=16.666666666667  WHERE  `id` = 10 [ RunTime:0.026000s ]
[ 2017-12-05T14:51:17+08:00 ][ sql ] [ SQL ] INSERT INTO `web_bonus` (`uid` , `create_date` , `type` , `money` , `order_id`) VALUES (9 , '1512456677' , 5 , 16.666666666667 , 10) [ RunTime:0.028000s ]
[ 2017-12-05T14:51:17+08:00 ][ sql ] [ SQL ] SELECT * FROM `web_member` WHERE  `id` = 9 LIMIT 1 [ RunTime:0.000000s ]
[ 2017-12-05T14:51:17+08:00 ][ sql ] [ SQL ] UPDATE `web_member`  SET `money`=7920.6666666667,`real`=16.666666666667,`frozenmoney`=483.33333333333  WHERE  `id` = 9 [ RunTime:0.026000s ]
[ 2017-12-05T14:51:17+08:00 ][ info ] [ LOG ] INIT File
[ 2017-12-05T14:51:17+08:00 ][ info ] info
[ 2017-12-05T14:51:18+08:00 ][ sql ] [ SQL ] UPDATE `web_torder`  SET `real`=16.666666666667  WHERE  `id` = 11 [ RunTime:0.026000s ]
[ 2017-12-05T14:51:18+08:00 ][ sql ] [ SQL ] INSERT INTO `web_bonus` (`uid` , `create_date` , `type` , `money` , `order_id`) VALUES (10 , '1512456678' , 5 , 16.666666666667 , 11) [ RunTime:0.028000s ]
[ 2017-12-05T14:51:18+08:00 ][ sql ] [ SQL ] SELECT * FROM `web_member` WHERE  `id` = 10 LIMIT 1 [ RunTime:0.001000s ]
[ 2017-12-05T14:51:18+08:00 ][ sql ] [ SQL ] UPDATE `web_member`  SET `money`=9316.6666666667,`real`=16.666666666667,`frozenmoney`=483.33333333333  WHERE  `id` = 10 [ RunTime:0.031000s ]
[ 2017-12-05T14:51:18+08:00 ][ info ] [ LOG ] INIT File
[ 2017-12-05T14:51:18+08:00 ][ info ] info
[ 2017-12-05T14:51:18+08:00 ][ sql ] [ SQL ] UPDATE `web_torder`  SET `real`=16.666666666667  WHERE  `id` = 12 [ RunTime:0.030000s ]
[ 2017-12-05T14:51:18+08:00 ][ sql ] [ SQL ] INSERT INTO `web_bonus` (`uid` , `create_date` , `type` , `money` , `order_id`) VALUES (13 , '1512456678' , 5 , 16.666666666667 , 12) [ RunTime:0.026000s ]
[ 2017-12-05T14:51:18+08:00 ][ sql ] [ SQL ] SELECT * FROM `web_member` WHERE  `id` = 13 LIMIT 1 [ RunTime:0.001000s ]
[ 2017-12-05T14:51:18+08:00 ][ sql ] [ SQL ] UPDATE `web_member`  SET `money`=8469.9966666667,`real`=16.666666666667,`frozenmoney`=483.33333333333  WHERE  `id` = 13 [ RunTime:0.031000s ]
[ 2017-12-05T14:51:18+08:00 ][ info ] [ LOG ] INIT File
[ 2017-12-05T14:51:18+08:00 ][ info ] info
[ 2017-12-05T14:59:19+08:00 ][ info ] [ LOG ] INIT File
[ 2017-12-05T14:59:19+08:00 ][ info ] info
[ 2017-12-05T14:59:19+08:00 ][ sql ] [ SQL ] UPDATE `web_torder`  SET `real`=33.333333333333  WHERE  `id` = 18 [ RunTime:0.026000s ]
[ 2017-12-05T14:59:19+08:00 ][ sql ] [ SQL ] INSERT INTO `web_bonus` (`uid` , `create_date` , `type` , `money` , `order_id`) VALUES (14 , '1512457159' , 5 , 33.333333333333 , 18) [ RunTime:0.026000s ]
[ 2017-12-05T14:59:19+08:00 ][ sql ] [ SQL ] SELECT * FROM `web_member` WHERE  `id` = 14 LIMIT 1 [ RunTime:0.001000s ]
[ 2017-12-05T14:59:19+08:00 ][ sql ] [ SQL ] UPDATE `web_member`  SET `money`=7566.6733333333,`real`=33.333333333333,`frozenmoney`=1966.6666666667  WHERE  `id` = 14 [ RunTime:0.032000s ]
[ 2017-12-05T14:59:19+08:00 ][ info ] [ LOG ] INIT File
[ 2017-12-05T14:59:19+08:00 ][ info ] info
[ 2017-12-05T14:59:19+08:00 ][ sql ] [ SQL ] UPDATE `web_torder`  SET `real`=66.666666666667  WHERE  `id` = 19 [ RunTime:0.027000s ]
[ 2017-12-05T14:59:19+08:00 ][ sql ] [ SQL ] INSERT INTO `web_bonus` (`uid` , `create_date` , `type` , `money` , `order_id`) VALUES (13 , '1512457159' , 5 , 66.666666666667 , 19) [ RunTime:0.028000s ]
[ 2017-12-05T14:59:19+08:00 ][ sql ] [ SQL ] SELECT * FROM `web_member` WHERE  `id` = 13 LIMIT 1 [ RunTime:0.000000s ]
[ 2017-12-05T14:59:19+08:00 ][ sql ] [ SQL ] UPDATE `web_member`  SET `money`=6536.6666666667,`real`=66.666666666667,`frozenmoney`=3933.3333333333  WHERE  `id` = 13 [ RunTime:0.027000s ]
[ 2017-12-05T14:59:19+08:00 ][ info ] [ LOG ] INIT File
[ 2017-12-05T14:59:19+08:00 ][ info ] info
[ 2017-12-05T14:59:19+08:00 ][ sql ] [ SQL ] UPDATE `web_torder`  SET `real`=100  WHERE  `id` = 20 [ RunTime:0.031000s ]
[ 2017-12-05T14:59:19+08:00 ][ sql ] [ SQL ] INSERT INTO `web_bonus` (`uid` , `create_date` , `type` , `money` , `order_id`) VALUES (12 , '1512457159' , 5 , 100 , 20) [ RunTime:0.027000s ]
[ 2017-12-05T14:59:19+08:00 ][ sql ] [ SQL ] SELECT * FROM `web_member` WHERE  `id` = 12 LIMIT 1 [ RunTime:0.001000s ]
[ 2017-12-05T14:59:20+08:00 ][ sql ] [ SQL ] UPDATE `web_member`  SET `money`=6900,`real`=100,`frozenmoney`=5900  WHERE  `id` = 12 [ RunTime:0.032000s ]
[ 2017-12-05T14:59:20+08:00 ][ info ] [ LOG ] INIT File
[ 2017-12-05T14:59:20+08:00 ][ info ] info
[ 2017-12-05T14:59:20+08:00 ][ sql ] [ SQL ] UPDATE `web_torder`  SET `real`=150  WHERE  `id` = 21 [ RunTime:0.024000s ]
[ 2017-12-05T14:59:20+08:00 ][ sql ] [ SQL ] INSERT INTO `web_bonus` (`uid` , `create_date` , `type` , `money` , `order_id`) VALUES (11 , '1512457160' , 5 , 150 , 21) [ RunTime:0.028000s ]
[ 2017-12-05T14:59:20+08:00 ][ sql ] [ SQL ] SELECT * FROM `web_member` WHERE  `id` = 11 LIMIT 1 [ RunTime:0.000000s ]
[ 2017-12-05T14:59:20+08:00 ][ sql ] [ SQL ] UPDATE `web_member`  SET `money`=4366.67,`real`=150,`frozenmoney`=8850  WHERE  `id` = 11 [ RunTime:0.025000s ]
[ 2017-12-05T14:59:20+08:00 ][ info ] [ LOG ] INIT File
[ 2017-12-05T14:59:20+08:00 ][ info ] info
[ 2017-12-05T16:07:24+08:00 ][ info ] [ LOG ] INIT File
[ 2017-12-05T16:07:24+08:00 ][ info ] info
[ 2017-12-05T16:07:24+08:00 ][ sql ] [ SQL ] UPDATE `web_torder`  SET `real`=66.663333333333  WHERE  `id` = 18 [ RunTime:0.028000s ]
[ 2017-12-05T16:07:24+08:00 ][ sql ] [ SQL ] INSERT INTO `web_bonus` (`uid` , `create_date` , `type` , `money` , `order_id`) VALUES (14 , '1512461244' , 5 , 33.333333333333 , 18) [ RunTime:0.027000s ]
[ 2017-12-05T16:07:24+08:00 ][ sql ] [ SQL ] SELECT * FROM `web_member` WHERE  `id` = 14 LIMIT 1 [ RunTime:0.001000s ]
[ 2017-12-05T16:07:24+08:00 ][ sql ] [ SQL ] UPDATE `web_member`  SET `money`=7420.0033333333,`real`=66.663333333333,`frozenmoney`=1933.3366666667  WHERE  `id` = 14 [ RunTime:0.024000s ]
[ 2017-12-05T16:07:24+08:00 ][ info ] [ LOG ] INIT File
[ 2017-12-05T16:07:24+08:00 ][ info ] info
[ 2017-12-05T16:07:24+08:00 ][ sql ] [ SQL ] UPDATE `web_torder`  SET `real`=133.33666666667  WHERE  `id` = 19 [ RunTime:0.027000s ]
[ 2017-12-05T16:07:24+08:00 ][ sql ] [ SQL ] INSERT INTO `web_bonus` (`uid` , `create_date` , `type` , `money` , `order_id`) VALUES (13 , '1512461244' , 5 , 66.666666666667 , 19) [ RunTime:0.027000s ]
[ 2017-12-05T16:07:24+08:00 ][ sql ] [ SQL ] SELECT * FROM `web_member` WHERE  `id` = 13 LIMIT 1 [ RunTime:0.000000s ]
[ 2017-12-05T16:07:24+08:00 ][ sql ] [ SQL ] UPDATE `web_member`  SET `money`=6603.3366666667,`real`=133.33666666667,`frozenmoney`=3866.6633333333  WHERE  `id` = 13 [ RunTime:0.027000s ]
[ 2017-12-05T16:07:24+08:00 ][ info ] [ LOG ] INIT File
[ 2017-12-05T16:07:24+08:00 ][ info ] info
[ 2017-12-05T16:07:24+08:00 ][ sql ] [ SQL ] UPDATE `web_torder`  SET `real`=200  WHERE  `id` = 20 [ RunTime:0.027000s ]
[ 2017-12-05T16:07:24+08:00 ][ sql ] [ SQL ] INSERT INTO `web_bonus` (`uid` , `create_date` , `type` , `money` , `order_id`) VALUES (12 , '1512461244' , 5 , 100 , 20) [ RunTime:0.027000s ]
[ 2017-12-05T16:07:24+08:00 ][ sql ] [ SQL ] SELECT * FROM `web_member` WHERE  `id` = 12 LIMIT 1 [ RunTime:0.001000s ]
[ 2017-12-05T16:07:24+08:00 ][ sql ] [ SQL ] UPDATE `web_member`  SET `money`=7000,`real`=200,`frozenmoney`=5800  WHERE  `id` = 12 [ RunTime:0.025000s ]
[ 2017-12-05T16:07:24+08:00 ][ info ] [ LOG ] INIT File
[ 2017-12-05T16:07:24+08:00 ][ info ] info
[ 2017-12-05T16:07:24+08:00 ][ sql ] [ SQL ] UPDATE `web_torder`  SET `real`=300  WHERE  `id` = 21 [ RunTime:0.027000s ]
[ 2017-12-05T16:07:24+08:00 ][ sql ] [ SQL ] INSERT INTO `web_bonus` (`uid` , `create_date` , `type` , `money` , `order_id`) VALUES (11 , '1512461244' , 5 , 150 , 21) [ RunTime:0.026000s ]
[ 2017-12-05T16:07:24+08:00 ][ sql ] [ SQL ] SELECT * FROM `web_member` WHERE  `id` = 11 LIMIT 1 [ RunTime:0.000000s ]
[ 2017-12-05T16:07:24+08:00 ][ sql ] [ SQL ] UPDATE `web_member`  SET `money`=4516.67,`real`=300,`frozenmoney`=8700  WHERE  `id` = 11 [ RunTime:0.025000s ]
[ 2017-12-05T16:07:24+08:00 ][ info ] [ LOG ] INIT File
[ 2017-12-05T16:07:24+08:00 ][ info ] info
[ 2017-12-05T16:07:24+08:00 ][ sql ] [ SQL ] UPDATE `web_torder`  SET `real`=16.666666666667  WHERE  `id` = 22 [ RunTime:0.025000s ]
[ 2017-12-05T16:07:24+08:00 ][ sql ] [ SQL ] INSERT INTO `web_bonus` (`uid` , `create_date` , `type` , `money` , `order_id`) VALUES (15 , '1512461244' , 5 , 16.666666666667 , 22) [ RunTime:0.027000s ]
[ 2017-12-05T16:07:24+08:00 ][ sql ] [ SQL ] SELECT * FROM `web_member` WHERE  `id` = 15 LIMIT 1 [ RunTime:0.000000s ]
[ 2017-12-05T16:07:24+08:00 ][ sql ] [ SQL ] UPDATE `web_member`  SET `money`=2830.0066666667,`real`=50.006666666667,`frozenmoney`=1949.9933333333  WHERE  `id` = 15 [ RunTime:0.025000s ]
[ 2017-12-05T16:07:24+08:00 ][ info ] [ LOG ] INIT File
[ 2017-12-05T16:07:24+08:00 ][ info ] info
[ 2017-12-05T16:07:24+08:00 ][ sql ] [ SQL ] UPDATE `web_torder`  SET `real`=16.666666666667  WHERE  `id` = 23 [ RunTime:0.027000s ]
[ 2017-12-05T16:07:24+08:00 ][ sql ] [ SQL ] INSERT INTO `web_bonus` (`uid` , `create_date` , `type` , `money` , `order_id`) VALUES (16 , '1512461244' , 5 , 16.666666666667 , 23) [ RunTime:0.027000s ]
[ 2017-12-05T16:07:24+08:00 ][ sql ] [ SQL ] SELECT * FROM `web_member` WHERE  `id` = 16 LIMIT 1 [ RunTime:0.000000s ]
[ 2017-12-05T16:07:24+08:00 ][ sql ] [ SQL ] UPDATE `web_member`  SET `money`=4316.6666666667,`real`=16.666666666667,`frozenmoney`=983.33333333333  WHERE  `id` = 16 [ RunTime:0.024000s ]
[ 2017-12-05T16:07:24+08:00 ][ info ] [ LOG ] INIT File
[ 2017-12-05T16:07:24+08:00 ][ info ] info
[ 2017-12-05T16:07:33+08:00 ][ info ] [ LOG ] INIT File
[ 2017-12-05T16:07:33+08:00 ][ info ] info
[ 2017-12-05T16:07:33+08:00 ][ sql ] [ SQL ] UPDATE `web_torder`  SET `real`=99.993333333333  WHERE  `id` = 18 [ RunTime:0.030000s ]
[ 2017-12-05T16:07:33+08:00 ][ sql ] [ SQL ] INSERT INTO `web_bonus` (`uid` , `create_date` , `type` , `money` , `order_id`) VALUES (14 , '1512461253' , 5 , 33.333333333333 , 18) [ RunTime:0.026000s ]
[ 2017-12-05T16:07:33+08:00 ][ sql ] [ SQL ] SELECT * FROM `web_member` WHERE  `id` = 14 LIMIT 1 [ RunTime:0.002000s ]
[ 2017-12-05T16:07:33+08:00 ][ sql ] [ SQL ] UPDATE `web_member`  SET `money`=7453.3333333333,`real`=99.993333333333,`frozenmoney`=1900.0066666667  WHERE  `id` = 14 [ RunTime:0.028000s ]
[ 2017-12-05T16:07:33+08:00 ][ info ] [ LOG ] INIT File
[ 2017-12-05T16:07:33+08:00 ][ info ] info
[ 2017-12-05T16:07:33+08:00 ][ sql ] [ SQL ] UPDATE `web_torder`  SET `real`=200.00666666667  WHERE  `id` = 19 [ RunTime:0.025000s ]
[ 2017-12-05T16:07:33+08:00 ][ sql ] [ SQL ] INSERT INTO `web_bonus` (`uid` , `create_date` , `type` , `money` , `order_id`) VALUES (13 , '1512461253' , 5 , 66.666666666667 , 19) [ RunTime:0.025000s ]
[ 2017-12-05T16:07:33+08:00 ][ sql ] [ SQL ] SELECT * FROM `web_member` WHERE  `id` = 13 LIMIT 1 [ RunTime:0.001000s ]
[ 2017-12-05T16:07:33+08:00 ][ sql ] [ SQL ] UPDATE `web_member`  SET `money`=6670.0066666667,`real`=200.00666666667,`frozenmoney`=3799.9933333333  WHERE  `id` = 13 [ RunTime:0.050000s ]
[ 2017-12-05T16:07:33+08:00 ][ info ] [ LOG ] INIT File
[ 2017-12-05T16:07:33+08:00 ][ info ] info
[ 2017-12-05T16:07:33+08:00 ][ sql ] [ SQL ] UPDATE `web_torder`  SET `real`=300  WHERE  `id` = 20 [ RunTime:0.026000s ]
[ 2017-12-05T16:07:33+08:00 ][ sql ] [ SQL ] INSERT INTO `web_bonus` (`uid` , `create_date` , `type` , `money` , `order_id`) VALUES (12 , '1512461253' , 5 , 100 , 20) [ RunTime:0.029000s ]
[ 2017-12-05T16:07:33+08:00 ][ sql ] [ SQL ] SELECT * FROM `web_member` WHERE  `id` = 12 LIMIT 1 [ RunTime:0.000000s ]
[ 2017-12-05T16:07:33+08:00 ][ sql ] [ SQL ] UPDATE `web_member`  SET `money`=7100,`real`=300,`frozenmoney`=5700  WHERE  `id` = 12 [ RunTime:0.025000s ]
[ 2017-12-05T16:07:33+08:00 ][ info ] [ LOG ] INIT File
[ 2017-12-05T16:07:33+08:00 ][ info ] info
[ 2017-12-05T16:07:33+08:00 ][ sql ] [ SQL ] UPDATE `web_torder`  SET `real`=450  WHERE  `id` = 21 [ RunTime:0.028000s ]
[ 2017-12-05T16:07:33+08:00 ][ sql ] [ SQL ] INSERT INTO `web_bonus` (`uid` , `create_date` , `type` , `money` , `order_id`) VALUES (11 , '1512461253' , 5 , 150 , 21) [ RunTime:0.027000s ]
[ 2017-12-05T16:07:33+08:00 ][ sql ] [ SQL ] SELECT * FROM `web_member` WHERE  `id` = 11 LIMIT 1 [ RunTime:0.000000s ]
[ 2017-12-05T16:07:33+08:00 ][ sql ] [ SQL ] UPDATE `web_member`  SET `money`=4666.67,`real`=450,`frozenmoney`=8550  WHERE  `id` = 11 [ RunTime:0.025000s ]
[ 2017-12-05T16:07:33+08:00 ][ info ] [ LOG ] INIT File
[ 2017-12-05T16:07:33+08:00 ][ info ] info
[ 2017-12-05T16:07:33+08:00 ][ sql ] [ SQL ] UPDATE `web_torder`  SET `real`=33.336666666667  WHERE  `id` = 22 [ RunTime:0.024000s ]
[ 2017-12-05T16:07:33+08:00 ][ sql ] [ SQL ] INSERT INTO `web_bonus` (`uid` , `create_date` , `type` , `money` , `order_id`) VALUES (15 , '1512461253' , 5 , 16.666666666667 , 22) [ RunTime:0.028000s ]
[ 2017-12-05T16:07:33+08:00 ][ sql ] [ SQL ] SELECT * FROM `web_member` WHERE  `id` = 15 LIMIT 1 [ RunTime:0.001000s ]
[ 2017-12-05T16:07:33+08:00 ][ sql ] [ SQL ] UPDATE `web_member`  SET `money`=2863.3466666667,`real`=83.346666666667,`frozenmoney`=1916.6533333333  WHERE  `id` = 15 [ RunTime:0.024000s ]
[ 2017-12-05T16:07:33+08:00 ][ info ] [ LOG ] INIT File
[ 2017-12-05T16:07:33+08:00 ][ info ] info
[ 2017-12-05T16:07:34+08:00 ][ sql ] [ SQL ] UPDATE `web_torder`  SET `real`=33.336666666667  WHERE  `id` = 23 [ RunTime:0.026000s ]
[ 2017-12-05T16:07:34+08:00 ][ sql ] [ SQL ] INSERT INTO `web_bonus` (`uid` , `create_date` , `type` , `money` , `order_id`) VALUES (16 , '1512461254' , 5 , 16.666666666667 , 23) [ RunTime:0.027000s ]
[ 2017-12-05T16:07:34+08:00 ][ sql ] [ SQL ] SELECT * FROM `web_member` WHERE  `id` = 16 LIMIT 1 [ RunTime:0.000000s ]
[ 2017-12-05T16:07:34+08:00 ][ sql ] [ SQL ] UPDATE `web_member`  SET `money`=4333.3366666667,`real`=33.336666666667,`frozenmoney`=966.66333333333  WHERE  `id` = 16 [ RunTime:0.026000s ]
[ 2017-12-05T16:07:34+08:00 ][ info ] [ LOG ] INIT File
[ 2017-12-05T16:07:34+08:00 ][ info ] info
