---------------------------------------------------------------
[ 2017-12-08T15:17:35+08:00 ] 192.168.1.86 192.168.1.25 POST /index/goods/buy_data.html
[ info ] 192.168.1.86:584/index/goods/buy_data.html [运行时间：1.456083s][吞吐率：0.69req/s] [内存消耗：3,006.43kb] [文件加载：60]
[ info ] [ LANG ] G:\phpstorm\shigoo1\shoppings\thinkphp\lang\zh-cn.php
[ info ] [ ROUTE ] array (
  'type' => 'module',
  'module' => 
  array (
    0 => 'index',
    1 => 'goods',
    2 => 'buy_data',
  ),
)
[ info ] [ HEADER ] array (
  'cookie' => 'PHPSESSID=ko2hc29f9tirbuobt75m46eml6; thinkphp_show_page_trace=0|0',
  'accept-language' => 'zh-CN,zh;q=0.9',
  'accept-encoding' => 'gzip, deflate',
  'referer' => 'http://192.168.1.86:584/index/goods/purchase/sid/Ng%3D%3D.html',
  'content-type' => 'application/x-www-form-urlencoded; charset=UTF-8',
  'user-agent' => 'Mozilla/5.0 (Windows NT 6.1; WOW64) AppleWebKit/537.36 (KHTML, like Gecko) Chrome/64.0.3278.0 Safari/537.36',
  'x-requested-with' => 'XMLHttpRequest',
  'origin' => 'http://192.168.1.86:584',
  'accept' => 'application/json, text/javascript, */*; q=0.01',
  'content-length' => '55',
  'connection' => 'keep-alive',
  'host' => '192.168.1.86:584',
)
[ info ] [ PARAM ] array (
  'pid' => '6',
  'token' => 'f9535bd4c561d017f6b5da6b02089c16',
  'pay_type' => '0',
)
[ info ] [ DB ] INIT mysql
[ info ] [ SESSION ] INIT array (
  'id' => '',
  'var_session_id' => '',
  'prefix' => 'think',
  'type' => '',
  'auto_start' => true,
)
[ info ] [ RUN ] app\index\controller\Goods->buy_data[ G:\phpstorm\shigoo1\shoppings\application\index\controller\Goods.php ]
[ info ] [ CACHE ] INIT File
[ info ] [ LOG ] INIT File
[ error ] [2]strtolower() expects parameter 1 to be string, array given[G:\phpstorm\shigoo1\shoppings\thinkphp\library\think\Route.php:242]
[ error ] [8]未定义数组下标: 1[G:\phpstorm\shigoo1\shoppings\thinkphp\library\think\Route.php:215]
[ error ] [8]未定义数组下标: 1[G:\phpstorm\shigoo1\shoppings\thinkphp\library\think\Route.php:215]
[ error ] [8]未定义数组下标: 1[G:\phpstorm\shigoo1\shoppings\thinkphp\library\think\Route.php:215]
[ error ] [8]未定义数组下标: 1[G:\phpstorm\shigoo1\shoppings\thinkphp\library\think\Route.php:215]
[ sql ] [ DB ] CONNECT:[ UseTime:0.001000s ] mysql:host=127.0.0.1;port=3308;dbname=xin;charset=utf8
[ sql ] [ SQL ] SHOW COLUMNS FROM `web_webconfig` [ RunTime:0.001000s ]
[ sql ] [ SQL ] SELECT * FROM `web_webconfig` WHERE  `id` = 1 LIMIT 1 [ RunTime:0.000000s ]
[ sql ] [ SQL ] SHOW COLUMNS FROM `web_member` [ RunTime:0.000000s ]
[ sql ] [ SQL ] SELECT * FROM `web_member` WHERE  `id` = 12 LIMIT 1 [ RunTime:0.000000s ]
[ sql ] [ SQL ] SHOW COLUMNS FROM `web_product` [ RunTime:0.000000s ]
[ sql ] [ SQL ] SELECT * FROM `web_product` WHERE  `id` = 6 LIMIT 1 [ RunTime:0.000000s ]
[ sql ] [ SQL ] SHOW COLUMNS FROM `web_infinite_class` [ RunTime:0.001001s ]
[ sql ] [ SQL ] SELECT * FROM `web_infinite_class` WHERE  `id` = 30 LIMIT 1 [ RunTime:0.000000s ]
[ sql ] [ SQL ] SHOW COLUMNS FROM `web_orders` [ RunTime:0.001000s ]
[ sql ] [ SQL ] SELECT * FROM `web_orders` WHERE  `uid` = 12  AND `pid` = 6  AND `type` = 2 [ RunTime:0.001000s ]
[ sql ] [ SQL ] SELECT * FROM `web_member` WHERE  `id` = 12 LIMIT 1 [ RunTime:0.001000s ]
[ sql ] [ SQL ] SELECT * FROM `web_product` WHERE  `id` = 6 LIMIT 1 [ RunTime:0.000000s ]
[ sql ] [ SQL ] SELECT DISTINCT price From web_product ORDER  BY price [ RunTime:0.000000s ]
[ sql ] [ SQL ] SELECT * FROM `web_orders` WHERE  `uid` = 12  AND `type` = 2  AND `create_date` < '1512662400' ORDER BY price desc LIMIT 1 [ RunTime:0.007000s ]
[ sql ] [ SQL ] SELECT * FROM `web_orders` WHERE  `uid` = 12  AND `type` = 2  AND `price` = 500  AND `create_date` < '1512662400' ORDER BY price desc LIMIT 1 [ RunTime:0.001000s ]
[ sql ] [ SQL ] SELECT * FROM `web_orders` WHERE  `uid` = 12  AND `type` = 2  AND `price` = 1000  AND `create_date` < '1512662400' ORDER BY price desc LIMIT 1 [ RunTime:0.001000s ]
[ sql ] [ SQL ] SELECT * FROM `web_orders` WHERE  `uid` = 12  AND `type` = 2  AND `create_date` BETWEEN '1512662400' AND '1512748799' LIMIT 1 [ RunTime:0.001000s ]
[ sql ] [ SQL ] SELECT COUNT(*) AS tp_count FROM `web_orders` WHERE  `uid` = 12  AND `type` = 1  AND `create_date` BETWEEN '1512662400' AND '1512748799' LIMIT 1 [ RunTime:0.001000s ]
[ sql ] [ SQL ] SELECT * FROM `web_webconfig` WHERE  `id` = 2 LIMIT 1 [ RunTime:0.001000s ]
[ sql ] [ SQL ] SELECT * FROM `web_orders` WHERE  `order_no` = '2017120810153505' LIMIT 1 [ RunTime:0.001000s ]
[ sql ] [ SQL ] INSERT INTO `web_orders` (`pid` , `uid` , `create_date` , `order_no` , `num` , `price` , `interest`) VALUES (6 , 12 , '1512717454' , '2017120810153505' , 1 , 21 , 4.2) [ RunTime:0.011001s ]
[ sql ] [ SQL ] SELECT * FROM `web_orders` WHERE  `id` = 40 LIMIT 1 [ RunTime:0.001000s ]
[ sql ] [ SQL ] UPDATE `web_orders`  SET `codeUrl`='http://pan.baidu.com/share/qrcode?w=300&h=300&url=weixin://wxpay/bizpayurl?pr=QwVrFKK'  WHERE  `id` = 40 [ RunTime:0.015001s ]
[ log ] array (
  'errcode' => 0,
  'errmsg' => 'success',
  'aid' => '617033015310',
  'merchant_id' => '617072005353338',
  'order_id' => '205001712081517344055',
  'create_time' => '2017-12-08 15:17:34',
  'pay_money' => '20.98',
  'qrcode' => 'weixin://wxpay/bizpayurl?pr=QwVrFKK',
  'mach_order_id' => '40',
  'sign' => '59a56294689f1bf188c649c3fd7d11c7',
)
