---------------------------------------------------------------
[ 2017-12-24T16:24:37+08:00 ] 192.168.1.86 192.168.1.86 POST /index/goods/buy_data.html
[ info ] 192.168.1.86:717/index/goods/buy_data.html [运行时间：1.163067s][吞吐率：0.86req/s] [内存消耗：2,978.81kb] [文件加载：60]
[ info ] [ LANG ] G:\phpstorm\shigoo1\shoppings\thinkphp\lang\zh-cn.php
[ info ] [ ROUTE ] array (
  'type' => 'module',
  'module' => 
  array (
    0 => 'index',
    1 => 'goods',
    2 => 'buy_data',
  ),
)
[ info ] [ HEADER ] array (
  'cookie' => 'PHPSESSID=bea7pnu2u5du6t6fogugta94h4; thinkphp_show_page_trace=0|0',
  'accept-language' => 'en,zh-CN;q=0.8,zh;q=0.6',
  'accept-encoding' => 'gzip, deflate',
  'referer' => 'http://192.168.1.86:717/index/goods/purchase/sid/Ng%3D%3D.html',
  'content-type' => 'application/x-www-form-urlencoded; charset=UTF-8',
  'user-agent' => 'Mozilla/5.0 (iPhone; CPU iPhone OS 9_1 like Mac OS X) AppleWebKit/601.1.46 (KHTML, like Gecko) Version/9.0 Mobile/13B143 Safari/601.1',
  'x-requested-with' => 'XMLHttpRequest',
  'origin' => 'http://192.168.1.86:717',
  'accept' => 'application/json, text/javascript, */*; q=0.01',
  'cache-control' => 'no-cache',
  'pragma' => 'no-cache',
  'content-length' => '55',
  'connection' => 'close',
  'host' => '192.168.1.86:717',
)
[ info ] [ PARAM ] array (
  'pid' => '6',
  'token' => '5569bfe4ca767705bba10563d9146624',
  'pay_type' => '0',
)
[ info ] [ DB ] INIT mysql
[ info ] [ SESSION ] INIT array (
  'id' => '',
  'var_session_id' => '',
  'prefix' => 'think',
  'type' => '',
  'auto_start' => true,
)
[ info ] [ RUN ] app\index\controller\Goods->buy_data[ G:\phpstorm\shigoo1\shoppings\application\index\controller\Goods.php ]
[ info ] [ CACHE ] INIT File
[ info ] [ LOG ] INIT File
[ error ] [2]strtolower() expects parameter 1 to be string, array given[G:\phpstorm\shigoo1\shoppings\thinkphp\library\think\Route.php:242]
[ error ] [8]未定义数组下标: 1[G:\phpstorm\shigoo1\shoppings\thinkphp\library\think\Route.php:215]
[ error ] [8]未定义数组下标: 1[G:\phpstorm\shigoo1\shoppings\thinkphp\library\think\Route.php:215]
[ error ] [8]未定义数组下标: 1[G:\phpstorm\shigoo1\shoppings\thinkphp\library\think\Route.php:215]
[ error ] [8]未定义数组下标: 1[G:\phpstorm\shigoo1\shoppings\thinkphp\library\think\Route.php:215]
[ sql ] [ DB ] CONNECT:[ UseTime:0.000000s ] mysql:host=127.0.0.1;port=3308;dbname=xin;charset=utf8
[ sql ] [ SQL ] SHOW COLUMNS FROM `web_webconfig` [ RunTime:0.001000s ]
[ sql ] [ SQL ] SELECT * FROM `web_webconfig` WHERE  `id` = 1 LIMIT 1 [ RunTime:0.000000s ]
[ sql ] [ SQL ] SHOW COLUMNS FROM `web_member` [ RunTime:0.001000s ]
[ sql ] [ SQL ] SELECT * FROM `web_member` WHERE  `id` = 16 LIMIT 1 [ RunTime:0.001000s ]
[ sql ] [ SQL ] SHOW COLUMNS FROM `web_product` [ RunTime:0.001000s ]
[ sql ] [ SQL ] SELECT * FROM `web_product` WHERE  `id` = 6 LIMIT 1 [ RunTime:0.000000s ]
[ sql ] [ SQL ] SHOW COLUMNS FROM `web_infinite_class` [ RunTime:0.001000s ]
[ sql ] [ SQL ] SELECT * FROM `web_infinite_class` WHERE  `id` = 30 LIMIT 1 [ RunTime:0.000000s ]
[ sql ] [ SQL ] SHOW COLUMNS FROM `web_orders` [ RunTime:0.002000s ]
[ sql ] [ SQL ] SELECT * FROM `web_orders` WHERE  `uid` = 16  AND `pid` = 6  AND `type` = 2 [ RunTime:0.001000s ]
[ sql ] [ SQL ] SELECT * FROM `web_product` WHERE  `id` = 6 LIMIT 1 [ RunTime:0.001000s ]
[ sql ] [ SQL ] SELECT DISTINCT price From web_product WHERE type_id=30 ORDER  BY price [ RunTime:0.001000s ]
[ sql ] [ SQL ] SELECT MAX(price) AS tp_max FROM `web_orders` WHERE  `uid` = 16  AND `type` = 2 LIMIT 1 [ RunTime:0.001000s ]
[ sql ] [ SQL ] SELECT * FROM `web_orders` WHERE  `uid` = 16  AND `type` = 2  AND `create_date` < '1514044800' ORDER BY price desc LIMIT 1 [ RunTime:0.002001s ]
[ sql ] [ SQL ] SELECT * FROM `web_orders` WHERE  `uid` = 16  AND `type` = 2  AND `price` = 500  AND `create_date` < '1514044800' ORDER BY price desc LIMIT 1 [ RunTime:0.001000s ]
[ sql ] [ SQL ] SELECT * FROM `web_orders` WHERE  `uid` = 16  AND `type` = 2  AND `price` = 1000  AND `create_date` < '1514044800' ORDER BY price desc LIMIT 1 [ RunTime:0.000000s ]
[ sql ] [ SQL ] SELECT * FROM `web_orders` WHERE  `uid` = 16  AND `type` = 2  AND `create_date` BETWEEN '1514044800' AND '1514131199' LIMIT 1 [ RunTime:0.000000s ]
[ sql ] [ SQL ] SELECT COUNT(*) AS tp_count FROM `web_orders` WHERE  `uid` = 16  AND `type` = 1  AND `create_date` BETWEEN '1514044800' AND '1514131199' LIMIT 1 [ RunTime:0.001000s ]
[ sql ] [ SQL ] SELECT * FROM `web_webconfig` WHERE  `id` = 2 LIMIT 1 [ RunTime:0.000000s ]
[ sql ] [ SQL ] SELECT * FROM `web_orders` WHERE  `order_no` = '20171224529798549' LIMIT 1 [ RunTime:0.000000s ]
[ sql ] [ SQL ] INSERT INTO `web_orders` (`pid` , `uid` , `create_date` , `order_no` , `num` , `price` , `interest`) VALUES (6 , 16 , '1514103876' , '20171224529798549' , 1 , 100 , 20) [ RunTime:0.016001s ]
[ sql ] [ SQL ] SELECT * FROM `web_orders` WHERE  `id` = 99 LIMIT 1 [ RunTime:0.000000s ]
[ sql ] [ SQL ] UPDATE `web_orders`  SET `codeUrl`='http://pan.baidu.com/share/qrcode?w=300&h=300&url=weixin://wxpay/bizpayurl?pr=bnu8Lj3'  WHERE  `id` = 99 [ RunTime:0.014001s ]
[ sql ] [ SQL ] UPDATE `web_orders`  SET `order_id_baibao`='205001712241624372370'  WHERE  `id` = 99 [ RunTime:0.004000s ]
[ log ] array (
  'errcode' => 0,
  'errmsg' => 'success',
  'aid' => '617033015310',
  'merchant_id' => '617071705453761',
  'order_id' => '205001712241624372370',
  'create_time' => '2017-12-24 16:24:37',
  'pay_money' => '99.99',
  'qrcode' => 'weixin://wxpay/bizpayurl?pr=bnu8Lj3',
  'mach_order_id' => '99',
  'sign' => '62f1733709d647a4c474c3e1b30423b0',
)
