---------------------------------------------------------------
[ 2017-11-17T17:43:19+08:00 ] 47.52.221.95 120.76.16.230 POST /index/goods/buy_data.html
[ error ] [2]strtolower() expects parameter 1 to be string, array given
[ error ] [8]未定义数组下标: 1
[ error ] [8]未定义数组下标: 1
[ error ] [8]未定义数组下标: 1
[ error ] [8]未定义数组下标: 1
[ error ] [8192]Non-static method app\index\model\Goods::httpPost() should not be called statically
[ sql ] [ DB ] CONNECT:[ UseTime:0.000000s ] mysql:host=127.0.0.1;port=3306;dbname=shoppings;charset=utf8
[ sql ] [ SQL ] SHOW COLUMNS FROM `web_webconfig` [ RunTime:0.000000s ]
[ sql ] [ SQL ] SELECT * FROM `web_webconfig` WHERE  `id` = 1 LIMIT 1 [ RunTime:0.000000s ]
[ sql ] [ SQL ] SHOW COLUMNS FROM `web_member` [ RunTime:0.000000s ]
[ sql ] [ SQL ] SELECT * FROM `web_member` WHERE  `id` = 120 LIMIT 1 [ RunTime:0.000000s ]
[ sql ] [ SQL ] SELECT * FROM `web_member` WHERE  `id` = 120 LIMIT 1 [ RunTime:0.000000s ]
[ sql ] [ SQL ] SHOW COLUMNS FROM `web_product` [ RunTime:0.000000s ]
[ sql ] [ SQL ] SELECT * FROM `web_product` WHERE  `id` = 45 LIMIT 1 [ RunTime:0.000000s ]
[ sql ] [ SQL ] SELECT DISTINCT price From web_product ORDER  BY price [ RunTime:0.015625s ]
[ sql ] [ SQL ] SHOW COLUMNS FROM `web_orders` [ RunTime:0.000000s ]
[ sql ] [ SQL ] SELECT * FROM `web_orders` WHERE  `uid` = 120  AND `type` = 2  AND `create_date` < '1510848000' ORDER BY price desc LIMIT 1 [ RunTime:0.000000s ]
[ sql ] [ SQL ] SELECT * FROM `web_orders` WHERE  `uid` = 120  AND `type` = 2  AND `price` = 500  AND `create_date` < '1510848000' ORDER BY price desc LIMIT 1 [ RunTime:0.000000s ]
[ sql ] [ SQL ] SELECT * FROM `web_orders` WHERE  `uid` = 120  AND `type` = 2  AND `price` = 1000  AND `create_date` < '1510848000' ORDER BY price desc LIMIT 1 [ RunTime:0.000000s ]
[ sql ] [ SQL ] SELECT * FROM `web_orders` WHERE  `uid` = 120  AND `type` = 2  AND `create_date` BETWEEN '1510848000' AND '1510934399' LIMIT 1 [ RunTime:0.000000s ]
[ sql ] [ SQL ] SELECT COUNT(*) AS tp_count FROM `web_orders` WHERE  `uid` = 120  AND `type` = 1  AND `create_date` BETWEEN '1510848000' AND '1510934399' LIMIT 1 [ RunTime:0.000000s ]
[ sql ] [ SQL ] SELECT * FROM `web_webconfig` WHERE  `id` = 2 LIMIT 1 [ RunTime:0.015625s ]
[ sql ] [ SQL ] INSERT INTO `web_orders` (`pid` , `uid` , `create_date` , `order_no` , `num` , `price` , `interest`) VALUES (45 , 120 , '1510911797' , '2017111753979750' , 1 , 100 , 20) [ RunTime:0.000000s ]
[ log ] array (
  'msg' => '操作成功',
  'code' => 0,
  'data' => 
  array (
    'msg' => '成功',
    'codeUrl' => 'weixin://wxpay/bizpayurl?pr=DR5rKtc',
    'code' => '0',
    'outTradeNo' => '2443805599417344',
    'clientSno' => '2017111753979750',
  ),
)
---------------------------------------------------------------
[ 2017-11-17T17:45:16+08:00 ] 47.52.221.95 120.76.16.231 POST /index/goods/buy_data.html
[ error ] [2]strtolower() expects parameter 1 to be string, array given
[ error ] [8]未定义数组下标: 1
[ error ] [8]未定义数组下标: 1
[ error ] [8]未定义数组下标: 1
[ error ] [8]未定义数组下标: 1
[ error ] [8192]Non-static method app\index\model\Goods::httpPost() should not be called statically
[ sql ] [ DB ] CONNECT:[ UseTime:0.000000s ] mysql:host=127.0.0.1;port=3306;dbname=shoppings;charset=utf8
[ sql ] [ SQL ] SHOW COLUMNS FROM `web_webconfig` [ RunTime:0.000000s ]
[ sql ] [ SQL ] SELECT * FROM `web_webconfig` WHERE  `id` = 1 LIMIT 1 [ RunTime:0.000000s ]
[ sql ] [ SQL ] SHOW COLUMNS FROM `web_member` [ RunTime:0.000000s ]
[ sql ] [ SQL ] SELECT * FROM `web_member` WHERE  `id` = 120 LIMIT 1 [ RunTime:0.000000s ]
[ sql ] [ SQL ] SELECT * FROM `web_member` WHERE  `id` = 120 LIMIT 1 [ RunTime:0.000000s ]
[ sql ] [ SQL ] SHOW COLUMNS FROM `web_product` [ RunTime:0.000000s ]
[ sql ] [ SQL ] SELECT * FROM `web_product` WHERE  `id` = 45 LIMIT 1 [ RunTime:0.000000s ]
[ sql ] [ SQL ] SELECT DISTINCT price From web_product ORDER  BY price [ RunTime:0.000000s ]
[ sql ] [ SQL ] SHOW COLUMNS FROM `web_orders` [ RunTime:0.000000s ]
[ sql ] [ SQL ] SELECT * FROM `web_orders` WHERE  `uid` = 120  AND `type` = 2  AND `create_date` < '1510848000' ORDER BY price desc LIMIT 1 [ RunTime:0.000000s ]
[ sql ] [ SQL ] SELECT * FROM `web_orders` WHERE  `uid` = 120  AND `type` = 2  AND `price` = 500  AND `create_date` < '1510848000' ORDER BY price desc LIMIT 1 [ RunTime:0.000000s ]
[ sql ] [ SQL ] SELECT * FROM `web_orders` WHERE  `uid` = 120  AND `type` = 2  AND `price` = 1000  AND `create_date` < '1510848000' ORDER BY price desc LIMIT 1 [ RunTime:0.015625s ]
[ sql ] [ SQL ] SELECT * FROM `web_orders` WHERE  `uid` = 120  AND `type` = 2  AND `create_date` BETWEEN '1510848000' AND '1510934399' LIMIT 1 [ RunTime:0.000000s ]
[ sql ] [ SQL ] SELECT COUNT(*) AS tp_count FROM `web_orders` WHERE  `uid` = 120  AND `type` = 1  AND `create_date` BETWEEN '1510848000' AND '1510934399' LIMIT 1 [ RunTime:0.000000s ]
[ sql ] [ SQL ] SELECT * FROM `web_webconfig` WHERE  `id` = 2 LIMIT 1 [ RunTime:0.000000s ]
[ sql ] [ SQL ] INSERT INTO `web_orders` (`pid` , `uid` , `create_date` , `order_no` , `num` , `price` , `interest`) VALUES (45 , 120 , '1510911915' , '2017111798495353' , 1 , 100 , 20) [ RunTime:0.000000s ]
[ log ] array (
  'msg' => '操作成功',
  'code' => 0,
  'data' => 
  array (
    'msg' => '成功',
    'codeUrl' => 'weixin://wxpay/bizpayurl?pr=CtafpUU',
    'code' => '0',
    'outTradeNo' => '2443807524406272',
    'clientSno' => '2017111798495353',
  ),
)
---------------------------------------------------------------
[ 2017-11-17T18:33:01+08:00 ] 47.52.221.95 120.25.115.5 POST /index/goods/buy_data.html
[ error ] [2]strtolower() expects parameter 1 to be string, array given
[ error ] [8]未定义数组下标: 1
[ error ] [8]未定义数组下标: 1
[ error ] [8]未定义数组下标: 1
[ error ] [8]未定义数组下标: 1
[ error ] [8192]Non-static method app\index\model\Goods::httpPost() should not be called statically
[ sql ] [ DB ] CONNECT:[ UseTime:0.000000s ] mysql:host=127.0.0.1;port=3306;dbname=shoppings;charset=utf8
[ sql ] [ SQL ] SHOW COLUMNS FROM `web_webconfig` [ RunTime:0.015625s ]
[ sql ] [ SQL ] SELECT * FROM `web_webconfig` WHERE  `id` = 1 LIMIT 1 [ RunTime:0.000000s ]
[ sql ] [ SQL ] SHOW COLUMNS FROM `web_member` [ RunTime:0.015625s ]
[ sql ] [ SQL ] SELECT * FROM `web_member` WHERE  `id` = 61 LIMIT 1 [ RunTime:0.000000s ]
[ sql ] [ SQL ] SELECT * FROM `web_member` WHERE  `id` = 61 LIMIT 1 [ RunTime:0.000000s ]
[ sql ] [ SQL ] SHOW COLUMNS FROM `web_product` [ RunTime:0.015625s ]
[ sql ] [ SQL ] SELECT * FROM `web_product` WHERE  `id` = 45 LIMIT 1 [ RunTime:0.000000s ]
[ sql ] [ SQL ] SELECT DISTINCT price From web_product ORDER  BY price [ RunTime:0.000000s ]
[ sql ] [ SQL ] SHOW COLUMNS FROM `web_orders` [ RunTime:0.015625s ]
[ sql ] [ SQL ] SELECT * FROM `web_orders` WHERE  `uid` = 61  AND `type` = 2  AND `create_date` < '1510848000' ORDER BY price desc LIMIT 1 [ RunTime:0.000000s ]
[ sql ] [ SQL ] SELECT * FROM `web_orders` WHERE  `uid` = 61  AND `type` = 2  AND `price` = 500  AND `create_date` < '1510848000' ORDER BY price desc LIMIT 1 [ RunTime:0.000000s ]
[ sql ] [ SQL ] SELECT * FROM `web_orders` WHERE  `uid` = 61  AND `type` = 2  AND `price` = 1000  AND `create_date` < '1510848000' ORDER BY price desc LIMIT 1 [ RunTime:0.000000s ]
[ sql ] [ SQL ] SELECT * FROM `web_orders` WHERE  `uid` = 61  AND `type` = 2  AND `create_date` BETWEEN '1510848000' AND '1510934399' LIMIT 1 [ RunTime:0.000000s ]
[ sql ] [ SQL ] SELECT COUNT(*) AS tp_count FROM `web_orders` WHERE  `uid` = 61  AND `type` = 1  AND `create_date` BETWEEN '1510848000' AND '1510934399' LIMIT 1 [ RunTime:0.000000s ]
[ sql ] [ SQL ] SELECT * FROM `web_webconfig` WHERE  `id` = 2 LIMIT 1 [ RunTime:0.000000s ]
[ sql ] [ SQL ] INSERT INTO `web_orders` (`pid` , `uid` , `create_date` , `order_no` , `num` , `price` , `interest`) VALUES (45 , 61 , '1510914780' , '2017111799539748' , 1 , 100 , 20) [ RunTime:0.000000s ]
[ log ] array (
  'msg' => '操作成功',
  'code' => 0,
  'data' => 
  array (
    'msg' => '成功',
    'codeUrl' => 'weixin://wxpay/bizpayurl?pr=XS9wxZb',
    'code' => '0',
    'outTradeNo' => '2443854465991680',
    'clientSno' => '2017111799539748',
  ),
)
---------------------------------------------------------------
[ 2017-11-17T18:40:32+08:00 ] 47.52.221.95 120.76.16.225 POST /index/goods/buy_data.html
[ error ] [2]strtolower() expects parameter 1 to be string, array given
[ error ] [8]未定义数组下标: 1
[ error ] [8]未定义数组下标: 1
[ error ] [8]未定义数组下标: 1
[ error ] [8]未定义数组下标: 1
[ error ] [8192]Non-static method app\index\model\Goods::httpPost() should not be called statically
[ sql ] [ DB ] CONNECT:[ UseTime:0.000000s ] mysql:host=127.0.0.1;port=3306;dbname=shoppings;charset=utf8
[ sql ] [ SQL ] SHOW COLUMNS FROM `web_webconfig` [ RunTime:0.015625s ]
[ sql ] [ SQL ] SELECT * FROM `web_webconfig` WHERE  `id` = 1 LIMIT 1 [ RunTime:0.000000s ]
[ sql ] [ SQL ] SHOW COLUMNS FROM `web_member` [ RunTime:0.015625s ]
[ sql ] [ SQL ] SELECT * FROM `web_member` WHERE  `id` = 69 LIMIT 1 [ RunTime:0.000000s ]
[ sql ] [ SQL ] SELECT * FROM `web_member` WHERE  `id` = 69 LIMIT 1 [ RunTime:0.000000s ]
[ sql ] [ SQL ] SHOW COLUMNS FROM `web_product` [ RunTime:0.015625s ]
[ sql ] [ SQL ] SELECT * FROM `web_product` WHERE  `id` = 45 LIMIT 1 [ RunTime:0.000000s ]
[ sql ] [ SQL ] SELECT DISTINCT price From web_product ORDER  BY price [ RunTime:0.000000s ]
[ sql ] [ SQL ] SHOW COLUMNS FROM `web_orders` [ RunTime:0.015625s ]
[ sql ] [ SQL ] SELECT * FROM `web_orders` WHERE  `uid` = 69  AND `type` = 2  AND `create_date` < '1510848000' ORDER BY price desc LIMIT 1 [ RunTime:0.000000s ]
[ sql ] [ SQL ] SELECT * FROM `web_orders` WHERE  `uid` = 69  AND `type` = 2  AND `price` = 500  AND `create_date` < '1510848000' ORDER BY price desc LIMIT 1 [ RunTime:0.000000s ]
[ sql ] [ SQL ] SELECT * FROM `web_orders` WHERE  `uid` = 69  AND `type` = 2  AND `price` = 1000  AND `create_date` < '1510848000' ORDER BY price desc LIMIT 1 [ RunTime:0.000000s ]
[ sql ] [ SQL ] SELECT * FROM `web_orders` WHERE  `uid` = 69  AND `type` = 2  AND `create_date` BETWEEN '1510848000' AND '1510934399' LIMIT 1 [ RunTime:0.000000s ]
[ sql ] [ SQL ] SELECT COUNT(*) AS tp_count FROM `web_orders` WHERE  `uid` = 69  AND `type` = 1  AND `create_date` BETWEEN '1510848000' AND '1510934399' LIMIT 1 [ RunTime:0.000000s ]
[ sql ] [ SQL ] SELECT * FROM `web_webconfig` WHERE  `id` = 2 LIMIT 1 [ RunTime:0.000000s ]
[ sql ] [ SQL ] INSERT INTO `web_orders` (`pid` , `uid` , `create_date` , `order_no` , `num` , `price` , `interest`) VALUES (45 , 69 , '1510915230' , '2017111710197975' , 1 , 100 , 20) [ RunTime:0.000000s ]
[ log ] array (
  'msg' => '操作成功',
  'code' => 0,
  'data' => 
  array (
    'msg' => '成功',
    'codeUrl' => 'weixin://wxpay/bizpayurl?pr=0YkMlRk',
    'code' => '0',
    'outTradeNo' => '2443861845050368',
    'clientSno' => '2017111710197975',
  ),
)
---------------------------------------------------------------
[ 2017-11-17T18:43:50+08:00 ] 47.52.221.95 120.76.16.228 POST /index/goods/buy_data.html
[ error ] [2]strtolower() expects parameter 1 to be string, array given
[ error ] [8]未定义数组下标: 1
[ error ] [8]未定义数组下标: 1
[ error ] [8]未定义数组下标: 1
[ error ] [8]未定义数组下标: 1
[ error ] [8192]Non-static method app\index\model\Goods::httpPost() should not be called statically
[ sql ] [ DB ] CONNECT:[ UseTime:0.000000s ] mysql:host=127.0.0.1;port=3306;dbname=shoppings;charset=utf8
[ sql ] [ SQL ] SHOW COLUMNS FROM `web_webconfig` [ RunTime:0.015625s ]
[ sql ] [ SQL ] SELECT * FROM `web_webconfig` WHERE  `id` = 1 LIMIT 1 [ RunTime:0.000000s ]
[ sql ] [ SQL ] SHOW COLUMNS FROM `web_member` [ RunTime:0.015625s ]
[ sql ] [ SQL ] SELECT * FROM `web_member` WHERE  `id` = 121 LIMIT 1 [ RunTime:0.000000s ]
[ sql ] [ SQL ] SELECT * FROM `web_member` WHERE  `id` = 121 LIMIT 1 [ RunTime:0.000000s ]
[ sql ] [ SQL ] SHOW COLUMNS FROM `web_product` [ RunTime:0.015625s ]
[ sql ] [ SQL ] SELECT * FROM `web_product` WHERE  `id` = 45 LIMIT 1 [ RunTime:0.000000s ]
[ sql ] [ SQL ] SELECT DISTINCT price From web_product ORDER  BY price [ RunTime:0.000000s ]
[ sql ] [ SQL ] SHOW COLUMNS FROM `web_orders` [ RunTime:0.015625s ]
[ sql ] [ SQL ] SELECT * FROM `web_orders` WHERE  `uid` = 121  AND `type` = 2  AND `create_date` < '1510848000' ORDER BY price desc LIMIT 1 [ RunTime:0.000000s ]
[ sql ] [ SQL ] SELECT * FROM `web_orders` WHERE  `uid` = 121  AND `type` = 2  AND `price` = 500  AND `create_date` < '1510848000' ORDER BY price desc LIMIT 1 [ RunTime:0.000000s ]
[ sql ] [ SQL ] SELECT * FROM `web_orders` WHERE  `uid` = 121  AND `type` = 2  AND `price` = 1000  AND `create_date` < '1510848000' ORDER BY price desc LIMIT 1 [ RunTime:0.000000s ]
[ sql ] [ SQL ] SELECT * FROM `web_orders` WHERE  `uid` = 121  AND `type` = 2  AND `create_date` BETWEEN '1510848000' AND '1510934399' LIMIT 1 [ RunTime:0.000000s ]
[ sql ] [ SQL ] SELECT COUNT(*) AS tp_count FROM `web_orders` WHERE  `uid` = 121  AND `type` = 1  AND `create_date` BETWEEN '1510848000' AND '1510934399' LIMIT 1 [ RunTime:0.000000s ]
[ sql ] [ SQL ] SELECT * FROM `web_webconfig` WHERE  `id` = 2 LIMIT 1 [ RunTime:0.000000s ]
[ sql ] [ SQL ] INSERT INTO `web_orders` (`pid` , `uid` , `create_date` , `order_no` , `num` , `price` , `interest`) VALUES (45 , 121 , '1510915429' , '2017111753505655' , 1 , 100 , 20) [ RunTime:0.000000s ]
[ log ] array (
  'msg' => '操作成功',
  'code' => 0,
  'data' => 
  array (
    'msg' => '成功',
    'codeUrl' => 'weixin://wxpay/bizpayurl?pr=IBAWbZC',
    'code' => '0',
    'outTradeNo' => '2443865092391936',
    'clientSno' => '2017111753505655',
  ),
)
---------------------------------------------------------------
[ 2017-11-17T18:54:10+08:00 ] 47.52.221.95 120.25.115.4 POST /index/goods/buy_data.html
[ error ] [2]strtolower() expects parameter 1 to be string, array given
[ error ] [8]未定义数组下标: 1
[ error ] [8]未定义数组下标: 1
[ error ] [8]未定义数组下标: 1
[ error ] [8]未定义数组下标: 1
[ error ] [8192]Non-static method app\index\model\Goods::httpPost() should not be called statically
[ sql ] [ DB ] CONNECT:[ UseTime:0.000000s ] mysql:host=127.0.0.1;port=3306;dbname=shoppings;charset=utf8
[ sql ] [ SQL ] SHOW COLUMNS FROM `web_webconfig` [ RunTime:0.015625s ]
[ sql ] [ SQL ] SELECT * FROM `web_webconfig` WHERE  `id` = 1 LIMIT 1 [ RunTime:0.000000s ]
[ sql ] [ SQL ] SHOW COLUMNS FROM `web_member` [ RunTime:0.015625s ]
[ sql ] [ SQL ] SELECT * FROM `web_member` WHERE  `id` = 122 LIMIT 1 [ RunTime:0.000000s ]
[ sql ] [ SQL ] SELECT * FROM `web_member` WHERE  `id` = 122 LIMIT 1 [ RunTime:0.000000s ]
[ sql ] [ SQL ] SHOW COLUMNS FROM `web_product` [ RunTime:0.015625s ]
[ sql ] [ SQL ] SELECT * FROM `web_product` WHERE  `id` = 45 LIMIT 1 [ RunTime:0.000000s ]
[ sql ] [ SQL ] SELECT DISTINCT price From web_product ORDER  BY price [ RunTime:0.000000s ]
[ sql ] [ SQL ] SHOW COLUMNS FROM `web_orders` [ RunTime:0.015625s ]
[ sql ] [ SQL ] SELECT * FROM `web_orders` WHERE  `uid` = 122  AND `type` = 2  AND `create_date` < '1510848000' ORDER BY price desc LIMIT 1 [ RunTime:0.000000s ]
[ sql ] [ SQL ] SELECT * FROM `web_orders` WHERE  `uid` = 122  AND `type` = 2  AND `price` = 500  AND `create_date` < '1510848000' ORDER BY price desc LIMIT 1 [ RunTime:0.000000s ]
[ sql ] [ SQL ] SELECT * FROM `web_orders` WHERE  `uid` = 122  AND `type` = 2  AND `price` = 1000  AND `create_date` < '1510848000' ORDER BY price desc LIMIT 1 [ RunTime:0.000000s ]
[ sql ] [ SQL ] SELECT * FROM `web_orders` WHERE  `uid` = 122  AND `type` = 2  AND `create_date` BETWEEN '1510848000' AND '1510934399' LIMIT 1 [ RunTime:0.000000s ]
[ sql ] [ SQL ] SELECT COUNT(*) AS tp_count FROM `web_orders` WHERE  `uid` = 122  AND `type` = 1  AND `create_date` BETWEEN '1510848000' AND '1510934399' LIMIT 1 [ RunTime:0.000000s ]
[ sql ] [ SQL ] SELECT * FROM `web_webconfig` WHERE  `id` = 2 LIMIT 1 [ RunTime:0.000000s ]
[ sql ] [ SQL ] INSERT INTO `web_orders` (`pid` , `uid` , `create_date` , `order_no` , `num` , `price` , `interest`) VALUES (45 , 122 , '1510916049' , '2017111749511025' , 1 , 100 , 20) [ RunTime:0.000000s ]
[ log ] array (
  'msg' => '操作成功',
  'code' => 0,
  'data' => 
  array (
    'msg' => '成功',
    'codeUrl' => 'weixin://wxpay/bizpayurl?pr=2aLHSdz',
    'code' => '0',
    'outTradeNo' => '2443875257664512',
    'clientSno' => '2017111749511025',
  ),
)
---------------------------------------------------------------
[ 2017-11-17T19:04:17+08:00 ] 47.52.221.95 120.76.16.230 POST /index/goods/buy_data.html
[ error ] [2]strtolower() expects parameter 1 to be string, array given
[ error ] [8]未定义数组下标: 1
[ error ] [8]未定义数组下标: 1
[ error ] [8]未定义数组下标: 1
[ error ] [8]未定义数组下标: 1
[ error ] [8192]Non-static method app\index\model\Goods::httpPost() should not be called statically
[ sql ] [ DB ] CONNECT:[ UseTime:0.000000s ] mysql:host=127.0.0.1;port=3306;dbname=shoppings;charset=utf8
[ sql ] [ SQL ] SHOW COLUMNS FROM `web_webconfig` [ RunTime:0.015625s ]
[ sql ] [ SQL ] SELECT * FROM `web_webconfig` WHERE  `id` = 1 LIMIT 1 [ RunTime:0.000000s ]
[ sql ] [ SQL ] SHOW COLUMNS FROM `web_member` [ RunTime:0.015625s ]
[ sql ] [ SQL ] SELECT * FROM `web_member` WHERE  `id` = 74 LIMIT 1 [ RunTime:0.000000s ]
[ sql ] [ SQL ] SELECT * FROM `web_member` WHERE  `id` = 74 LIMIT 1 [ RunTime:0.000000s ]
[ sql ] [ SQL ] SHOW COLUMNS FROM `web_product` [ RunTime:0.015625s ]
[ sql ] [ SQL ] SELECT * FROM `web_product` WHERE  `id` = 45 LIMIT 1 [ RunTime:0.000000s ]
[ sql ] [ SQL ] SELECT DISTINCT price From web_product ORDER  BY price [ RunTime:0.000000s ]
[ sql ] [ SQL ] SHOW COLUMNS FROM `web_orders` [ RunTime:0.015625s ]
[ sql ] [ SQL ] SELECT * FROM `web_orders` WHERE  `uid` = 74  AND `type` = 2  AND `create_date` < '1510848000' ORDER BY price desc LIMIT 1 [ RunTime:0.000000s ]
[ sql ] [ SQL ] SELECT * FROM `web_orders` WHERE  `uid` = 74  AND `type` = 2  AND `price` = 500  AND `create_date` < '1510848000' ORDER BY price desc LIMIT 1 [ RunTime:0.000000s ]
[ sql ] [ SQL ] SELECT * FROM `web_orders` WHERE  `uid` = 74  AND `type` = 2  AND `price` = 1000  AND `create_date` < '1510848000' ORDER BY price desc LIMIT 1 [ RunTime:0.000000s ]
[ sql ] [ SQL ] SELECT * FROM `web_orders` WHERE  `uid` = 74  AND `type` = 2  AND `create_date` BETWEEN '1510848000' AND '1510934399' LIMIT 1 [ RunTime:0.000000s ]
[ sql ] [ SQL ] SELECT COUNT(*) AS tp_count FROM `web_orders` WHERE  `uid` = 74  AND `type` = 1  AND `create_date` BETWEEN '1510848000' AND '1510934399' LIMIT 1 [ RunTime:0.000000s ]
[ sql ] [ SQL ] SELECT * FROM `web_webconfig` WHERE  `id` = 2 LIMIT 1 [ RunTime:0.000000s ]
[ sql ] [ SQL ] INSERT INTO `web_orders` (`pid` , `uid` , `create_date` , `order_no` , `num` , `price` , `interest`) VALUES (45 , 74 , '1510916655' , '2017111710298575' , 1 , 100 , 20) [ RunTime:0.000000s ]
[ log ] array (
  'msg' => '操作成功',
  'code' => 0,
  'data' => 
  array (
    'msg' => '成功',
    'codeUrl' => 'weixin://wxpay/bizpayurl?pr=UguGJRb',
    'code' => '0',
    'outTradeNo' => '2443885195133952',
    'clientSno' => '2017111710298575',
  ),
)
---------------------------------------------------------------
[ 2017-11-17T19:06:11+08:00 ] 47.52.221.95 120.76.16.232 POST /index/goods/buy_data.html
[ error ] [2]strtolower() expects parameter 1 to be string, array given
[ error ] [8]未定义数组下标: 1
[ error ] [8]未定义数组下标: 1
[ error ] [8]未定义数组下标: 1
[ error ] [8]未定义数组下标: 1
[ error ] [8192]Non-static method app\index\model\Goods::httpPost() should not be called statically
[ sql ] [ DB ] CONNECT:[ UseTime:0.000000s ] mysql:host=127.0.0.1;port=3306;dbname=shoppings;charset=utf8
[ sql ] [ SQL ] SHOW COLUMNS FROM `web_webconfig` [ RunTime:0.015625s ]
[ sql ] [ SQL ] SELECT * FROM `web_webconfig` WHERE  `id` = 1 LIMIT 1 [ RunTime:0.000000s ]
[ sql ] [ SQL ] SHOW COLUMNS FROM `web_member` [ RunTime:0.015625s ]
[ sql ] [ SQL ] SELECT * FROM `web_member` WHERE  `id` = 74 LIMIT 1 [ RunTime:0.000000s ]
[ sql ] [ SQL ] SELECT * FROM `web_member` WHERE  `id` = 74 LIMIT 1 [ RunTime:0.000000s ]
[ sql ] [ SQL ] SHOW COLUMNS FROM `web_product` [ RunTime:0.015625s ]
[ sql ] [ SQL ] SELECT * FROM `web_product` WHERE  `id` = 45 LIMIT 1 [ RunTime:0.000000s ]
[ sql ] [ SQL ] SELECT DISTINCT price From web_product ORDER  BY price [ RunTime:0.000000s ]
[ sql ] [ SQL ] SHOW COLUMNS FROM `web_orders` [ RunTime:0.015625s ]
[ sql ] [ SQL ] SELECT * FROM `web_orders` WHERE  `uid` = 74  AND `type` = 2  AND `create_date` < '1510848000' ORDER BY price desc LIMIT 1 [ RunTime:0.000000s ]
[ sql ] [ SQL ] SELECT * FROM `web_orders` WHERE  `uid` = 74  AND `type` = 2  AND `price` = 500  AND `create_date` < '1510848000' ORDER BY price desc LIMIT 1 [ RunTime:0.000000s ]
[ sql ] [ SQL ] SELECT * FROM `web_orders` WHERE  `uid` = 74  AND `type` = 2  AND `price` = 1000  AND `create_date` < '1510848000' ORDER BY price desc LIMIT 1 [ RunTime:0.000000s ]
[ sql ] [ SQL ] SELECT * FROM `web_orders` WHERE  `uid` = 74  AND `type` = 2  AND `create_date` BETWEEN '1510848000' AND '1510934399' LIMIT 1 [ RunTime:0.000000s ]
[ sql ] [ SQL ] SELECT COUNT(*) AS tp_count FROM `web_orders` WHERE  `uid` = 74  AND `type` = 1  AND `create_date` BETWEEN '1510848000' AND '1510934399' LIMIT 1 [ RunTime:0.000000s ]
[ sql ] [ SQL ] SELECT * FROM `web_webconfig` WHERE  `id` = 2 LIMIT 1 [ RunTime:0.000000s ]
[ sql ] [ SQL ] INSERT INTO `web_orders` (`pid` , `uid` , `create_date` , `order_no` , `num` , `price` , `interest`) VALUES (45 , 74 , '1510916770' , '2017111750505297' , 1 , 100 , 20) [ RunTime:0.000000s ]
[ log ] array (
  'msg' => '操作成功',
  'code' => 0,
  'data' => 
  array (
    'msg' => '成功',
    'codeUrl' => 'weixin://wxpay/bizpayurl?pr=5qC65ke',
    'code' => '0',
    'outTradeNo' => '2443887063434240',
    'clientSno' => '2017111750505297',
  ),
)
---------------------------------------------------------------
[ 2017-11-17T19:10:23+08:00 ] 47.52.221.95 120.76.16.228 POST /index/goods/buy_data.html
[ error ] [2]strtolower() expects parameter 1 to be string, array given
[ error ] [8]未定义数组下标: 1
[ error ] [8]未定义数组下标: 1
[ error ] [8]未定义数组下标: 1
[ error ] [8]未定义数组下标: 1
[ error ] [8192]Non-static method app\index\model\Goods::httpPost() should not be called statically
[ sql ] [ DB ] CONNECT:[ UseTime:0.000000s ] mysql:host=127.0.0.1;port=3306;dbname=shoppings;charset=utf8
[ sql ] [ SQL ] SHOW COLUMNS FROM `web_webconfig` [ RunTime:0.015625s ]
[ sql ] [ SQL ] SELECT * FROM `web_webconfig` WHERE  `id` = 1 LIMIT 1 [ RunTime:0.000000s ]
[ sql ] [ SQL ] SHOW COLUMNS FROM `web_member` [ RunTime:0.015625s ]
[ sql ] [ SQL ] SELECT * FROM `web_member` WHERE  `id` = 123 LIMIT 1 [ RunTime:0.000000s ]
[ sql ] [ SQL ] SELECT * FROM `web_member` WHERE  `id` = 123 LIMIT 1 [ RunTime:0.000000s ]
[ sql ] [ SQL ] SHOW COLUMNS FROM `web_product` [ RunTime:0.015625s ]
[ sql ] [ SQL ] SELECT * FROM `web_product` WHERE  `id` = 45 LIMIT 1 [ RunTime:0.000000s ]
[ sql ] [ SQL ] SELECT DISTINCT price From web_product ORDER  BY price [ RunTime:0.000000s ]
[ sql ] [ SQL ] SHOW COLUMNS FROM `web_orders` [ RunTime:0.015625s ]
[ sql ] [ SQL ] SELECT * FROM `web_orders` WHERE  `uid` = 123  AND `type` = 2  AND `create_date` < '1510848000' ORDER BY price desc LIMIT 1 [ RunTime:0.000000s ]
[ sql ] [ SQL ] SELECT * FROM `web_orders` WHERE  `uid` = 123  AND `type` = 2  AND `price` = 500  AND `create_date` < '1510848000' ORDER BY price desc LIMIT 1 [ RunTime:0.000000s ]
[ sql ] [ SQL ] SELECT * FROM `web_orders` WHERE  `uid` = 123  AND `type` = 2  AND `price` = 1000  AND `create_date` < '1510848000' ORDER BY price desc LIMIT 1 [ RunTime:0.000000s ]
[ sql ] [ SQL ] SELECT * FROM `web_orders` WHERE  `uid` = 123  AND `type` = 2  AND `create_date` BETWEEN '1510848000' AND '1510934399' LIMIT 1 [ RunTime:0.000000s ]
[ sql ] [ SQL ] SELECT COUNT(*) AS tp_count FROM `web_orders` WHERE  `uid` = 123  AND `type` = 1  AND `create_date` BETWEEN '1510848000' AND '1510934399' LIMIT 1 [ RunTime:0.000000s ]
[ sql ] [ SQL ] SELECT * FROM `web_webconfig` WHERE  `id` = 2 LIMIT 1 [ RunTime:0.000000s ]
[ sql ] [ SQL ] INSERT INTO `web_orders` (`pid` , `uid` , `create_date` , `order_no` , `num` , `price` , `interest`) VALUES (45 , 123 , '1510917022' , '2017111710151985' , 1 , 100 , 20) [ RunTime:0.015625s ]
[ log ] array (
  'msg' => '操作成功',
  'code' => 0,
  'data' => 
  array (
    'msg' => '成功',
    'codeUrl' => 'weixin://wxpay/bizpayurl?pr=rIB9fkI',
    'code' => '0',
    'outTradeNo' => '2443891192693760',
    'clientSno' => '2017111710151985',
  ),
)
---------------------------------------------------------------
[ 2017-11-17T19:13:19+08:00 ] 47.52.221.95 120.76.16.228 POST /index/goods/buy_data.html
[ error ] [2]strtolower() expects parameter 1 to be string, array given
[ error ] [8]未定义数组下标: 1
[ error ] [8]未定义数组下标: 1
[ error ] [8]未定义数组下标: 1
[ error ] [8]未定义数组下标: 1
[ error ] [8192]Non-static method app\index\model\Goods::httpPost() should not be called statically
[ sql ] [ DB ] CONNECT:[ UseTime:0.000000s ] mysql:host=127.0.0.1;port=3306;dbname=shoppings;charset=utf8
[ sql ] [ SQL ] SHOW COLUMNS FROM `web_webconfig` [ RunTime:0.015625s ]
[ sql ] [ SQL ] SELECT * FROM `web_webconfig` WHERE  `id` = 1 LIMIT 1 [ RunTime:0.000000s ]
[ sql ] [ SQL ] SHOW COLUMNS FROM `web_member` [ RunTime:0.015625s ]
[ sql ] [ SQL ] SELECT * FROM `web_member` WHERE  `id` = 100 LIMIT 1 [ RunTime:0.000000s ]
[ sql ] [ SQL ] SELECT * FROM `web_member` WHERE  `id` = 100 LIMIT 1 [ RunTime:0.000000s ]
[ sql ] [ SQL ] SHOW COLUMNS FROM `web_product` [ RunTime:0.015625s ]
[ sql ] [ SQL ] SELECT * FROM `web_product` WHERE  `id` = 45 LIMIT 1 [ RunTime:0.000000s ]
[ sql ] [ SQL ] SELECT DISTINCT price From web_product ORDER  BY price [ RunTime:0.000000s ]
[ sql ] [ SQL ] SHOW COLUMNS FROM `web_orders` [ RunTime:0.015625s ]
[ sql ] [ SQL ] SELECT * FROM `web_orders` WHERE  `uid` = 100  AND `type` = 2  AND `create_date` < '1510848000' ORDER BY price desc LIMIT 1 [ RunTime:0.000000s ]
[ sql ] [ SQL ] SELECT * FROM `web_orders` WHERE  `uid` = 100  AND `type` = 2  AND `price` = 500  AND `create_date` < '1510848000' ORDER BY price desc LIMIT 1 [ RunTime:0.000000s ]
[ sql ] [ SQL ] SELECT * FROM `web_orders` WHERE  `uid` = 100  AND `type` = 2  AND `price` = 1000  AND `create_date` < '1510848000' ORDER BY price desc LIMIT 1 [ RunTime:0.000000s ]
[ sql ] [ SQL ] SELECT * FROM `web_orders` WHERE  `uid` = 100  AND `type` = 2  AND `create_date` BETWEEN '1510848000' AND '1510934399' LIMIT 1 [ RunTime:0.000000s ]
[ sql ] [ SQL ] SELECT COUNT(*) AS tp_count FROM `web_orders` WHERE  `uid` = 100  AND `type` = 1  AND `create_date` BETWEEN '1510848000' AND '1510934399' LIMIT 1 [ RunTime:0.000000s ]
[ sql ] [ SQL ] SELECT * FROM `web_webconfig` WHERE  `id` = 2 LIMIT 1 [ RunTime:0.000000s ]
[ sql ] [ SQL ] INSERT INTO `web_orders` (`pid` , `uid` , `create_date` , `order_no` , `num` , `price` , `interest`) VALUES (45 , 100 , '1510917197' , '2017111710148505' , 1 , 100 , 20) [ RunTime:0.000000s ]
[ log ] array (
  'msg' => '操作成功',
  'code' => 0,
  'data' => 
  array (
    'msg' => '成功',
    'codeUrl' => 'weixin://wxpay/bizpayurl?pr=LpXZ1i2',
    'code' => '0',
    'outTradeNo' => '2443894078161920',
    'clientSno' => '2017111710148505',
  ),
)
---------------------------------------------------------------
[ 2017-11-17T19:14:59+08:00 ] 47.52.221.95 120.76.16.231 POST /index/goods/buy_data.html
[ error ] [2]strtolower() expects parameter 1 to be string, array given
[ error ] [8]未定义数组下标: 1
[ error ] [8]未定义数组下标: 1
[ error ] [8]未定义数组下标: 1
[ error ] [8]未定义数组下标: 1
[ error ] [8192]Non-static method app\index\model\Goods::httpPost() should not be called statically
[ sql ] [ DB ] CONNECT:[ UseTime:0.000000s ] mysql:host=127.0.0.1;port=3306;dbname=shoppings;charset=utf8
[ sql ] [ SQL ] SHOW COLUMNS FROM `web_webconfig` [ RunTime:0.000000s ]
[ sql ] [ SQL ] SELECT * FROM `web_webconfig` WHERE  `id` = 1 LIMIT 1 [ RunTime:0.000000s ]
[ sql ] [ SQL ] SHOW COLUMNS FROM `web_member` [ RunTime:0.015625s ]
[ sql ] [ SQL ] SELECT * FROM `web_member` WHERE  `id` = 124 LIMIT 1 [ RunTime:0.000000s ]
[ sql ] [ SQL ] SELECT * FROM `web_member` WHERE  `id` = 124 LIMIT 1 [ RunTime:0.015625s ]
[ sql ] [ SQL ] SHOW COLUMNS FROM `web_product` [ RunTime:0.000000s ]
[ sql ] [ SQL ] SELECT * FROM `web_product` WHERE  `id` = 45 LIMIT 1 [ RunTime:0.000000s ]
[ sql ] [ SQL ] SELECT DISTINCT price From web_product ORDER  BY price [ RunTime:0.000000s ]
[ sql ] [ SQL ] SHOW COLUMNS FROM `web_orders` [ RunTime:0.015625s ]
[ sql ] [ SQL ] SELECT * FROM `web_orders` WHERE  `uid` = 124  AND `type` = 2  AND `create_date` < '1510848000' ORDER BY price desc LIMIT 1 [ RunTime:0.000000s ]
[ sql ] [ SQL ] SELECT * FROM `web_orders` WHERE  `uid` = 124  AND `type` = 2  AND `price` = 500  AND `create_date` < '1510848000' ORDER BY price desc LIMIT 1 [ RunTime:0.000000s ]
[ sql ] [ SQL ] SELECT * FROM `web_orders` WHERE  `uid` = 124  AND `type` = 2  AND `price` = 1000  AND `create_date` < '1510848000' ORDER BY price desc LIMIT 1 [ RunTime:0.000000s ]
[ sql ] [ SQL ] SELECT * FROM `web_orders` WHERE  `uid` = 124  AND `type` = 2  AND `create_date` BETWEEN '1510848000' AND '1510934399' LIMIT 1 [ RunTime:0.000000s ]
[ sql ] [ SQL ] SELECT COUNT(*) AS tp_count FROM `web_orders` WHERE  `uid` = 124  AND `type` = 1  AND `create_date` BETWEEN '1510848000' AND '1510934399' LIMIT 1 [ RunTime:0.000000s ]
[ sql ] [ SQL ] SELECT * FROM `web_webconfig` WHERE  `id` = 2 LIMIT 1 [ RunTime:0.000000s ]
[ sql ] [ SQL ] INSERT INTO `web_orders` (`pid` , `uid` , `create_date` , `order_no` , `num` , `price` , `interest`) VALUES (45 , 124 , '1510917298' , '2017111750564850' , 1 , 100 , 20) [ RunTime:0.015625s ]
[ log ] array (
  'msg' => '操作成功',
  'code' => 0,
  'data' => 
  array (
    'msg' => '成功',
    'codeUrl' => 'weixin://wxpay/bizpayurl?pr=V84DGkm',
    'code' => '0',
    'outTradeNo' => '2443895717610496',
    'clientSno' => '2017111750564850',
  ),
)
---------------------------------------------------------------
[ 2017-11-17T19:22:33+08:00 ] 47.52.221.95 120.25.115.6 POST /index/goods/buy_data.html
[ error ] [2]strtolower() expects parameter 1 to be string, array given
[ error ] [8]未定义数组下标: 1
[ error ] [8]未定义数组下标: 1
[ error ] [8]未定义数组下标: 1
[ error ] [8]未定义数组下标: 1
[ error ] [8192]Non-static method app\index\model\Goods::httpPost() should not be called statically
[ sql ] [ DB ] CONNECT:[ UseTime:0.000000s ] mysql:host=127.0.0.1;port=3306;dbname=shoppings;charset=utf8
[ sql ] [ SQL ] SHOW COLUMNS FROM `web_webconfig` [ RunTime:0.000000s ]
[ sql ] [ SQL ] SELECT * FROM `web_webconfig` WHERE  `id` = 1 LIMIT 1 [ RunTime:0.000000s ]
[ sql ] [ SQL ] SHOW COLUMNS FROM `web_member` [ RunTime:0.015625s ]
[ sql ] [ SQL ] SELECT * FROM `web_member` WHERE  `id` = 125 LIMIT 1 [ RunTime:0.000000s ]
[ sql ] [ SQL ] SELECT * FROM `web_member` WHERE  `id` = 125 LIMIT 1 [ RunTime:0.000000s ]
[ sql ] [ SQL ] SHOW COLUMNS FROM `web_product` [ RunTime:0.000000s ]
[ sql ] [ SQL ] SELECT * FROM `web_product` WHERE  `id` = 45 LIMIT 1 [ RunTime:0.015625s ]
[ sql ] [ SQL ] SELECT DISTINCT price From web_product ORDER  BY price [ RunTime:0.000000s ]
[ sql ] [ SQL ] SHOW COLUMNS FROM `web_orders` [ RunTime:0.000000s ]
[ sql ] [ SQL ] SELECT * FROM `web_orders` WHERE  `uid` = 125  AND `type` = 2  AND `create_date` < '1510848000' ORDER BY price desc LIMIT 1 [ RunTime:0.000000s ]
[ sql ] [ SQL ] SELECT * FROM `web_orders` WHERE  `uid` = 125  AND `type` = 2  AND `price` = 500  AND `create_date` < '1510848000' ORDER BY price desc LIMIT 1 [ RunTime:0.000000s ]
[ sql ] [ SQL ] SELECT * FROM `web_orders` WHERE  `uid` = 125  AND `type` = 2  AND `price` = 1000  AND `create_date` < '1510848000' ORDER BY price desc LIMIT 1 [ RunTime:0.000000s ]
[ sql ] [ SQL ] SELECT * FROM `web_orders` WHERE  `uid` = 125  AND `type` = 2  AND `create_date` BETWEEN '1510848000' AND '1510934399' LIMIT 1 [ RunTime:0.000000s ]
[ sql ] [ SQL ] SELECT COUNT(*) AS tp_count FROM `web_orders` WHERE  `uid` = 125  AND `type` = 1  AND `create_date` BETWEEN '1510848000' AND '1510934399' LIMIT 1 [ RunTime:0.000000s ]
[ sql ] [ SQL ] SELECT * FROM `web_webconfig` WHERE  `id` = 2 LIMIT 1 [ RunTime:0.000000s ]
[ sql ] [ SQL ] INSERT INTO `web_orders` (`pid` , `uid` , `create_date` , `order_no` , `num` , `price` , `interest`) VALUES (45 , 125 , '1510917752' , '2017111756519856' , 1 , 100 , 20) [ RunTime:0.000000s ]
[ log ] array (
  'msg' => '操作成功',
  'code' => 0,
  'data' => 
  array (
    'msg' => '成功',
    'codeUrl' => 'weixin://wxpay/bizpayurl?pr=dJ3bt8T',
    'code' => '0',
    'outTradeNo' => '2443903157060608',
    'clientSno' => '2017111756519856',
  ),
)
---------------------------------------------------------------
[ 2017-11-17T20:05:08+08:00 ] 47.52.221.95 120.76.16.232 POST /index/goods/buy_data.html
[ error ] [2]strtolower() expects parameter 1 to be string, array given
[ error ] [8]未定义数组下标: 1
[ error ] [8]未定义数组下标: 1
[ error ] [8]未定义数组下标: 1
[ error ] [8]未定义数组下标: 1
[ error ] [8192]Non-static method app\index\model\Goods::httpPost() should not be called statically
[ sql ] [ DB ] CONNECT:[ UseTime:0.000000s ] mysql:host=127.0.0.1;port=3306;dbname=shoppings;charset=utf8
[ sql ] [ SQL ] SHOW COLUMNS FROM `web_webconfig` [ RunTime:0.015625s ]
[ sql ] [ SQL ] SELECT * FROM `web_webconfig` WHERE  `id` = 1 LIMIT 1 [ RunTime:0.000000s ]
[ sql ] [ SQL ] SHOW COLUMNS FROM `web_member` [ RunTime:0.000000s ]
[ sql ] [ SQL ] SELECT * FROM `web_member` WHERE  `id` = 66 LIMIT 1 [ RunTime:0.000000s ]
[ sql ] [ SQL ] SELECT * FROM `web_member` WHERE  `id` = 66 LIMIT 1 [ RunTime:0.000000s ]
[ sql ] [ SQL ] SHOW COLUMNS FROM `web_product` [ RunTime:0.000000s ]
[ sql ] [ SQL ] SELECT * FROM `web_product` WHERE  `id` = 45 LIMIT 1 [ RunTime:0.000000s ]
[ sql ] [ SQL ] SELECT DISTINCT price From web_product ORDER  BY price [ RunTime:0.000000s ]
[ sql ] [ SQL ] SHOW COLUMNS FROM `web_orders` [ RunTime:0.000000s ]
[ sql ] [ SQL ] SELECT * FROM `web_orders` WHERE  `uid` = 66  AND `type` = 2  AND `create_date` < '1510848000' ORDER BY price desc LIMIT 1 [ RunTime:0.000000s ]
[ sql ] [ SQL ] SELECT * FROM `web_orders` WHERE  `uid` = 66  AND `type` = 2  AND `price` = 500  AND `create_date` < '1510848000' ORDER BY price desc LIMIT 1 [ RunTime:0.000000s ]
[ sql ] [ SQL ] SELECT * FROM `web_orders` WHERE  `uid` = 66  AND `type` = 2  AND `price` = 1000  AND `create_date` < '1510848000' ORDER BY price desc LIMIT 1 [ RunTime:0.000000s ]
[ sql ] [ SQL ] SELECT * FROM `web_orders` WHERE  `uid` = 66  AND `type` = 2  AND `create_date` BETWEEN '1510848000' AND '1510934399' LIMIT 1 [ RunTime:0.000000s ]
[ sql ] [ SQL ] SELECT COUNT(*) AS tp_count FROM `web_orders` WHERE  `uid` = 66  AND `type` = 1  AND `create_date` BETWEEN '1510848000' AND '1510934399' LIMIT 1 [ RunTime:0.015625s ]
[ sql ] [ SQL ] SELECT * FROM `web_webconfig` WHERE  `id` = 2 LIMIT 1 [ RunTime:0.000000s ]
[ sql ] [ SQL ] INSERT INTO `web_orders` (`pid` , `uid` , `create_date` , `order_no` , `num` , `price` , `interest`) VALUES (45 , 66 , '1510920307' , '2017111751504810' , 1 , 100 , 20) [ RunTime:0.000000s ]
[ log ] array (
  'msg' => '操作成功',
  'code' => 0,
  'data' => 
  array (
    'msg' => '成功',
    'codeUrl' => 'weixin://wxpay/bizpayurl?pr=0UrPQha',
    'code' => '0',
    'outTradeNo' => '2443945015411712',
    'clientSno' => '2017111751504810',
  ),
)
---------------------------------------------------------------
[ 2017-11-17T20:11:32+08:00 ] 47.52.221.95 120.25.115.4 POST /index/goods/buy_data.html
[ error ] [2]strtolower() expects parameter 1 to be string, array given
[ error ] [8]未定义数组下标: 1
[ error ] [8]未定义数组下标: 1
[ error ] [8]未定义数组下标: 1
[ error ] [8]未定义数组下标: 1
[ error ] [8192]Non-static method app\index\model\Goods::httpPost() should not be called statically
[ sql ] [ DB ] CONNECT:[ UseTime:0.000000s ] mysql:host=127.0.0.1;port=3306;dbname=shoppings;charset=utf8
[ sql ] [ SQL ] SHOW COLUMNS FROM `web_webconfig` [ RunTime:0.015625s ]
[ sql ] [ SQL ] SELECT * FROM `web_webconfig` WHERE  `id` = 1 LIMIT 1 [ RunTime:0.000000s ]
[ sql ] [ SQL ] SHOW COLUMNS FROM `web_member` [ RunTime:0.000000s ]
[ sql ] [ SQL ] SELECT * FROM `web_member` WHERE  `id` = 126 LIMIT 1 [ RunTime:0.000000s ]
[ sql ] [ SQL ] SELECT * FROM `web_member` WHERE  `id` = 126 LIMIT 1 [ RunTime:0.000000s ]
[ sql ] [ SQL ] SHOW COLUMNS FROM `web_product` [ RunTime:0.000000s ]
[ sql ] [ SQL ] SELECT * FROM `web_product` WHERE  `id` = 45 LIMIT 1 [ RunTime:0.000000s ]
[ sql ] [ SQL ] SELECT DISTINCT price From web_product ORDER  BY price [ RunTime:0.000000s ]
[ sql ] [ SQL ] SHOW COLUMNS FROM `web_orders` [ RunTime:0.000000s ]
[ sql ] [ SQL ] SELECT * FROM `web_orders` WHERE  `uid` = 126  AND `type` = 2  AND `create_date` < '1510848000' ORDER BY price desc LIMIT 1 [ RunTime:0.000000s ]
[ sql ] [ SQL ] SELECT * FROM `web_orders` WHERE  `uid` = 126  AND `type` = 2  AND `price` = 500  AND `create_date` < '1510848000' ORDER BY price desc LIMIT 1 [ RunTime:0.000000s ]
[ sql ] [ SQL ] SELECT * FROM `web_orders` WHERE  `uid` = 126  AND `type` = 2  AND `price` = 1000  AND `create_date` < '1510848000' ORDER BY price desc LIMIT 1 [ RunTime:0.000000s ]
[ sql ] [ SQL ] SELECT * FROM `web_orders` WHERE  `uid` = 126  AND `type` = 2  AND `create_date` BETWEEN '1510848000' AND '1510934399' LIMIT 1 [ RunTime:0.000000s ]
[ sql ] [ SQL ] SELECT COUNT(*) AS tp_count FROM `web_orders` WHERE  `uid` = 126  AND `type` = 1  AND `create_date` BETWEEN '1510848000' AND '1510934399' LIMIT 1 [ RunTime:0.000000s ]
[ sql ] [ SQL ] SELECT * FROM `web_webconfig` WHERE  `id` = 2 LIMIT 1 [ RunTime:0.000000s ]
[ sql ] [ SQL ] INSERT INTO `web_orders` (`pid` , `uid` , `create_date` , `order_no` , `num` , `price` , `interest`) VALUES (45 , 126 , '1510920690' , '2017111750575152' , 1 , 100 , 20) [ RunTime:0.000000s ]
[ log ] array (
  'msg' => '操作成功',
  'code' => 0,
  'data' => 
  array (
    'msg' => '成功',
    'codeUrl' => 'weixin://wxpay/bizpayurl?pr=6gW2C92',
    'code' => '0',
    'outTradeNo' => '2443951301526528',
    'clientSno' => '2017111750575152',
  ),
)
---------------------------------------------------------------
[ 2017-11-17T20:34:03+08:00 ] 47.52.221.95 120.76.16.228 POST /index/goods/buy_data.html
[ error ] [2]strtolower() expects parameter 1 to be string, array given
[ error ] [8]未定义数组下标: 1
[ error ] [8]未定义数组下标: 1
[ error ] [8]未定义数组下标: 1
[ error ] [8]未定义数组下标: 1
[ error ] [8192]Non-static method app\index\model\Goods::httpPost() should not be called statically
[ sql ] [ DB ] CONNECT:[ UseTime:0.000000s ] mysql:host=127.0.0.1;port=3306;dbname=shoppings;charset=utf8
[ sql ] [ SQL ] SHOW COLUMNS FROM `web_webconfig` [ RunTime:0.015625s ]
[ sql ] [ SQL ] SELECT * FROM `web_webconfig` WHERE  `id` = 1 LIMIT 1 [ RunTime:0.000000s ]
[ sql ] [ SQL ] SHOW COLUMNS FROM `web_member` [ RunTime:0.000000s ]
[ sql ] [ SQL ] SELECT * FROM `web_member` WHERE  `id` = 86 LIMIT 1 [ RunTime:0.015625s ]
[ sql ] [ SQL ] SELECT * FROM `web_member` WHERE  `id` = 86 LIMIT 1 [ RunTime:0.000000s ]
[ sql ] [ SQL ] SHOW COLUMNS FROM `web_product` [ RunTime:0.015625s ]
[ sql ] [ SQL ] SELECT * FROM `web_product` WHERE  `id` = 45 LIMIT 1 [ RunTime:0.000000s ]
[ sql ] [ SQL ] SELECT DISTINCT price From web_product ORDER  BY price [ RunTime:0.000000s ]
[ sql ] [ SQL ] SHOW COLUMNS FROM `web_orders` [ RunTime:0.000000s ]
[ sql ] [ SQL ] SELECT * FROM `web_orders` WHERE  `uid` = 86  AND `type` = 2  AND `create_date` < '1510848000' ORDER BY price desc LIMIT 1 [ RunTime:0.000000s ]
[ sql ] [ SQL ] SELECT * FROM `web_orders` WHERE  `uid` = 86  AND `type` = 2  AND `price` = 500  AND `create_date` < '1510848000' ORDER BY price desc LIMIT 1 [ RunTime:0.000000s ]
[ sql ] [ SQL ] SELECT * FROM `web_orders` WHERE  `uid` = 86  AND `type` = 2  AND `price` = 1000  AND `create_date` < '1510848000' ORDER BY price desc LIMIT 1 [ RunTime:0.015625s ]
[ sql ] [ SQL ] SELECT * FROM `web_orders` WHERE  `uid` = 86  AND `type` = 2  AND `create_date` BETWEEN '1510848000' AND '1510934399' LIMIT 1 [ RunTime:0.000000s ]
[ sql ] [ SQL ] SELECT COUNT(*) AS tp_count FROM `web_orders` WHERE  `uid` = 86  AND `type` = 1  AND `create_date` BETWEEN '1510848000' AND '1510934399' LIMIT 1 [ RunTime:0.000000s ]
[ sql ] [ SQL ] SELECT * FROM `web_webconfig` WHERE  `id` = 2 LIMIT 1 [ RunTime:0.000000s ]
[ sql ] [ SQL ] INSERT INTO `web_orders` (`pid` , `uid` , `create_date` , `order_no` , `num` , `price` , `interest`) VALUES (45 , 86 , '1510922041' , '2017111757102505' , 1 , 100 , 20) [ RunTime:0.000000s ]
[ log ] array (
  'msg' => '操作成功',
  'code' => 0,
  'data' => 
  array (
    'msg' => '成功',
    'codeUrl' => 'weixin://wxpay/bizpayurl?pr=JWFF3df',
    'code' => '0',
    'outTradeNo' => '2443973441012736',
    'clientSno' => '2017111757102505',
  ),
)
---------------------------------------------------------------
[ 2017-11-17T20:43:22+08:00 ] 47.52.221.95 120.25.115.5 POST /index/goods/buy_data.html
[ error ] [2]strtolower() expects parameter 1 to be string, array given
[ error ] [8]未定义数组下标: 1
[ error ] [8]未定义数组下标: 1
[ error ] [8]未定义数组下标: 1
[ error ] [8]未定义数组下标: 1
[ error ] [8192]Non-static method app\index\model\Goods::httpPost() should not be called statically
[ sql ] [ DB ] CONNECT:[ UseTime:0.000000s ] mysql:host=127.0.0.1;port=3306;dbname=shoppings;charset=utf8
[ sql ] [ SQL ] SHOW COLUMNS FROM `web_webconfig` [ RunTime:0.000000s ]
[ sql ] [ SQL ] SELECT * FROM `web_webconfig` WHERE  `id` = 1 LIMIT 1 [ RunTime:0.000000s ]
[ sql ] [ SQL ] SHOW COLUMNS FROM `web_member` [ RunTime:0.000000s ]
[ sql ] [ SQL ] SELECT * FROM `web_member` WHERE  `id` = 127 LIMIT 1 [ RunTime:0.000000s ]
[ sql ] [ SQL ] SELECT * FROM `web_member` WHERE  `id` = 127 LIMIT 1 [ RunTime:0.000000s ]
[ sql ] [ SQL ] SHOW COLUMNS FROM `web_product` [ RunTime:0.000000s ]
[ sql ] [ SQL ] SELECT * FROM `web_product` WHERE  `id` = 45 LIMIT 1 [ RunTime:0.000000s ]
[ sql ] [ SQL ] SELECT DISTINCT price From web_product ORDER  BY price [ RunTime:0.015625s ]
[ sql ] [ SQL ] SHOW COLUMNS FROM `web_orders` [ RunTime:0.000000s ]
[ sql ] [ SQL ] SELECT * FROM `web_orders` WHERE  `uid` = 127  AND `type` = 2  AND `create_date` < '1510848000' ORDER BY price desc LIMIT 1 [ RunTime:0.000000s ]
[ sql ] [ SQL ] SELECT * FROM `web_orders` WHERE  `uid` = 127  AND `type` = 2  AND `price` = 500  AND `create_date` < '1510848000' ORDER BY price desc LIMIT 1 [ RunTime:0.000000s ]
[ sql ] [ SQL ] SELECT * FROM `web_orders` WHERE  `uid` = 127  AND `type` = 2  AND `price` = 1000  AND `create_date` < '1510848000' ORDER BY price desc LIMIT 1 [ RunTime:0.000000s ]
[ sql ] [ SQL ] SELECT * FROM `web_orders` WHERE  `uid` = 127  AND `type` = 2  AND `create_date` BETWEEN '1510848000' AND '1510934399' LIMIT 1 [ RunTime:0.015625s ]
[ sql ] [ SQL ] SELECT COUNT(*) AS tp_count FROM `web_orders` WHERE  `uid` = 127  AND `type` = 1  AND `create_date` BETWEEN '1510848000' AND '1510934399' LIMIT 1 [ RunTime:0.000000s ]
[ sql ] [ SQL ] SELECT * FROM `web_webconfig` WHERE  `id` = 2 LIMIT 1 [ RunTime:0.000000s ]
[ sql ] [ SQL ] INSERT INTO `web_orders` (`pid` , `uid` , `create_date` , `order_no` , `num` , `price` , `interest`) VALUES (45 , 127 , '1510922600' , '2017111756100551' , 1 , 100 , 20) [ RunTime:0.000000s ]
[ log ] array (
  'msg' => '操作成功',
  'code' => 0,
  'data' => 
  array (
    'msg' => '成功',
    'codeUrl' => 'weixin://wxpay/bizpayurl?pr=SOZmC3b',
    'code' => '0',
    'outTradeNo' => '2443982596473856',
    'clientSno' => '2017111756100551',
  ),
)
---------------------------------------------------------------
[ 2017-11-17T20:56:25+08:00 ] 47.52.221.95 120.25.115.5 POST /index/goods/buy_data.html
[ error ] [2]strtolower() expects parameter 1 to be string, array given
[ error ] [8]未定义数组下标: 1
[ error ] [8]未定义数组下标: 1
[ error ] [8]未定义数组下标: 1
[ error ] [8]未定义数组下标: 1
[ error ] [8192]Non-static method app\index\model\Goods::httpPost() should not be called statically
[ sql ] [ DB ] CONNECT:[ UseTime:0.000000s ] mysql:host=127.0.0.1;port=3306;dbname=shoppings;charset=utf8
[ sql ] [ SQL ] SHOW COLUMNS FROM `web_webconfig` [ RunTime:0.015625s ]
[ sql ] [ SQL ] SELECT * FROM `web_webconfig` WHERE  `id` = 1 LIMIT 1 [ RunTime:0.000000s ]
[ sql ] [ SQL ] SHOW COLUMNS FROM `web_member` [ RunTime:0.015625s ]
[ sql ] [ SQL ] SELECT * FROM `web_member` WHERE  `id` = 128 LIMIT 1 [ RunTime:0.000000s ]
[ sql ] [ SQL ] SELECT * FROM `web_member` WHERE  `id` = 128 LIMIT 1 [ RunTime:0.000000s ]
[ sql ] [ SQL ] SHOW COLUMNS FROM `web_product` [ RunTime:0.015625s ]
[ sql ] [ SQL ] SELECT * FROM `web_product` WHERE  `id` = 45 LIMIT 1 [ RunTime:0.000000s ]
[ sql ] [ SQL ] SELECT DISTINCT price From web_product ORDER  BY price [ RunTime:0.000000s ]
[ sql ] [ SQL ] SHOW COLUMNS FROM `web_orders` [ RunTime:0.015625s ]
[ sql ] [ SQL ] SELECT * FROM `web_orders` WHERE  `uid` = 128  AND `type` = 2  AND `create_date` < '1510848000' ORDER BY price desc LIMIT 1 [ RunTime:0.000000s ]
[ sql ] [ SQL ] SELECT * FROM `web_orders` WHERE  `uid` = 128  AND `type` = 2  AND `price` = 500  AND `create_date` < '1510848000' ORDER BY price desc LIMIT 1 [ RunTime:0.000000s ]
[ sql ] [ SQL ] SELECT * FROM `web_orders` WHERE  `uid` = 128  AND `type` = 2  AND `price` = 1000  AND `create_date` < '1510848000' ORDER BY price desc LIMIT 1 [ RunTime:0.000000s ]
[ sql ] [ SQL ] SELECT * FROM `web_orders` WHERE  `uid` = 128  AND `type` = 2  AND `create_date` BETWEEN '1510848000' AND '1510934399' LIMIT 1 [ RunTime:0.000000s ]
[ sql ] [ SQL ] SELECT COUNT(*) AS tp_count FROM `web_orders` WHERE  `uid` = 128  AND `type` = 1  AND `create_date` BETWEEN '1510848000' AND '1510934399' LIMIT 1 [ RunTime:0.000000s ]
[ sql ] [ SQL ] SELECT * FROM `web_webconfig` WHERE  `id` = 2 LIMIT 1 [ RunTime:0.000000s ]
[ sql ] [ SQL ] INSERT INTO `web_orders` (`pid` , `uid` , `create_date` , `order_no` , `num` , `price` , `interest`) VALUES (45 , 128 , '1510923383' , '2017111755100551' , 1 , 100 , 20) [ RunTime:0.000000s ]
[ log ] array (
  'msg' => '操作成功',
  'code' => 0,
  'data' => 
  array (
    'msg' => '成功',
    'codeUrl' => 'https://qr.alipay.com/bax06678fuc16fntnaxe20d1',
    'code' => '0',
    'outTradeNo' => '2443995433583616',
    'clientSno' => '2017111755100551',
  ),
)
---------------------------------------------------------------
[ 2017-11-17T20:56:51+08:00 ] 47.52.221.95 120.76.16.230 POST /index/goods/buy_data.html
[ error ] [2]strtolower() expects parameter 1 to be string, array given
[ error ] [8]未定义数组下标: 1
[ error ] [8]未定义数组下标: 1
[ error ] [8]未定义数组下标: 1
[ error ] [8]未定义数组下标: 1
[ error ] [8192]Non-static method app\index\model\Goods::httpPost() should not be called statically
[ sql ] [ DB ] CONNECT:[ UseTime:0.000000s ] mysql:host=127.0.0.1;port=3306;dbname=shoppings;charset=utf8
[ sql ] [ SQL ] SHOW COLUMNS FROM `web_webconfig` [ RunTime:0.000000s ]
[ sql ] [ SQL ] SELECT * FROM `web_webconfig` WHERE  `id` = 1 LIMIT 1 [ RunTime:0.000000s ]
[ sql ] [ SQL ] SHOW COLUMNS FROM `web_member` [ RunTime:0.000000s ]
[ sql ] [ SQL ] SELECT * FROM `web_member` WHERE  `id` = 128 LIMIT 1 [ RunTime:0.000000s ]
[ sql ] [ SQL ] SELECT * FROM `web_member` WHERE  `id` = 128 LIMIT 1 [ RunTime:0.000000s ]
[ sql ] [ SQL ] SHOW COLUMNS FROM `web_product` [ RunTime:0.015625s ]
[ sql ] [ SQL ] SELECT * FROM `web_product` WHERE  `id` = 45 LIMIT 1 [ RunTime:0.000000s ]
[ sql ] [ SQL ] SELECT DISTINCT price From web_product ORDER  BY price [ RunTime:0.000000s ]
[ sql ] [ SQL ] SHOW COLUMNS FROM `web_orders` [ RunTime:0.015625s ]
[ sql ] [ SQL ] SELECT * FROM `web_orders` WHERE  `uid` = 128  AND `type` = 2  AND `create_date` < '1510848000' ORDER BY price desc LIMIT 1 [ RunTime:0.000000s ]
[ sql ] [ SQL ] SELECT * FROM `web_orders` WHERE  `uid` = 128  AND `type` = 2  AND `price` = 500  AND `create_date` < '1510848000' ORDER BY price desc LIMIT 1 [ RunTime:0.000000s ]
[ sql ] [ SQL ] SELECT * FROM `web_orders` WHERE  `uid` = 128  AND `type` = 2  AND `price` = 1000  AND `create_date` < '1510848000' ORDER BY price desc LIMIT 1 [ RunTime:0.000000s ]
[ sql ] [ SQL ] SELECT * FROM `web_orders` WHERE  `uid` = 128  AND `type` = 2  AND `create_date` BETWEEN '1510848000' AND '1510934399' LIMIT 1 [ RunTime:0.000000s ]
[ sql ] [ SQL ] SELECT COUNT(*) AS tp_count FROM `web_orders` WHERE  `uid` = 128  AND `type` = 1  AND `create_date` BETWEEN '1510848000' AND '1510934399' LIMIT 1 [ RunTime:0.000000s ]
[ sql ] [ SQL ] SELECT * FROM `web_webconfig` WHERE  `id` = 2 LIMIT 1 [ RunTime:0.000000s ]
[ sql ] [ SQL ] INSERT INTO `web_orders` (`pid` , `uid` , `create_date` , `order_no` , `num` , `price` , `interest`) VALUES (45 , 128 , '1510923409' , '2017111750494956' , 1 , 100 , 20) [ RunTime:0.000000s ]
[ log ] array (
  'msg' => '操作成功',
  'code' => 0,
  'data' => 
  array (
    'msg' => '成功',
    'codeUrl' => 'https://qr.alipay.com/bax01818tfijb4b5aktb000d',
    'code' => '0',
    'outTradeNo' => '2443995851932672',
    'clientSno' => '2017111750494956',
  ),
)
---------------------------------------------------------------
[ 2017-11-17T21:11:01+08:00 ] 47.52.221.95 120.25.115.5 POST /index/goods/buy_data.html
[ error ] [2]strtolower() expects parameter 1 to be string, array given
[ error ] [8]未定义数组下标: 1
[ error ] [8]未定义数组下标: 1
[ error ] [8]未定义数组下标: 1
[ error ] [8]未定义数组下标: 1
[ error ] [8192]Non-static method app\index\model\Goods::httpPost() should not be called statically
[ sql ] [ DB ] CONNECT:[ UseTime:0.000000s ] mysql:host=127.0.0.1;port=3306;dbname=shoppings;charset=utf8
[ sql ] [ SQL ] SHOW COLUMNS FROM `web_webconfig` [ RunTime:0.000000s ]
[ sql ] [ SQL ] SELECT * FROM `web_webconfig` WHERE  `id` = 1 LIMIT 1 [ RunTime:0.000000s ]
[ sql ] [ SQL ] SHOW COLUMNS FROM `web_member` [ RunTime:0.000000s ]
[ sql ] [ SQL ] SELECT * FROM `web_member` WHERE  `id` = 129 LIMIT 1 [ RunTime:0.000000s ]
[ sql ] [ SQL ] SELECT * FROM `web_member` WHERE  `id` = 129 LIMIT 1 [ RunTime:0.000000s ]
[ sql ] [ SQL ] SHOW COLUMNS FROM `web_product` [ RunTime:0.015625s ]
[ sql ] [ SQL ] SELECT * FROM `web_product` WHERE  `id` = 45 LIMIT 1 [ RunTime:0.000000s ]
[ sql ] [ SQL ] SELECT DISTINCT price From web_product ORDER  BY price [ RunTime:0.000000s ]
[ sql ] [ SQL ] SHOW COLUMNS FROM `web_orders` [ RunTime:0.000000s ]
[ sql ] [ SQL ] SELECT * FROM `web_orders` WHERE  `uid` = 129  AND `type` = 2  AND `create_date` < '1510848000' ORDER BY price desc LIMIT 1 [ RunTime:0.000000s ]
[ sql ] [ SQL ] SELECT * FROM `web_orders` WHERE  `uid` = 129  AND `type` = 2  AND `price` = 500  AND `create_date` < '1510848000' ORDER BY price desc LIMIT 1 [ RunTime:0.000000s ]
[ sql ] [ SQL ] SELECT * FROM `web_orders` WHERE  `uid` = 129  AND `type` = 2  AND `price` = 1000  AND `create_date` < '1510848000' ORDER BY price desc LIMIT 1 [ RunTime:0.015625s ]
[ sql ] [ SQL ] SELECT * FROM `web_orders` WHERE  `uid` = 129  AND `type` = 2  AND `create_date` BETWEEN '1510848000' AND '1510934399' LIMIT 1 [ RunTime:0.000000s ]
[ sql ] [ SQL ] SELECT COUNT(*) AS tp_count FROM `web_orders` WHERE  `uid` = 129  AND `type` = 1  AND `create_date` BETWEEN '1510848000' AND '1510934399' LIMIT 1 [ RunTime:0.000000s ]
[ sql ] [ SQL ] SELECT * FROM `web_webconfig` WHERE  `id` = 2 LIMIT 1 [ RunTime:0.000000s ]
[ sql ] [ SQL ] INSERT INTO `web_orders` (`pid` , `uid` , `create_date` , `order_no` , `num` , `price` , `interest`) VALUES (45 , 129 , '1510924259' , '2017111751984999' , 1 , 100 , 20) [ RunTime:0.000000s ]
[ log ] array (
  'msg' => '操作成功',
  'code' => 0,
  'data' => 
  array (
    'msg' => '成功',
    'codeUrl' => 'weixin://wxpay/bizpayurl?pr=DhFBTMQ',
    'code' => '0',
    'outTradeNo' => '2444009776661504',
    'clientSno' => '2017111751984999',
  ),
)
