---------------------------------------------------------------
[ 2017-11-30T16:31:26+08:00 ] 192.168.1.9 192.168.1.9 POST /index/goods/buy_data.html
[ info ] 192.168.1.9:3361/index/goods/buy_data.html [运行时间：1.102000s][吞吐率：0.91req/s] [内存消耗：2,373.45kb] [文件加载：58]
[ info ] [ LANG ] F:\shoppings\shoppings\thinkphp\lang\zh-cn.php
[ info ] [ ROUTE ] array (
  'type' => 'module',
  'module' => 
  array (
    0 => 'index',
    1 => 'goods',
    2 => 'buy_data',
  ),
)
[ info ] [ HEADER ] array (
  'cookie' => 'thinkphp_show_page_trace=0|0; PHPSESSID=30r2ncbg26v46ri4t3jofud857; thinkphp_show_page_trace=0|0',
  'accept-language' => 'zh-CN,zh;q=0.9',
  'accept-encoding' => 'gzip, deflate',
  'referer' => 'http://192.168.1.9:3361/index/goods/purchase/sid/NTg%3D.html',
  'content-type' => 'application/x-www-form-urlencoded; charset=UTF-8',
  'user-agent' => 'Mozilla/5.0 (iPhone; CPU iPhone OS 9_1 like Mac OS X) AppleWebKit/601.1.46 (KHTML, like Gecko) Version/9.0 Mobile/13B143 Safari/601.1',
  'x-requested-with' => 'XMLHttpRequest',
  'origin' => 'http://192.168.1.9:3361',
  'accept' => 'application/json, text/javascript, */*; q=0.01',
  'cache-control' => 'no-cache',
  'pragma' => 'no-cache',
  'content-length' => '56',
  'connection' => 'close',
  'host' => '192.168.1.9:3361',
)
[ info ] [ PARAM ] array (
  'pid' => '58',
  'token' => '43366670c0c72f06e48520fd1f9f4af2',
  'pay_type' => '4',
)
[ info ] [ DB ] INIT mysql
[ info ] [ SESSION ] INIT array (
  'id' => '',
  'var_session_id' => '',
  'prefix' => 'think',
  'type' => '',
  'auto_start' => true,
)
[ info ] [ RUN ] app\index\controller\Goods->buy_data[ F:\shoppings\shoppings\application\index\controller\Goods.php ]
[ info ] [ CACHE ] INIT File
[ info ] [ LOG ] INIT File
[ error ] [2]strtolower() expects parameter 1 to be string, array given[F:\shoppings\shoppings\thinkphp\library\think\Route.php:242]
[ error ] [8]未定义数组下标: 1[F:\shoppings\shoppings\thinkphp\library\think\Route.php:215]
[ error ] [8]未定义数组下标: 1[F:\shoppings\shoppings\thinkphp\library\think\Route.php:215]
[ error ] [8]未定义数组下标: 1[F:\shoppings\shoppings\thinkphp\library\think\Route.php:215]
[ error ] [8]未定义数组下标: 1[F:\shoppings\shoppings\thinkphp\library\think\Route.php:215]
[ error ] [8192]Non-static method app\index\model\Goods::httpPost() should not be called statically[F:\shoppings\shoppings\application\index\model\Goods.php:258]
[ sql ] [ DB ] CONNECT:[ UseTime:0.000000s ] mysql:host=127.0.0.1;port=3306;dbname=xin;charset=utf8
[ sql ] [ SQL ] SHOW COLUMNS FROM `web_webconfig` [ RunTime:0.005000s ]
[ sql ] [ SQL ] SELECT * FROM `web_webconfig` WHERE  `id` = 1 LIMIT 1 [ RunTime:0.000000s ]
[ sql ] [ SQL ] SHOW COLUMNS FROM `web_member` [ RunTime:0.005000s ]
[ sql ] [ SQL ] SELECT * FROM `web_member` WHERE  `id` = 407 LIMIT 1 [ RunTime:0.000000s ]
[ sql ] [ SQL ] SHOW COLUMNS FROM `web_product` [ RunTime:0.010000s ]
[ sql ] [ SQL ] SELECT * FROM `web_product` WHERE  `id` = 58 LIMIT 1 [ RunTime:0.000000s ]
[ sql ] [ SQL ] SHOW COLUMNS FROM `web_infinite_class` [ RunTime:0.014000s ]
[ sql ] [ SQL ] SELECT * FROM `web_infinite_class` WHERE  `id` = 30 LIMIT 1 [ RunTime:0.000000s ]
[ sql ] [ SQL ] SELECT * FROM `web_member` WHERE  `id` = 407 LIMIT 1 [ RunTime:0.000000s ]
[ sql ] [ SQL ] SELECT * FROM `web_product` WHERE  `id` = 58 LIMIT 1 [ RunTime:0.001000s ]
[ sql ] [ SQL ] SELECT DISTINCT price From web_product ORDER  BY price [ RunTime:0.001000s ]
[ sql ] [ SQL ] SHOW COLUMNS FROM `web_orders` [ RunTime:0.013000s ]
[ sql ] [ SQL ] SELECT * FROM `web_orders` WHERE  `uid` = 407  AND `type` = 2  AND `create_date` < '1511971200' ORDER BY price desc LIMIT 1 [ RunTime:0.000000s ]
[ sql ] [ SQL ] SELECT * FROM `web_orders` WHERE  `uid` = 407  AND `type` = 2  AND `price` = 200  AND `create_date` < '1511971200' ORDER BY price desc LIMIT 1 [ RunTime:0.001000s ]
[ sql ] [ SQL ] SELECT * FROM `web_orders` WHERE  `uid` = 407  AND `type` = 2  AND `price` = 500  AND `create_date` < '1511971200' ORDER BY price desc LIMIT 1 [ RunTime:0.000000s ]
[ sql ] [ SQL ] SELECT * FROM `web_orders` WHERE  `uid` = 407  AND `type` = 2  AND `create_date` BETWEEN '1511971200' AND '1512057599' LIMIT 1 [ RunTime:0.001000s ]
[ sql ] [ SQL ] SELECT COUNT(*) AS tp_count FROM `web_orders` WHERE  `uid` = 407  AND `type` = 1  AND `create_date` BETWEEN '1511971200' AND '1512057599' LIMIT 1 [ RunTime:0.000000s ]
[ sql ] [ SQL ] SELECT * FROM `web_webconfig` WHERE  `id` = 2 LIMIT 1 [ RunTime:0.001000s ]
[ sql ] [ SQL ] SELECT * FROM `web_orders` WHERE  `order_no` = '2017113010099515' LIMIT 1 [ RunTime:0.000000s ]
[ sql ] [ SQL ] INSERT INTO `web_orders` (`pid` , `uid` , `create_date` , `order_no` , `num` , `price` , `interest`) VALUES (58 , 407 , '1512030685' , '2017113010099515' , 1 , 100 , 20) [ RunTime:0.034000s ]
[ sql ] [ SQL ] SELECT * FROM `web_orders` WHERE  `id` = 3052 LIMIT 1 [ RunTime:0.001000s ]
[ sql ] [ SQL ] UPDATE `web_orders`  SET `codeUrl`='weixin://wxpay/bizpayurl?pr=VmYl9YR'  WHERE  `id` = 3052 [ RunTime:0.041000s ]
[ log ] array (
  'msg' => '操作成功',
  'code' => 0,
  'data' => 
  array (
    'msg' => '成功',
    'codeUrl' => 'weixin://wxpay/bizpayurl?pr=VmYl9YR',
    'code' => '0',
    'outTradeNo' => '2462139737785344',
    'clientSno' => '3052',
  ),
)
