---------------------------------------------------------------
[ 2017-11-13T19:29:21+08:00 ] 47.52.221.95 120.25.115.6 POST /admin/Captcha/baibao_return
[ info ] www.mall700.com/admin/Captcha/baibao_return [运行时间：0.109377s][吞吐率：9.14req/s] [内存消耗：2,296.25kb] [文件加载：57]
[ info ] [ LANG ] E:\lan\shoppings\thinkphp\lang\zh-cn.php
[ info ] [ ROUTE ] array (
  'type' => 'module',
  'module' => 
  array (
    0 => 'admin',
    1 => 'Captcha',
    2 => 'baibao_return',
  ),
)
[ info ] [ HEADER ] array (
  'connection' => 'close',
  'content-type' => 'application/x-www-form-urlencoded',
  'accept' => '*/*',
  'content-length' => '489',
  'eagleeye-traceid' => '7819730615105725611391793e',
  'x-forwarded-cluster' => 'waf,',
  'x-forwarded-proto' => 'http',
  'x-forwarded-for' => '120.78.86.213',
  'wl-proxy-client-ip' => '120.78.86.213',
  'web-server-type' => 'nginx',
  'x-real-ip' => '120.78.86.213',
  'x-true-ip' => '120.78.86.213',
  'host' => 'www.mall700.com',
)
[ info ] [ PARAM ] array (
  'order_id' => '205001711131928369624',
  'up_order_id' => '100020171113216866795',
  'banktransid' => '4200000049201711134477826932',
  'mach_order_id' => '2017111352525010',
  'terminal_id' => '',
  'agent_id' => '022399',
  'merchant_id' => '617101302503963',
  'create_time' => '2017-11-13 19:28:36',
  'pay_time' => '2017-11-13 19:29:20',
  'pay_money' => '3.00',
  'procedure_fee' => '0.02',
  't0_fee' => '0.00',
  'wr_fee' => '0.00',
  'state' => '0',
  'cashier' => '15014139145',
  'top_agent_id' => '223627',
  'order_desc' => '支付成功',
  'source' => '0',
  'trantp' => '1',
  'aid' => '617033015310',
  'sign' => '1789dd6188595bf46857c28fc674a3c2',
)
[ info ] [ RUN ] app\Admin\controller\Captcha->baibao_return[ E:\lan\shoppings\application\Admin\controller\Captcha.php ]
[ info ] [ LOG ] INIT File
[ info ] array (
  'order_id' => '205001711131928369624',
  'up_order_id' => '100020171113216866795',
  'banktransid' => '4200000049201711134477826932',
  'mach_order_id' => '2017111352525010',
  'terminal_id' => '',
  'agent_id' => '022399',
  'merchant_id' => '617101302503963',
  'create_time' => '2017-11-13 19:28:36',
  'pay_time' => '2017-11-13 19:29:20',
  'pay_money' => '3.00',
  'procedure_fee' => '0.02',
  't0_fee' => '0.00',
  'wr_fee' => '0.00',
  'state' => '0',
  'cashier' => '15014139145',
  'top_agent_id' => '223627',
  'order_desc' => '支付成功',
  'source' => '0',
  'trantp' => '1',
  'aid' => '617033015310',
  'sign' => '1789dd6188595bf46857c28fc674a3c2',
)
[ info ] [ DB ] INIT mysql
[ info ] [ CACHE ] INIT File
[ error ] [2]strtolower() expects parameter 1 to be string, array given[E:\lan\shoppings\thinkphp\library\think\Route.php:242]
[ error ] [8]未定义数组下标: 1[E:\lan\shoppings\thinkphp\library\think\Route.php:215]
[ error ] [8]未定义数组下标: 1[E:\lan\shoppings\thinkphp\library\think\Route.php:215]
[ error ] [8]未定义数组下标: 1[E:\lan\shoppings\thinkphp\library\think\Route.php:215]
[ error ] [8]未定义数组下标: 1[E:\lan\shoppings\thinkphp\library\think\Route.php:215]
[ sql ] [ DB ] CONNECT:[ UseTime:0.000000s ] mysql:host=127.0.0.1;port=3306;dbname=shoppings;charset=utf8
[ sql ] [ SQL ] SHOW COLUMNS FROM `web_orders` [ RunTime:0.000000s ]
[ sql ] [ SQL ] SELECT * FROM `web_orders` WHERE  `order_no` = '2017111352525010'  AND `type` = 1 LIMIT 1 [ RunTime:0.015625s ]
[ sql ] [ SQL ] SELECT SUM(price) AS tp_sum FROM `web_orders` WHERE  `uid` = 3  AND `status` = 1  AND `type` = 2  AND `create_date` <= '1510502399' LIMIT 1 [ RunTime:0.000000s ]
[ sql ] [ SQL ] UPDATE `web_orders`  SET `type`=2  WHERE  `id` = 23 [ RunTime:0.000000s ]
[ sql ] [ SQL ] SHOW COLUMNS FROM `web_product` [ RunTime:0.015625s ]
[ sql ] [ SQL ] UPDATE `web_product`  SET `buy_num`=buy_num+1  WHERE  `id` = 45 [ RunTime:0.000000s ]
[ sql ] [ SQL ] SELECT SUM(price) AS tp_sum FROM `web_orders` WHERE  `create_date` BETWEEN '1510502400' AND '1510588799'  AND `status` = 1  AND `type` = 2 LIMIT 1 [ RunTime:0.000000s ]
[ sql ] [ SQL ] SHOW COLUMNS FROM `web_webconfig` [ RunTime:0.015626s ]
[ sql ] [ SQL ] SELECT * FROM `web_webconfig` WHERE  `id` = 2 LIMIT 1 [ RunTime:0.000000s ]
[ sql ] [ SQL ] SHOW COLUMNS FROM `web_member` [ RunTime:0.015625s ]
[ sql ] [ SQL ] SELECT * FROM `web_member` WHERE  `id` = 3 LIMIT 1 [ RunTime:0.000000s ]
[ sql ] [ SQL ] SELECT * FROM `web_member` WHERE  `id` = 3 LIMIT 1 [ RunTime:0.000000s ]
[ sql ] [ SQL ] SELECT * FROM `web_webconfig` WHERE  `id` = 2 LIMIT 1 [ RunTime:0.000000s ]
[ sql ] [ SQL ] SELECT * FROM `web_member` WHERE  `id` = 2 LIMIT 1 [ RunTime:0.000000s ]
[ sql ] [ SQL ] SELECT * FROM `web_webconfig` WHERE  `id` = 2 LIMIT 1 [ RunTime:0.000000s ]
[ sql ] [ SQL ] SELECT * FROM `web_member` WHERE  `id` = 0 LIMIT 1 [ RunTime:0.000000s ]
[ sql ] [ SQL ] SELECT * FROM `web_webconfig` WHERE  `id` = 2 LIMIT 1 [ RunTime:0.000000s ]
[ sql ] [ SQL ] SELECT * FROM `web_member` WHERE  `id` = 2 LIMIT 1 [ RunTime:0.000000s ]
[ sql ] [ SQL ] UPDATE `web_member`  SET `bonus`=bonus+0.15  WHERE  `id` = 2 [ RunTime:0.000000s ]
[ sql ] [ SQL ] SHOW COLUMNS FROM `web_bonus` [ RunTime:0.015625s ]
[ sql ] [ SQL ] INSERT INTO `web_bonus` (`uid` , `type` , `create_date` , `money`) VALUES (2 , 1 , '1510572561' , 0.15) [ RunTime:0.000000s ]
[ sql ] [ SQL ] SELECT * FROM `web_member` WHERE  `id` = 0 LIMIT 1 [ RunTime:0.000000s ]
[ sql ] [ SQL ] UPDATE `web_member`  SET `bonus`=bonus+0.09  WHERE  `id` = 0 [ RunTime:0.000000s ]
---------------------------------------------------------------
[ 2017-11-13T19:38:17+08:00 ] 47.52.221.95 120.25.115.5 POST /admin/Captcha/baibao_return
[ info ] www.mall700.com/admin/Captcha/baibao_return [运行时间：0.125002s][吞吐率：8.00req/s] [内存消耗：2,296.27kb] [文件加载：57]
[ info ] [ LANG ] E:\lan\shoppings\thinkphp\lang\zh-cn.php
[ info ] [ ROUTE ] array (
  'type' => 'module',
  'module' => 
  array (
    0 => 'admin',
    1 => 'Captcha',
    2 => 'baibao_return',
  ),
)
[ info ] [ HEADER ] array (
  'connection' => 'close',
  'content-type' => 'application/x-www-form-urlencoded',
  'accept' => '*/*',
  'content-length' => '489',
  'eagleeye-traceid' => '7819730515105730958015845e',
  'x-forwarded-cluster' => 'waf,',
  'x-forwarded-proto' => 'http',
  'x-forwarded-for' => '120.78.86.213',
  'wl-proxy-client-ip' => '120.78.86.213',
  'web-server-type' => 'nginx',
  'x-real-ip' => '120.78.86.213',
  'x-true-ip' => '120.78.86.213',
  'host' => 'www.mall700.com',
)
[ info ] [ PARAM ] array (
  'order_id' => '205001711131937588418',
  'up_order_id' => '100020171113216867572',
  'banktransid' => '4200000049201711134482416301',
  'mach_order_id' => '2017111353985155',
  'terminal_id' => '',
  'agent_id' => '022399',
  'merchant_id' => '617101302503963',
  'create_time' => '2017-11-13 19:37:58',
  'pay_time' => '2017-11-13 19:38:14',
  'pay_money' => '3.00',
  'procedure_fee' => '0.02',
  't0_fee' => '0.00',
  'wr_fee' => '0.00',
  'state' => '0',
  'cashier' => '15014139145',
  'top_agent_id' => '223627',
  'order_desc' => '支付成功',
  'source' => '0',
  'trantp' => '1',
  'aid' => '617033015310',
  'sign' => 'd486a2bd1e9806228908676442592eba',
)
[ info ] [ RUN ] app\Admin\controller\Captcha->baibao_return[ E:\lan\shoppings\application\Admin\controller\Captcha.php ]
[ info ] [ LOG ] INIT File
[ info ] array (
  'order_id' => '205001711131937588418',
  'up_order_id' => '100020171113216867572',
  'banktransid' => '4200000049201711134482416301',
  'mach_order_id' => '2017111353985155',
  'terminal_id' => '',
  'agent_id' => '022399',
  'merchant_id' => '617101302503963',
  'create_time' => '2017-11-13 19:37:58',
  'pay_time' => '2017-11-13 19:38:14',
  'pay_money' => '3.00',
  'procedure_fee' => '0.02',
  't0_fee' => '0.00',
  'wr_fee' => '0.00',
  'state' => '0',
  'cashier' => '15014139145',
  'top_agent_id' => '223627',
  'order_desc' => '支付成功',
  'source' => '0',
  'trantp' => '1',
  'aid' => '617033015310',
  'sign' => 'd486a2bd1e9806228908676442592eba',
)
[ info ] [ DB ] INIT mysql
[ info ] [ CACHE ] INIT File
[ error ] [2]strtolower() expects parameter 1 to be string, array given[E:\lan\shoppings\thinkphp\library\think\Route.php:242]
[ error ] [8]未定义数组下标: 1[E:\lan\shoppings\thinkphp\library\think\Route.php:215]
[ error ] [8]未定义数组下标: 1[E:\lan\shoppings\thinkphp\library\think\Route.php:215]
[ error ] [8]未定义数组下标: 1[E:\lan\shoppings\thinkphp\library\think\Route.php:215]
[ error ] [8]未定义数组下标: 1[E:\lan\shoppings\thinkphp\library\think\Route.php:215]
[ sql ] [ DB ] CONNECT:[ UseTime:0.000000s ] mysql:host=127.0.0.1;port=3306;dbname=shoppings;charset=utf8
[ sql ] [ SQL ] SHOW COLUMNS FROM `web_orders` [ RunTime:0.015626s ]
[ sql ] [ SQL ] SELECT * FROM `web_orders` WHERE  `order_no` = '2017111353985155'  AND `type` = 1 LIMIT 1 [ RunTime:0.000000s ]
[ sql ] [ SQL ] SELECT SUM(price) AS tp_sum FROM `web_orders` WHERE  `uid` = 3  AND `status` = 1  AND `type` = 2  AND `create_date` <= '1510502399' LIMIT 1 [ RunTime:0.000000s ]
[ sql ] [ SQL ] UPDATE `web_orders`  SET `type`=2  WHERE  `id` = 31 [ RunTime:0.015625s ]
[ sql ] [ SQL ] SHOW COLUMNS FROM `web_product` [ RunTime:0.015625s ]
[ sql ] [ SQL ] UPDATE `web_product`  SET `buy_num`=buy_num+1  WHERE  `id` = 45 [ RunTime:0.000000s ]
[ sql ] [ SQL ] SELECT SUM(price) AS tp_sum FROM `web_orders` WHERE  `create_date` BETWEEN '1510502400' AND '1510588799'  AND `status` = 1  AND `type` = 2 LIMIT 1 [ RunTime:0.000000s ]
[ sql ] [ SQL ] SHOW COLUMNS FROM `web_webconfig` [ RunTime:0.015625s ]
[ sql ] [ SQL ] SELECT * FROM `web_webconfig` WHERE  `id` = 2 LIMIT 1 [ RunTime:0.000000s ]
[ sql ] [ SQL ] SHOW COLUMNS FROM `web_member` [ RunTime:0.015625s ]
[ sql ] [ SQL ] SELECT * FROM `web_member` WHERE  `id` = 3 LIMIT 1 [ RunTime:0.000000s ]
[ sql ] [ SQL ] SELECT * FROM `web_member` WHERE  `id` = 3 LIMIT 1 [ RunTime:0.000000s ]
[ sql ] [ SQL ] SELECT * FROM `web_webconfig` WHERE  `id` = 2 LIMIT 1 [ RunTime:0.000000s ]
[ sql ] [ SQL ] SELECT * FROM `web_member` WHERE  `id` = 2 LIMIT 1 [ RunTime:0.000000s ]
[ sql ] [ SQL ] SELECT * FROM `web_webconfig` WHERE  `id` = 2 LIMIT 1 [ RunTime:0.000000s ]
[ sql ] [ SQL ] SELECT * FROM `web_member` WHERE  `id` = 0 LIMIT 1 [ RunTime:0.000000s ]
[ sql ] [ SQL ] SELECT * FROM `web_webconfig` WHERE  `id` = 2 LIMIT 1 [ RunTime:0.000000s ]
[ sql ] [ SQL ] SELECT * FROM `web_member` WHERE  `id` = 2 LIMIT 1 [ RunTime:0.000000s ]
[ sql ] [ SQL ] UPDATE `web_member`  SET `bonus`=bonus+0.15  WHERE  `id` = 2 [ RunTime:0.000000s ]
[ sql ] [ SQL ] SHOW COLUMNS FROM `web_bonus` [ RunTime:0.015626s ]
[ sql ] [ SQL ] INSERT INTO `web_bonus` (`uid` , `type` , `create_date` , `money`) VALUES (2 , 1 , '1510573096' , 0.15) [ RunTime:0.000000s ]
[ sql ] [ SQL ] SELECT * FROM `web_member` WHERE  `id` = 0 LIMIT 1 [ RunTime:0.000000s ]
[ sql ] [ SQL ] UPDATE `web_member`  SET `bonus`=bonus+0.09  WHERE  `id` = 0 [ RunTime:0.000000s ]
---------------------------------------------------------------
[ 2017-11-13T19:39:46+08:00 ] 47.52.221.95 120.25.115.4 POST /admin/Captcha/baibao_return
[ info ] www.mall700.com/admin/Captcha/baibao_return [运行时间：0.109376s][吞吐率：9.14req/s] [内存消耗：2,296.27kb] [文件加载：57]
[ info ] [ LANG ] E:\lan\shoppings\thinkphp\lang\zh-cn.php
[ info ] [ ROUTE ] array (
  'type' => 'module',
  'module' => 
  array (
    0 => 'admin',
    1 => 'Captcha',
    2 => 'baibao_return',
  ),
)
[ info ] [ HEADER ] array (
  'connection' => 'close',
  'content-type' => 'application/x-www-form-urlencoded',
  'accept' => '*/*',
  'content-length' => '489',
  'eagleeye-traceid' => '7819730415105731863828364e',
  'x-forwarded-cluster' => 'waf,',
  'x-forwarded-proto' => 'http',
  'x-forwarded-for' => '120.78.86.213',
  'wl-proxy-client-ip' => '120.78.86.213',
  'web-server-type' => 'nginx',
  'x-real-ip' => '120.78.86.213',
  'x-true-ip' => '120.78.86.213',
  'host' => 'www.mall700.com',
)
[ info ] [ PARAM ] array (
  'order_id' => '205011711131939318173',
  'up_order_id' => '200020171113201863271',
  'banktransid' => '2017111321001104545288716500',
  'mach_order_id' => '2017111351495156',
  'terminal_id' => '',
  'agent_id' => '022399',
  'merchant_id' => '617101302503963',
  'create_time' => '2017-11-13 19:39:31',
  'pay_time' => '2017-11-13 19:39:45',
  'pay_money' => '3.00',
  'procedure_fee' => '0.02',
  't0_fee' => '0.00',
  'wr_fee' => '0.00',
  'state' => '0',
  'cashier' => '15014139145',
  'top_agent_id' => '223627',
  'order_desc' => '支付成功',
  'source' => '1',
  'trantp' => '1',
  'aid' => '617033015310',
  'sign' => 'e8a2c53d3c520a9fd72ac0e7d11d4338',
)
[ info ] [ RUN ] app\Admin\controller\Captcha->baibao_return[ E:\lan\shoppings\application\Admin\controller\Captcha.php ]
[ info ] [ LOG ] INIT File
[ info ] array (
  'order_id' => '205011711131939318173',
  'up_order_id' => '200020171113201863271',
  'banktransid' => '2017111321001104545288716500',
  'mach_order_id' => '2017111351495156',
  'terminal_id' => '',
  'agent_id' => '022399',
  'merchant_id' => '617101302503963',
  'create_time' => '2017-11-13 19:39:31',
  'pay_time' => '2017-11-13 19:39:45',
  'pay_money' => '3.00',
  'procedure_fee' => '0.02',
  't0_fee' => '0.00',
  'wr_fee' => '0.00',
  'state' => '0',
  'cashier' => '15014139145',
  'top_agent_id' => '223627',
  'order_desc' => '支付成功',
  'source' => '1',
  'trantp' => '1',
  'aid' => '617033015310',
  'sign' => 'e8a2c53d3c520a9fd72ac0e7d11d4338',
)
[ info ] [ DB ] INIT mysql
[ info ] [ CACHE ] INIT File
[ error ] [2]strtolower() expects parameter 1 to be string, array given[E:\lan\shoppings\thinkphp\library\think\Route.php:242]
[ error ] [8]未定义数组下标: 1[E:\lan\shoppings\thinkphp\library\think\Route.php:215]
[ error ] [8]未定义数组下标: 1[E:\lan\shoppings\thinkphp\library\think\Route.php:215]
[ error ] [8]未定义数组下标: 1[E:\lan\shoppings\thinkphp\library\think\Route.php:215]
[ error ] [8]未定义数组下标: 1[E:\lan\shoppings\thinkphp\library\think\Route.php:215]
[ sql ] [ DB ] CONNECT:[ UseTime:0.000000s ] mysql:host=127.0.0.1;port=3306;dbname=shoppings;charset=utf8
[ sql ] [ SQL ] SHOW COLUMNS FROM `web_orders` [ RunTime:0.015625s ]
[ sql ] [ SQL ] SELECT * FROM `web_orders` WHERE  `order_no` = '2017111351495156'  AND `type` = 1 LIMIT 1 [ RunTime:0.000000s ]
[ sql ] [ SQL ] SELECT SUM(price) AS tp_sum FROM `web_orders` WHERE  `uid` = 3  AND `status` = 1  AND `type` = 2  AND `create_date` <= '1510502399' LIMIT 1 [ RunTime:0.000000s ]
[ sql ] [ SQL ] UPDATE `web_orders`  SET `type`=2  WHERE  `id` = 32 [ RunTime:0.015626s ]
[ sql ] [ SQL ] SHOW COLUMNS FROM `web_product` [ RunTime:0.015625s ]
[ sql ] [ SQL ] UPDATE `web_product`  SET `buy_num`=buy_num+1  WHERE  `id` = 45 [ RunTime:0.000000s ]
[ sql ] [ SQL ] SELECT SUM(price) AS tp_sum FROM `web_orders` WHERE  `create_date` BETWEEN '1510502400' AND '1510588799'  AND `status` = 1  AND `type` = 2 LIMIT 1 [ RunTime:0.000000s ]
[ sql ] [ SQL ] SHOW COLUMNS FROM `web_webconfig` [ RunTime:0.015625s ]
[ sql ] [ SQL ] SELECT * FROM `web_webconfig` WHERE  `id` = 2 LIMIT 1 [ RunTime:0.000000s ]
[ sql ] [ SQL ] SHOW COLUMNS FROM `web_member` [ RunTime:0.015625s ]
[ sql ] [ SQL ] SELECT * FROM `web_member` WHERE  `id` = 3 LIMIT 1 [ RunTime:0.000000s ]
[ sql ] [ SQL ] SELECT * FROM `web_member` WHERE  `id` = 3 LIMIT 1 [ RunTime:0.000000s ]
[ sql ] [ SQL ] SELECT * FROM `web_webconfig` WHERE  `id` = 2 LIMIT 1 [ RunTime:0.000000s ]
[ sql ] [ SQL ] SELECT * FROM `web_member` WHERE  `id` = 2 LIMIT 1 [ RunTime:0.000000s ]
[ sql ] [ SQL ] SELECT * FROM `web_webconfig` WHERE  `id` = 2 LIMIT 1 [ RunTime:0.000000s ]
[ sql ] [ SQL ] SELECT * FROM `web_member` WHERE  `id` = 0 LIMIT 1 [ RunTime:0.000000s ]
[ sql ] [ SQL ] SELECT * FROM `web_webconfig` WHERE  `id` = 2 LIMIT 1 [ RunTime:0.000000s ]
[ sql ] [ SQL ] SELECT * FROM `web_member` WHERE  `id` = 2 LIMIT 1 [ RunTime:0.000000s ]
[ sql ] [ SQL ] UPDATE `web_member`  SET `bonus`=bonus+0.15  WHERE  `id` = 2 [ RunTime:0.000000s ]
[ sql ] [ SQL ] SHOW COLUMNS FROM `web_bonus` [ RunTime:0.015625s ]
[ sql ] [ SQL ] INSERT INTO `web_bonus` (`uid` , `type` , `create_date` , `money`) VALUES (2 , 1 , '1510573186' , 0.15) [ RunTime:0.000000s ]
[ sql ] [ SQL ] SELECT * FROM `web_member` WHERE  `id` = 0 LIMIT 1 [ RunTime:0.000000s ]
[ sql ] [ SQL ] UPDATE `web_member`  SET `bonus`=bonus+0.09  WHERE  `id` = 0 [ RunTime:0.000000s ]
---------------------------------------------------------------
[ 2017-11-13T21:47:11+08:00 ] 47.52.221.95 120.25.115.7 POST /admin/Captcha/baibao_return
[ error ] [2]strtolower() expects parameter 1 to be string, array given
[ error ] [8]未定义数组下标: 1
[ error ] [8]未定义数组下标: 1
[ error ] [8]未定义数组下标: 1
[ error ] [8]未定义数组下标: 1
[ info ] array (
  'order_id' => '205001711132146282723',
  'up_order_id' => '100020171113216876986',
  'banktransid' => '4200000047201711134506841594',
  'mach_order_id' => '2017111352489848',
  'terminal_id' => '',
  'agent_id' => '022399',
  'merchant_id' => '617101302503963',
  'create_time' => '2017-11-13 21:46:28',
  'pay_time' => '2017-11-13 21:47:10',
  'pay_money' => '3.00',
  'procedure_fee' => '0.02',
  't0_fee' => '0.00',
  'wr_fee' => '0.00',
  'state' => '0',
  'cashier' => '15014139145',
  'top_agent_id' => '223627',
  'order_desc' => '支付成功',
  'source' => '0',
  'trantp' => '1',
  'aid' => '617033015310',
  'sign' => '1e8fb0221bcabf9ee220635d2447130c',
)
[ sql ] [ DB ] CONNECT:[ UseTime:0.000000s ] mysql:host=127.0.0.1;port=3306;dbname=shoppings;charset=utf8
[ sql ] [ SQL ] SHOW COLUMNS FROM `web_orders` [ RunTime:0.015625s ]
[ sql ] [ SQL ] SELECT * FROM `web_orders` WHERE  `order_no` = '2017111352489848'  AND `type` = 1 LIMIT 1 [ RunTime:0.000000s ]
[ sql ] [ SQL ] SELECT SUM(price) AS tp_sum FROM `web_orders` WHERE  `uid` = 5  AND `status` = 1  AND `type` = 2  AND `create_date` <= '1510502399' LIMIT 1 [ RunTime:0.000000s ]
[ sql ] [ SQL ] UPDATE `web_orders`  SET `type`=2  WHERE  `id` = 45 [ RunTime:0.000000s ]
[ sql ] [ SQL ] SHOW COLUMNS FROM `web_product` [ RunTime:0.015625s ]
[ sql ] [ SQL ] UPDATE `web_product`  SET `buy_num`=buy_num+1  WHERE  `id` = 45 [ RunTime:0.000000s ]
[ sql ] [ SQL ] SELECT SUM(price) AS tp_sum FROM `web_orders` WHERE  `create_date` BETWEEN '1510502400' AND '1510588799'  AND `status` = 1  AND `type` = 2 LIMIT 1 [ RunTime:0.000000s ]
[ sql ] [ SQL ] SHOW COLUMNS FROM `web_webconfig` [ RunTime:0.015626s ]
[ sql ] [ SQL ] SELECT * FROM `web_webconfig` WHERE  `id` = 2 LIMIT 1 [ RunTime:0.000000s ]
[ sql ] [ SQL ] SHOW COLUMNS FROM `web_member` [ RunTime:0.015625s ]
[ sql ] [ SQL ] SELECT * FROM `web_member` WHERE  `id` = 5 LIMIT 1 [ RunTime:0.000000s ]
[ sql ] [ SQL ] SELECT * FROM `web_member` WHERE  `id` = 5 LIMIT 1 [ RunTime:0.000000s ]
[ sql ] [ SQL ] SELECT * FROM `web_webconfig` WHERE  `id` = 2 LIMIT 1 [ RunTime:0.000000s ]
[ sql ] [ SQL ] SELECT * FROM `web_member` WHERE  `id` = 4 LIMIT 1 [ RunTime:0.000000s ]
[ sql ] [ SQL ] SELECT * FROM `web_webconfig` WHERE  `id` = 2 LIMIT 1 [ RunTime:0.000000s ]
[ sql ] [ SQL ] SELECT * FROM `web_member` WHERE  `id` = 0 LIMIT 1 [ RunTime:0.000000s ]
[ sql ] [ SQL ] SELECT * FROM `web_webconfig` WHERE  `id` = 2 LIMIT 1 [ RunTime:0.000000s ]
[ sql ] [ SQL ] SELECT * FROM `web_member` WHERE  `id` = 4 LIMIT 1 [ RunTime:0.000000s ]
[ sql ] [ SQL ] UPDATE `web_member`  SET `bonus`=bonus+0.15  WHERE  `id` = 4 [ RunTime:0.000000s ]
[ sql ] [ SQL ] SHOW COLUMNS FROM `web_bonus` [ RunTime:0.015625s ]
[ sql ] [ SQL ] INSERT INTO `web_bonus` (`uid` , `type` , `create_date` , `money`) VALUES (4 , 1 , '1510580831' , 0.15) [ RunTime:0.000000s ]
[ sql ] [ SQL ] SELECT * FROM `web_member` WHERE  `id` = 0 LIMIT 1 [ RunTime:0.000000s ]
[ sql ] [ SQL ] UPDATE `web_member`  SET `bonus`=bonus+0.09  WHERE  `id` = 0 [ RunTime:0.000000s ]
---------------------------------------------------------------
[ 2017-11-13T21:59:07+08:00 ] 47.52.221.95 120.76.16.232 POST /admin/Captcha/baibao_return
[ error ] [2]strtolower() expects parameter 1 to be string, array given
[ error ] [8]未定义数组下标: 1
[ error ] [8]未定义数组下标: 1
[ error ] [8]未定义数组下标: 1
[ error ] [8]未定义数组下标: 1
[ info ] array (
  'order_id' => '205001711132158484964',
  'up_order_id' => '100020171113216877668',
  'banktransid' => '4200000041201711134509313615',
  'mach_order_id' => '2017111355102511',
  'terminal_id' => '',
  'agent_id' => '022399',
  'merchant_id' => '617101302503963',
  'create_time' => '2017-11-13 21:58:48',
  'pay_time' => '2017-11-13 21:59:05',
  'pay_money' => '3.00',
  'procedure_fee' => '0.02',
  't0_fee' => '0.00',
  'wr_fee' => '0.00',
  'state' => '0',
  'cashier' => '15014139145',
  'top_agent_id' => '223627',
  'order_desc' => '支付成功',
  'source' => '0',
  'trantp' => '1',
  'aid' => '617033015310',
  'sign' => 'b488fe559f963e29779824c6d1a91b8e',
)
[ sql ] [ DB ] CONNECT:[ UseTime:0.000000s ] mysql:host=127.0.0.1;port=3306;dbname=shoppings;charset=utf8
[ sql ] [ SQL ] SHOW COLUMNS FROM `web_orders` [ RunTime:0.015625s ]
[ sql ] [ SQL ] SELECT * FROM `web_orders` WHERE  `order_no` = '2017111355102511'  AND `type` = 1 LIMIT 1 [ RunTime:0.000000s ]
[ sql ] [ SQL ] SELECT SUM(price) AS tp_sum FROM `web_orders` WHERE  `uid` = 6  AND `status` = 1  AND `type` = 2  AND `create_date` <= '1510502399' LIMIT 1 [ RunTime:0.000000s ]
[ sql ] [ SQL ] UPDATE `web_orders`  SET `type`=2  WHERE  `id` = 47 [ RunTime:0.015625s ]
[ sql ] [ SQL ] SHOW COLUMNS FROM `web_product` [ RunTime:0.015625s ]
[ sql ] [ SQL ] UPDATE `web_product`  SET `buy_num`=buy_num+1  WHERE  `id` = 45 [ RunTime:0.000000s ]
[ sql ] [ SQL ] SELECT SUM(price) AS tp_sum FROM `web_orders` WHERE  `create_date` BETWEEN '1510502400' AND '1510588799'  AND `status` = 1  AND `type` = 2 LIMIT 1 [ RunTime:0.000000s ]
[ sql ] [ SQL ] SHOW COLUMNS FROM `web_webconfig` [ RunTime:0.015625s ]
[ sql ] [ SQL ] SELECT * FROM `web_webconfig` WHERE  `id` = 2 LIMIT 1 [ RunTime:0.000000s ]
[ sql ] [ SQL ] SHOW COLUMNS FROM `web_member` [ RunTime:0.015625s ]
[ sql ] [ SQL ] SELECT * FROM `web_member` WHERE  `id` = 6 LIMIT 1 [ RunTime:0.000000s ]
[ sql ] [ SQL ] SELECT * FROM `web_member` WHERE  `id` = 6 LIMIT 1 [ RunTime:0.000000s ]
[ sql ] [ SQL ] SELECT * FROM `web_webconfig` WHERE  `id` = 2 LIMIT 1 [ RunTime:0.000000s ]
[ sql ] [ SQL ] SELECT * FROM `web_member` WHERE  `id` = 5 LIMIT 1 [ RunTime:0.000000s ]
[ sql ] [ SQL ] SELECT * FROM `web_webconfig` WHERE  `id` = 2 LIMIT 1 [ RunTime:0.000000s ]
[ sql ] [ SQL ] SELECT * FROM `web_member` WHERE  `id` = 4 LIMIT 1 [ RunTime:0.000000s ]
[ sql ] [ SQL ] SELECT * FROM `web_webconfig` WHERE  `id` = 2 LIMIT 1 [ RunTime:0.015625s ]
[ sql ] [ SQL ] SELECT * FROM `web_member` WHERE  `id` = 0 LIMIT 1 [ RunTime:0.000000s ]
[ sql ] [ SQL ] SELECT * FROM `web_webconfig` WHERE  `id` = 2 LIMIT 1 [ RunTime:0.000000s ]
[ sql ] [ SQL ] SELECT * FROM `web_member` WHERE  `id` = 5 LIMIT 1 [ RunTime:0.000000s ]
[ sql ] [ SQL ] UPDATE `web_member`  SET `bonus`=bonus+0.15  WHERE  `id` = 5 [ RunTime:0.000000s ]
[ sql ] [ SQL ] SHOW COLUMNS FROM `web_bonus` [ RunTime:0.015625s ]
[ sql ] [ SQL ] INSERT INTO `web_bonus` (`uid` , `type` , `create_date` , `money`) VALUES (5 , 1 , '1510581547' , 0.15) [ RunTime:0.000000s ]
[ sql ] [ SQL ] SELECT * FROM `web_member` WHERE  `id` = 4 LIMIT 1 [ RunTime:0.000000s ]
[ sql ] [ SQL ] UPDATE `web_member`  SET `bonus`=bonus+0.09  WHERE  `id` = 4 [ RunTime:0.000000s ]
[ sql ] [ SQL ] INSERT INTO `web_bonus` (`uid` , `type` , `create_date` , `money`) VALUES (4 , 2 , '1510581547' , 0.09) [ RunTime:0.000000s ]
---------------------------------------------------------------
[ 2017-11-13T22:00:35+08:00 ] 47.52.221.95 120.25.115.6 POST /admin/Captcha/baibao_return
[ error ] [2]strtolower() expects parameter 1 to be string, array given
[ error ] [8]未定义数组下标: 1
[ error ] [8]未定义数组下标: 1
[ error ] [8]未定义数组下标: 1
[ error ] [8]未定义数组下标: 1
[ info ] array (
  'order_id' => '205001711132200164370',
  'up_order_id' => '100020171113216877767',
  'banktransid' => '4200000035201711134509316787',
  'mach_order_id' => '2017111348101995',
  'terminal_id' => '',
  'agent_id' => '022399',
  'merchant_id' => '617101302503963',
  'create_time' => '2017-11-13 22:00:16',
  'pay_time' => '2017-11-13 22:00:34',
  'pay_money' => '3.00',
  'procedure_fee' => '0.02',
  't0_fee' => '0.00',
  'wr_fee' => '0.00',
  'state' => '0',
  'cashier' => '15014139145',
  'top_agent_id' => '223627',
  'order_desc' => '支付成功',
  'source' => '0',
  'trantp' => '1',
  'aid' => '617033015310',
  'sign' => '7bd82e40c89faa4a0769c60f98b3166c',
)
[ sql ] [ DB ] CONNECT:[ UseTime:0.000000s ] mysql:host=127.0.0.1;port=3306;dbname=shoppings;charset=utf8
[ sql ] [ SQL ] SHOW COLUMNS FROM `web_orders` [ RunTime:0.015625s ]
[ sql ] [ SQL ] SELECT * FROM `web_orders` WHERE  `order_no` = '2017111348101995'  AND `type` = 1 LIMIT 1 [ RunTime:0.000000s ]
[ sql ] [ SQL ] SELECT SUM(price) AS tp_sum FROM `web_orders` WHERE  `uid` = 9  AND `status` = 1  AND `type` = 2  AND `create_date` <= '1510502399' LIMIT 1 [ RunTime:0.000000s ]
[ sql ] [ SQL ] UPDATE `web_orders`  SET `type`=2  WHERE  `id` = 49 [ RunTime:0.000000s ]
[ sql ] [ SQL ] SHOW COLUMNS FROM `web_product` [ RunTime:0.015625s ]
[ sql ] [ SQL ] UPDATE `web_product`  SET `buy_num`=buy_num+1  WHERE  `id` = 45 [ RunTime:0.000000s ]
[ sql ] [ SQL ] SELECT SUM(price) AS tp_sum FROM `web_orders` WHERE  `create_date` BETWEEN '1510502400' AND '1510588799'  AND `status` = 1  AND `type` = 2 LIMIT 1 [ RunTime:0.000000s ]
[ sql ] [ SQL ] SHOW COLUMNS FROM `web_webconfig` [ RunTime:0.015625s ]
[ sql ] [ SQL ] SELECT * FROM `web_webconfig` WHERE  `id` = 2 LIMIT 1 [ RunTime:0.000000s ]
[ sql ] [ SQL ] SHOW COLUMNS FROM `web_member` [ RunTime:0.015625s ]
[ sql ] [ SQL ] SELECT * FROM `web_member` WHERE  `id` = 9 LIMIT 1 [ RunTime:0.000000s ]
[ sql ] [ SQL ] SELECT * FROM `web_member` WHERE  `id` = 9 LIMIT 1 [ RunTime:0.000000s ]
[ sql ] [ SQL ] SELECT * FROM `web_webconfig` WHERE  `id` = 2 LIMIT 1 [ RunTime:0.000000s ]
[ sql ] [ SQL ] SELECT * FROM `web_member` WHERE  `id` = 4 LIMIT 1 [ RunTime:0.000000s ]
[ sql ] [ SQL ] SELECT * FROM `web_webconfig` WHERE  `id` = 2 LIMIT 1 [ RunTime:0.000000s ]
[ sql ] [ SQL ] SELECT * FROM `web_member` WHERE  `id` = 0 LIMIT 1 [ RunTime:0.000000s ]
[ sql ] [ SQL ] SELECT * FROM `web_webconfig` WHERE  `id` = 2 LIMIT 1 [ RunTime:0.000000s ]
[ sql ] [ SQL ] SELECT * FROM `web_member` WHERE  `id` = 4 LIMIT 1 [ RunTime:0.000000s ]
[ sql ] [ SQL ] UPDATE `web_member`  SET `bonus`=bonus+0.15  WHERE  `id` = 4 [ RunTime:0.000000s ]
[ sql ] [ SQL ] SHOW COLUMNS FROM `web_bonus` [ RunTime:0.031250s ]
[ sql ] [ SQL ] INSERT INTO `web_bonus` (`uid` , `type` , `create_date` , `money`) VALUES (4 , 1 , '1510581635' , 0.15) [ RunTime:0.000000s ]
[ sql ] [ SQL ] SELECT * FROM `web_member` WHERE  `id` = 0 LIMIT 1 [ RunTime:0.000000s ]
[ sql ] [ SQL ] UPDATE `web_member`  SET `bonus`=bonus+0.09  WHERE  `id` = 0 [ RunTime:0.000000s ]
