---------------------------------------------------------------
[ 2017-11-15T01:34:19+08:00 ] 47.52.221.95 120.76.16.228 POST /admin/Captcha/baibao_return
[ error ] [2]strtolower() expects parameter 1 to be string, array given
[ error ] [8]未定义数组下标: 1
[ error ] [8]未定义数组下标: 1
[ error ] [8]未定义数组下标: 1
[ error ] [8]未定义数组下标: 1
[ info ] array (
  'msg' => '支付成功',
  'payType' => '4',
  'payMoney' => '100.0',
  'data' => '{"attach":"","channel_trade_no":"4200000041201711154731329827","end_time":"20171115013418","key_sign":"8c10a3c217a653a3a467dff3ab89c40d","merchant_name":"深圳前海巨淘信息技术有限公司","merchant_no":"858400208000010","out_trade_no":"101889030321217111501333600329","pay_type":"010","receipt_fee":"10000","result_code":"01","return_code":"01","return_msg":"支付成功","terminal_id":"10188903","terminal_time":"20171115013336","terminal_trace":"2440021194802176","total_fee":"10000","user_id":"o1-021f1P3yaP9q9a62txjavj2W8"}',
  'outTradeNo' => '2440021194802176',
  'clientSno' => '2017111510210048',
  'status' => '1',
)
[ sql ] [ DB ] CONNECT:[ UseTime:0.000000s ] mysql:host=127.0.0.1;port=3306;dbname=shoppings;charset=utf8
[ sql ] [ SQL ] SHOW COLUMNS FROM `web_orders` [ RunTime:0.000000s ]
[ sql ] [ SQL ] SELECT * FROM `web_orders` WHERE  `order_no` = '2017111510210048'  AND `type` = 1 LIMIT 1 [ RunTime:0.000000s ]
[ sql ] [ SQL ] SELECT SUM(price) AS tp_sum FROM `web_orders` WHERE  `uid` = 55  AND `status` = 1  AND `type` = 2  AND `create_date` <= '1510675199' LIMIT 1 [ RunTime:0.000000s ]
[ sql ] [ SQL ] UPDATE `web_orders`  SET `type`=2  WHERE  `id` = 123 [ RunTime:0.000000s ]
[ sql ] [ SQL ] SHOW COLUMNS FROM `web_product` [ RunTime:0.015625s ]
[ sql ] [ SQL ] UPDATE `web_product`  SET `buy_num`=buy_num+1  WHERE  `id` = 45 [ RunTime:0.000000s ]
[ sql ] [ SQL ] SELECT SUM(price) AS tp_sum FROM `web_orders` WHERE  `create_date` BETWEEN '1510675200' AND '1510761599'  AND `status` = 1  AND `type` = 2 LIMIT 1 [ RunTime:0.000000s ]
[ sql ] [ SQL ] SHOW COLUMNS FROM `web_webconfig` [ RunTime:0.000000s ]
[ sql ] [ SQL ] SELECT * FROM `web_webconfig` WHERE  `id` = 2 LIMIT 1 [ RunTime:0.015625s ]
[ sql ] [ SQL ] SHOW COLUMNS FROM `web_member` [ RunTime:0.000000s ]
[ sql ] [ SQL ] SELECT * FROM `web_member` WHERE  `id` = 55 LIMIT 1 [ RunTime:0.000000s ]
[ sql ] [ SQL ] SELECT * FROM `web_member` WHERE  `id` = 55 LIMIT 1 [ RunTime:0.000000s ]
[ sql ] [ SQL ] SELECT * FROM `web_webconfig` WHERE  `id` = 2 LIMIT 1 [ RunTime:0.000000s ]
[ sql ] [ SQL ] SELECT * FROM `web_member` WHERE  `id` = 54 LIMIT 1 [ RunTime:0.000000s ]
[ sql ] [ SQL ] SELECT * FROM `web_webconfig` WHERE  `id` = 2 LIMIT 1 [ RunTime:0.000000s ]
[ sql ] [ SQL ] SELECT * FROM `web_member` WHERE  `id` = 0 LIMIT 1 [ RunTime:0.000000s ]
[ sql ] [ SQL ] SELECT * FROM `web_webconfig` WHERE  `id` = 2 LIMIT 1 [ RunTime:0.000000s ]
[ sql ] [ SQL ] SELECT * FROM `web_member` WHERE  `id` = 54 LIMIT 1 [ RunTime:0.015625s ]
[ sql ] [ SQL ] SELECT * FROM `web_orders` WHERE  `uid` = 54  AND `status` = 1  AND `type` = 2 LIMIT 1 [ RunTime:0.000000s ]
[ sql ] [ SQL ] UPDATE `web_member`  SET `bonus`=bonus+5  WHERE  `id` = 54 [ RunTime:0.000000s ]
[ sql ] [ SQL ] SHOW COLUMNS FROM `web_bonus` [ RunTime:0.000000s ]
[ sql ] [ SQL ] INSERT INTO `web_bonus` (`uid` , `type` , `create_date` , `money`) VALUES (54 , 1 , '1510680858' , 5) [ RunTime:0.015625s ]
[ sql ] [ SQL ] SELECT * FROM `web_member` WHERE  `id` = 0 LIMIT 1 [ RunTime:0.000000s ]
[ sql ] [ SQL ] UPDATE `web_member`  SET `bonus`=bonus+3  WHERE  `id` = 0 [ RunTime:0.000000s ]
[ sql ] [ SQL ] INSERT INTO `web_bonus` (`uid` , `status` , `create_date` , `money`) VALUES (55 , 2 , '1510680858' , 120) [ RunTime:0.000000s ]
[ sql ] [ SQL ] UPDATE `web_member`  SET `money`=money+120  WHERE  `id` = 55 [ RunTime:0.000000s ]
[ sql ] [ SQL ] UPDATE `web_orders`  SET `status`=2  WHERE  `uid` = 55  AND `status` = 1  AND `type` = 2  AND `create_date` <= '1510675199' [ RunTime:0.000000s ]
---------------------------------------------------------------
[ 2017-11-15T01:37:43+08:00 ] 47.52.221.95 120.76.16.230 POST /admin/Captcha/baibao_return
[ error ] [2]strtolower() expects parameter 1 to be string, array given
[ error ] [8]未定义数组下标: 1
[ error ] [8]未定义数组下标: 1
[ error ] [8]未定义数组下标: 1
[ error ] [8]未定义数组下标: 1
[ info ] array (
  'msg' => '支付成功',
  'payType' => '4',
  'payMoney' => '100.0',
  'data' => '{"attach":"","channel_trade_no":"4200000032201711154731356893","end_time":"20171115013742","key_sign":"42c3b4b89b0fde8c5e2447aed7e824b6","merchant_name":"深圳前海巨淘信息技术有限公司","merchant_no":"858400208000010","out_trade_no":"101889030621217111501364600371","pay_type":"010","receipt_fee":"10000","result_code":"01","return_code":"01","return_msg":"支付成功","terminal_id":"10188903","terminal_time":"20171115013646","terminal_trace":"2440024308483072","total_fee":"10000","user_id":"o1-021WiKlrXvSF1Bis5n51A7tbA"}',
  'outTradeNo' => '2440024308483072',
  'clientSno' => '2017111510152515',
  'status' => '1',
)
[ sql ] [ DB ] CONNECT:[ UseTime:0.000000s ] mysql:host=127.0.0.1;port=3306;dbname=shoppings;charset=utf8
[ sql ] [ SQL ] SHOW COLUMNS FROM `web_orders` [ RunTime:0.000000s ]
[ sql ] [ SQL ] SELECT * FROM `web_orders` WHERE  `order_no` = '2017111510152515'  AND `type` = 1 LIMIT 1 [ RunTime:0.000000s ]
[ sql ] [ SQL ] SELECT SUM(price) AS tp_sum FROM `web_orders` WHERE  `uid` = 60  AND `status` = 1  AND `type` = 2  AND `create_date` <= '1510675199' LIMIT 1 [ RunTime:0.000000s ]
[ sql ] [ SQL ] UPDATE `web_orders`  SET `type`=2  WHERE  `id` = 126 [ RunTime:0.000000s ]
[ sql ] [ SQL ] SHOW COLUMNS FROM `web_product` [ RunTime:0.015625s ]
[ sql ] [ SQL ] UPDATE `web_product`  SET `buy_num`=buy_num+1  WHERE  `id` = 45 [ RunTime:0.000000s ]
[ sql ] [ SQL ] SELECT SUM(price) AS tp_sum FROM `web_orders` WHERE  `create_date` BETWEEN '1510675200' AND '1510761599'  AND `status` = 1  AND `type` = 2 LIMIT 1 [ RunTime:0.000000s ]
[ sql ] [ SQL ] SHOW COLUMNS FROM `web_webconfig` [ RunTime:0.015625s ]
[ sql ] [ SQL ] SELECT * FROM `web_webconfig` WHERE  `id` = 2 LIMIT 1 [ RunTime:0.000000s ]
[ sql ] [ SQL ] SHOW COLUMNS FROM `web_member` [ RunTime:0.000000s ]
[ sql ] [ SQL ] SELECT * FROM `web_member` WHERE  `id` = 60 LIMIT 1 [ RunTime:0.000000s ]
[ sql ] [ SQL ] SELECT * FROM `web_member` WHERE  `id` = 60 LIMIT 1 [ RunTime:0.000000s ]
[ sql ] [ SQL ] SELECT * FROM `web_webconfig` WHERE  `id` = 2 LIMIT 1 [ RunTime:0.000000s ]
[ sql ] [ SQL ] SELECT * FROM `web_member` WHERE  `id` = 54 LIMIT 1 [ RunTime:0.000000s ]
[ sql ] [ SQL ] SELECT * FROM `web_webconfig` WHERE  `id` = 2 LIMIT 1 [ RunTime:0.015625s ]
[ sql ] [ SQL ] SELECT * FROM `web_member` WHERE  `id` = 0 LIMIT 1 [ RunTime:0.000000s ]
[ sql ] [ SQL ] SELECT * FROM `web_webconfig` WHERE  `id` = 2 LIMIT 1 [ RunTime:0.000000s ]
[ sql ] [ SQL ] SELECT * FROM `web_member` WHERE  `id` = 54 LIMIT 1 [ RunTime:0.000000s ]
[ sql ] [ SQL ] SELECT * FROM `web_orders` WHERE  `uid` = 54  AND `status` = 1  AND `type` = 2 LIMIT 1 [ RunTime:0.000000s ]
[ sql ] [ SQL ] UPDATE `web_member`  SET `bonus`=bonus+5  WHERE  `id` = 54 [ RunTime:0.000000s ]
[ sql ] [ SQL ] SHOW COLUMNS FROM `web_bonus` [ RunTime:0.015625s ]
[ sql ] [ SQL ] INSERT INTO `web_bonus` (`uid` , `type` , `create_date` , `money`) VALUES (54 , 1 , '1510681062' , 5) [ RunTime:0.000000s ]
[ sql ] [ SQL ] SELECT * FROM `web_member` WHERE  `id` = 0 LIMIT 1 [ RunTime:0.000000s ]
[ sql ] [ SQL ] UPDATE `web_member`  SET `bonus`=bonus+3  WHERE  `id` = 0 [ RunTime:0.000000s ]
[ sql ] [ SQL ] INSERT INTO `web_bonus` (`uid` , `status` , `create_date` , `money`) VALUES (60 , 2 , '1510681062' , 120) [ RunTime:0.000000s ]
[ sql ] [ SQL ] UPDATE `web_member`  SET `money`=money+120  WHERE  `id` = 60 [ RunTime:0.000000s ]
[ sql ] [ SQL ] UPDATE `web_orders`  SET `status`=2  WHERE  `uid` = 60  AND `status` = 1  AND `type` = 2  AND `create_date` <= '1510675199' [ RunTime:0.000000s ]
---------------------------------------------------------------
[ 2017-11-15T05:21:21+08:00 ] 47.52.221.95 120.76.16.225 POST /admin/Captcha/baibao_return
[ error ] [2]strtolower() expects parameter 1 to be string, array given
[ error ] [8]未定义数组下标: 1
[ error ] [8]未定义数组下标: 1
[ error ] [8]未定义数组下标: 1
[ error ] [8]未定义数组下标: 1
[ info ] array (
  'msg' => '支付成功',
  'payType' => '6',
  'payMoney' => '100.0',
  'data' => 'SfPayCallbackModel [respCode=00, respMsg=成功, settleDate=1115, settleAmt=100.0, txnTime=20171115052029, txnAmt=100.0, traceNo=256070, traceTime=1115052029, orderNo=2440243893896192, logNo=17111500000436, signature=HXp7YU2GW0dgoesWt9YGYZAOitbGAxH2UUSmSbMnqJd/uFuh1OqrkRaz5N8rsSB+Vk7AFN7Oi/eSbalqX3XHBTED6Tbu0YSWrmbRFunrhGIf5ZWTiRQZ8gKGRJzj0KOnX3m1YjlyN0SEFZOL3VuDSCcTkT/c3hJkIgsgvRdbWDE=]',
  'outTradeNo' => '2440243893896192',
  'clientSno' => '2017111556565599',
  'status' => '1',
)
[ sql ] [ DB ] CONNECT:[ UseTime:0.015625s ] mysql:host=127.0.0.1;port=3306;dbname=shoppings;charset=utf8
[ sql ] [ SQL ] SHOW COLUMNS FROM `web_orders` [ RunTime:0.000000s ]
[ sql ] [ SQL ] SELECT * FROM `web_orders` WHERE  `order_no` = '2017111556565599'  AND `type` = 1 LIMIT 1 [ RunTime:0.000000s ]
[ sql ] [ SQL ] SELECT SUM(price) AS tp_sum FROM `web_orders` WHERE  `uid` = 61  AND `status` = 1  AND `type` = 2  AND `create_date` <= '1510675199' LIMIT 1 [ RunTime:0.000000s ]
[ sql ] [ SQL ] UPDATE `web_orders`  SET `type`=2  WHERE  `id` = 130 [ RunTime:0.000000s ]
[ sql ] [ SQL ] SHOW COLUMNS FROM `web_product` [ RunTime:0.000000s ]
[ sql ] [ SQL ] UPDATE `web_product`  SET `buy_num`=buy_num+1  WHERE  `id` = 45 [ RunTime:0.000000s ]
[ sql ] [ SQL ] SELECT SUM(price) AS tp_sum FROM `web_orders` WHERE  `create_date` BETWEEN '1510675200' AND '1510761599'  AND `status` = 1  AND `type` = 2 LIMIT 1 [ RunTime:0.000000s ]
[ sql ] [ SQL ] SHOW COLUMNS FROM `web_webconfig` [ RunTime:0.000000s ]
[ sql ] [ SQL ] SELECT * FROM `web_webconfig` WHERE  `id` = 2 LIMIT 1 [ RunTime:0.000000s ]
[ sql ] [ SQL ] SHOW COLUMNS FROM `web_member` [ RunTime:0.000000s ]
[ sql ] [ SQL ] SELECT * FROM `web_member` WHERE  `id` = 61 LIMIT 1 [ RunTime:0.000000s ]
[ sql ] [ SQL ] SELECT * FROM `web_member` WHERE  `id` = 61 LIMIT 1 [ RunTime:0.000000s ]
[ sql ] [ SQL ] SELECT * FROM `web_webconfig` WHERE  `id` = 2 LIMIT 1 [ RunTime:0.000000s ]
[ sql ] [ SQL ] SELECT * FROM `web_member` WHERE  `id` = 55 LIMIT 1 [ RunTime:0.000000s ]
[ sql ] [ SQL ] SELECT * FROM `web_webconfig` WHERE  `id` = 2 LIMIT 1 [ RunTime:0.000000s ]
[ sql ] [ SQL ] SELECT * FROM `web_member` WHERE  `id` = 54 LIMIT 1 [ RunTime:0.000000s ]
[ sql ] [ SQL ] SELECT * FROM `web_webconfig` WHERE  `id` = 2 LIMIT 1 [ RunTime:0.015625s ]
[ sql ] [ SQL ] SELECT * FROM `web_member` WHERE  `id` = 0 LIMIT 1 [ RunTime:0.000000s ]
[ sql ] [ SQL ] SELECT * FROM `web_webconfig` WHERE  `id` = 2 LIMIT 1 [ RunTime:0.000000s ]
[ sql ] [ SQL ] SELECT * FROM `web_member` WHERE  `id` = 55 LIMIT 1 [ RunTime:0.000000s ]
[ sql ] [ SQL ] SELECT * FROM `web_orders` WHERE  `uid` = 55  AND `status` = 1  AND `type` = 2 LIMIT 1 [ RunTime:0.000000s ]
[ sql ] [ SQL ] UPDATE `web_member`  SET `bonus`=bonus+5  WHERE  `id` = 55 [ RunTime:0.000000s ]
[ sql ] [ SQL ] SHOW COLUMNS FROM `web_bonus` [ RunTime:0.015625s ]
[ sql ] [ SQL ] INSERT INTO `web_bonus` (`uid` , `type` , `create_date` , `money`) VALUES (55 , 1 , '1510694481' , 5) [ RunTime:0.000000s ]
[ sql ] [ SQL ] SELECT * FROM `web_member` WHERE  `id` = 54 LIMIT 1 [ RunTime:0.000000s ]
[ sql ] [ SQL ] UPDATE `web_member`  SET `bonus`=bonus+3  WHERE  `id` = 54 [ RunTime:0.000000s ]
[ sql ] [ SQL ] INSERT INTO `web_bonus` (`uid` , `type` , `create_date` , `money`) VALUES (54 , 2 , '1510694481' , 3) [ RunTime:0.000000s ]
---------------------------------------------------------------
[ 2017-11-15T09:32:42+08:00 ] 47.52.221.95 120.25.115.8 POST /admin/Captcha/baibao_return
[ error ] [2]strtolower() expects parameter 1 to be string, array given
[ error ] [8]未定义数组下标: 1
[ error ] [8]未定义数组下标: 1
[ error ] [8]未定义数组下标: 1
[ error ] [8]未定义数组下标: 1
[ info ] array (
  'msg' => '支付成功',
  'payType' => '4',
  'payMoney' => '100.0',
  'data' => '{"attach":"","channel_trade_no":"4200000049201711154763735583","end_time":"20171115093241","key_sign":"aa8956e7a95370fb092a6571b9d4eb76","merchant_name":"深圳前海巨淘信息技术有限公司","merchant_no":"858400208000010","out_trade_no":"101889030521217111509320401329","pay_type":"010","receipt_fee":"10000","result_code":"01","return_code":"01","return_msg":"支付成功","terminal_id":"10188903","terminal_time":"20171115093204","terminal_trace":"2440491547116544","total_fee":"10000","user_id":"o1-021VA8cvR1BOHGZoOeIL46IMA"}',
  'outTradeNo' => '2440491547116544',
  'clientSno' => '2017111551102505',
  'status' => '1',
)
[ sql ] [ DB ] CONNECT:[ UseTime:0.000000s ] mysql:host=127.0.0.1;port=3306;dbname=shoppings;charset=utf8
[ sql ] [ SQL ] SHOW COLUMNS FROM `web_orders` [ RunTime:0.015625s ]
[ sql ] [ SQL ] SELECT * FROM `web_orders` WHERE  `order_no` = '2017111551102505'  AND `type` = 1 LIMIT 1 [ RunTime:0.000000s ]
[ sql ] [ SQL ] SELECT SUM(price) AS tp_sum FROM `web_orders` WHERE  `uid` = 75  AND `status` = 1  AND `type` = 2  AND `create_date` <= '1510675199' LIMIT 1 [ RunTime:0.000000s ]
[ sql ] [ SQL ] UPDATE `web_orders`  SET `type`=2  WHERE  `id` = 146 [ RunTime:0.000000s ]
[ sql ] [ SQL ] SHOW COLUMNS FROM `web_product` [ RunTime:0.015625s ]
[ sql ] [ SQL ] UPDATE `web_product`  SET `buy_num`=buy_num+1  WHERE  `id` = 45 [ RunTime:0.000000s ]
[ sql ] [ SQL ] SELECT SUM(price) AS tp_sum FROM `web_orders` WHERE  `create_date` BETWEEN '1510675200' AND '1510761599'  AND `status` = 1  AND `type` = 2 LIMIT 1 [ RunTime:0.000000s ]
[ sql ] [ SQL ] SHOW COLUMNS FROM `web_webconfig` [ RunTime:0.015625s ]
[ sql ] [ SQL ] SELECT * FROM `web_webconfig` WHERE  `id` = 2 LIMIT 1 [ RunTime:0.000000s ]
[ sql ] [ SQL ] SHOW COLUMNS FROM `web_member` [ RunTime:0.015625s ]
[ sql ] [ SQL ] UPDATE `web_member`  SET `buy_result`=1  WHERE  `id` = 75 [ RunTime:0.000000s ]
[ sql ] [ SQL ] SELECT * FROM `web_member` WHERE  `id` = 75 LIMIT 1 [ RunTime:0.000000s ]
[ sql ] [ SQL ] SELECT * FROM `web_member` WHERE  `id` = 75 LIMIT 1 [ RunTime:0.000000s ]
[ sql ] [ SQL ] SELECT * FROM `web_webconfig` WHERE  `id` = 2 LIMIT 1 [ RunTime:0.000000s ]
[ sql ] [ SQL ] SELECT * FROM `web_member` WHERE  `id` = 55 LIMIT 1 [ RunTime:0.000000s ]
[ sql ] [ SQL ] SELECT * FROM `web_webconfig` WHERE  `id` = 2 LIMIT 1 [ RunTime:0.000000s ]
[ sql ] [ SQL ] SELECT * FROM `web_member` WHERE  `id` = 54 LIMIT 1 [ RunTime:0.000000s ]
[ sql ] [ SQL ] SELECT * FROM `web_webconfig` WHERE  `id` = 2 LIMIT 1 [ RunTime:0.000000s ]
[ sql ] [ SQL ] SELECT * FROM `web_member` WHERE  `id` = 0 LIMIT 1 [ RunTime:0.000000s ]
[ sql ] [ SQL ] SELECT * FROM `web_webconfig` WHERE  `id` = 2 LIMIT 1 [ RunTime:0.000000s ]
[ sql ] [ SQL ] SELECT * FROM `web_member` WHERE  `id` = 55 LIMIT 1 [ RunTime:0.000000s ]
[ sql ] [ SQL ] SELECT * FROM `web_orders` WHERE  `uid` = 55  AND `status` = 1  AND `type` = 2 LIMIT 1 [ RunTime:0.000000s ]
[ sql ] [ SQL ] UPDATE `web_member`  SET `bonus`=bonus+5  WHERE  `id` = 55 [ RunTime:0.015625s ]
[ sql ] [ SQL ] SHOW COLUMNS FROM `web_bonus` [ RunTime:0.000000s ]
[ sql ] [ SQL ] INSERT INTO `web_bonus` (`uid` , `type` , `create_date` , `money`) VALUES (55 , 1 , '1510709562' , 5) [ RunTime:0.000000s ]
[ sql ] [ SQL ] SELECT * FROM `web_member` WHERE  `id` = 54 LIMIT 1 [ RunTime:0.000000s ]
[ sql ] [ SQL ] UPDATE `web_member`  SET `bonus`=bonus+3  WHERE  `id` = 54 [ RunTime:0.000000s ]
[ sql ] [ SQL ] INSERT INTO `web_bonus` (`uid` , `type` , `create_date` , `money`) VALUES (54 , 2 , '1510709562' , 3) [ RunTime:0.000000s ]
[ sql ] [ SQL ] INSERT INTO `web_bonus` (`uid` , `status` , `create_date` , `money`) VALUES (75 , 2 , '1510709562' , 120) [ RunTime:0.000000s ]
[ sql ] [ SQL ] UPDATE `web_member`  SET `money`=money+120  WHERE  `id` = 75 [ RunTime:0.000000s ]
[ sql ] [ SQL ] UPDATE `web_orders`  SET `status`=2  WHERE  `uid` = 75  AND `status` = 1  AND `type` = 2  AND `create_date` <= '1510675199' [ RunTime:0.000000s ]
---------------------------------------------------------------
[ 2017-11-15T09:36:22+08:00 ] 47.52.221.95 120.76.16.230 POST /admin/Captcha/baibao_return
[ error ] [2]strtolower() expects parameter 1 to be string, array given
[ error ] [8]未定义数组下标: 1
[ error ] [8]未定义数组下标: 1
[ error ] [8]未定义数组下标: 1
[ error ] [8]未定义数组下标: 1
[ info ] array (
  'msg' => '支付成功',
  'payType' => '2',
  'payMoney' => '100.0',
  'data' => '{"attach":"","channel_trade_no":"2017111521001104675245051971","end_time":"20171115093621","key_sign":"f34a313ba39786e72fcdced9bafabf37","merchant_name":"深圳前海巨淘信息技术有限公司","merchant_no":"858400208000010","out_trade_no":"101889030722217111509352901566","pay_type":"020","receipt_fee":"10000","result_code":"01","return_code":"01","return_msg":"支付成功","terminal_id":"10188903","terminal_time":"20171115093529","terminal_trace":"2440494902952960","total_fee":"10000","user_id":"2088002740599677"}',
  'outTradeNo' => '2440494902952960',
  'clientSno' => '2017111549495750',
  'status' => '1',
)
[ sql ] [ DB ] CONNECT:[ UseTime:0.000000s ] mysql:host=127.0.0.1;port=3306;dbname=shoppings;charset=utf8
[ sql ] [ SQL ] SHOW COLUMNS FROM `web_orders` [ RunTime:0.015625s ]
[ sql ] [ SQL ] SELECT * FROM `web_orders` WHERE  `order_no` = '2017111549495750'  AND `type` = 1 LIMIT 1 [ RunTime:0.000000s ]
[ sql ] [ SQL ] SELECT SUM(price) AS tp_sum FROM `web_orders` WHERE  `uid` = 59  AND `status` = 1  AND `type` = 2  AND `create_date` <= '1510675199' LIMIT 1 [ RunTime:0.000000s ]
[ sql ] [ SQL ] UPDATE `web_orders`  SET `type`=2  WHERE  `id` = 150 [ RunTime:0.000000s ]
[ sql ] [ SQL ] SHOW COLUMNS FROM `web_product` [ RunTime:0.015625s ]
[ sql ] [ SQL ] UPDATE `web_product`  SET `buy_num`=buy_num+1  WHERE  `id` = 45 [ RunTime:0.000000s ]
[ sql ] [ SQL ] SELECT SUM(price) AS tp_sum FROM `web_orders` WHERE  `create_date` BETWEEN '1510675200' AND '1510761599'  AND `status` = 1  AND `type` = 2 LIMIT 1 [ RunTime:0.000000s ]
[ sql ] [ SQL ] SHOW COLUMNS FROM `web_webconfig` [ RunTime:0.015625s ]
[ sql ] [ SQL ] SELECT * FROM `web_webconfig` WHERE  `id` = 2 LIMIT 1 [ RunTime:0.000000s ]
[ sql ] [ SQL ] SHOW COLUMNS FROM `web_member` [ RunTime:0.000000s ]
[ sql ] [ SQL ] UPDATE `web_member`  SET `buy_result`=1  WHERE  `id` = 59 [ RunTime:0.015625s ]
[ sql ] [ SQL ] SELECT * FROM `web_member` WHERE  `id` = 59 LIMIT 1 [ RunTime:0.000000s ]
[ sql ] [ SQL ] SELECT * FROM `web_member` WHERE  `id` = 59 LIMIT 1 [ RunTime:0.000000s ]
[ sql ] [ SQL ] SELECT * FROM `web_webconfig` WHERE  `id` = 2 LIMIT 1 [ RunTime:0.000000s ]
[ sql ] [ SQL ] SELECT * FROM `web_member` WHERE  `id` = 0 LIMIT 1 [ RunTime:0.000000s ]
[ sql ] [ SQL ] SELECT * FROM `web_webconfig` WHERE  `id` = 2 LIMIT 1 [ RunTime:0.000000s ]
[ sql ] [ SQL ] SELECT * FROM `web_member` WHERE  `id` = 0 LIMIT 1 [ RunTime:0.000000s ]
---------------------------------------------------------------
[ 2017-11-15T09:44:17+08:00 ] 47.52.221.95 120.25.115.7 POST /admin/Captcha/baibao_return
[ error ] [2]strtolower() expects parameter 1 to be string, array given
[ error ] [8]未定义数组下标: 1
[ error ] [8]未定义数组下标: 1
[ error ] [8]未定义数组下标: 1
[ error ] [8]未定义数组下标: 1
[ info ] array (
  'msg' => '支付成功',
  'payType' => '2',
  'payMoney' => '500.0',
  'data' => '{"attach":"","channel_trade_no":"2017111521001104360225724540","end_time":"20171115094417","key_sign":"1237e7ac3c2798e9bf9de5fa696ede1e","merchant_name":"深圳前海巨淘信息技术有限公司","merchant_no":"858400208000010","out_trade_no":"101889030422217111509332801482","pay_type":"020","receipt_fee":"50000","result_code":"01","return_code":"01","return_msg":"支付成功","terminal_id":"10188903","terminal_time":"20171115093328","terminal_trace":"2440492924879872","total_fee":"50000","user_id":"2088622991729362"}',
  'outTradeNo' => '2440492924879872',
  'clientSno' => '2017111556495353',
  'status' => '1',
)
[ sql ] [ DB ] CONNECT:[ UseTime:0.000000s ] mysql:host=127.0.0.1;port=3306;dbname=shoppings;charset=utf8
[ sql ] [ SQL ] SHOW COLUMNS FROM `web_orders` [ RunTime:0.015625s ]
[ sql ] [ SQL ] SELECT * FROM `web_orders` WHERE  `order_no` = '2017111556495353'  AND `type` = 1 LIMIT 1 [ RunTime:0.000000s ]
[ sql ] [ SQL ] SELECT SUM(price) AS tp_sum FROM `web_orders` WHERE  `uid` = 67  AND `status` = 1  AND `type` = 2  AND `create_date` <= '1510675199' LIMIT 1 [ RunTime:0.000000s ]
[ sql ] [ SQL ] UPDATE `web_orders`  SET `type`=2  WHERE  `id` = 147 [ RunTime:0.000000s ]
[ sql ] [ SQL ] SHOW COLUMNS FROM `web_product` [ RunTime:0.015625s ]
[ sql ] [ SQL ] UPDATE `web_product`  SET `buy_num`=buy_num+1  WHERE  `id` = 46 [ RunTime:0.000000s ]
[ sql ] [ SQL ] SELECT SUM(price) AS tp_sum FROM `web_orders` WHERE  `create_date` BETWEEN '1510675200' AND '1510761599'  AND `status` = 1  AND `type` = 2 LIMIT 1 [ RunTime:0.000000s ]
[ sql ] [ SQL ] SHOW COLUMNS FROM `web_webconfig` [ RunTime:0.015625s ]
[ sql ] [ SQL ] SELECT * FROM `web_webconfig` WHERE  `id` = 2 LIMIT 1 [ RunTime:0.000000s ]
[ sql ] [ SQL ] SHOW COLUMNS FROM `web_member` [ RunTime:0.015625s ]
[ sql ] [ SQL ] UPDATE `web_member`  SET `buy_result`=1  WHERE  `id` = 67 [ RunTime:0.000000s ]
[ sql ] [ SQL ] SELECT * FROM `web_member` WHERE  `id` = 67 LIMIT 1 [ RunTime:0.000000s ]
[ sql ] [ SQL ] SELECT * FROM `web_member` WHERE  `id` = 67 LIMIT 1 [ RunTime:0.000000s ]
[ sql ] [ SQL ] SELECT * FROM `web_webconfig` WHERE  `id` = 2 LIMIT 1 [ RunTime:0.000000s ]
[ sql ] [ SQL ] SELECT * FROM `web_member` WHERE  `id` = 56 LIMIT 1 [ RunTime:0.000000s ]
[ sql ] [ SQL ] SELECT * FROM `web_webconfig` WHERE  `id` = 2 LIMIT 1 [ RunTime:0.000000s ]
[ sql ] [ SQL ] SELECT * FROM `web_member` WHERE  `id` = 54 LIMIT 1 [ RunTime:0.000000s ]
[ sql ] [ SQL ] SELECT * FROM `web_webconfig` WHERE  `id` = 2 LIMIT 1 [ RunTime:0.000000s ]
[ sql ] [ SQL ] SELECT * FROM `web_member` WHERE  `id` = 0 LIMIT 1 [ RunTime:0.000000s ]
[ sql ] [ SQL ] SELECT * FROM `web_webconfig` WHERE  `id` = 2 LIMIT 1 [ RunTime:0.000000s ]
[ sql ] [ SQL ] SELECT * FROM `web_member` WHERE  `id` = 56 LIMIT 1 [ RunTime:0.000000s ]
[ sql ] [ SQL ] SELECT * FROM `web_orders` WHERE  `uid` = 56  AND `status` = 1  AND `type` = 2 LIMIT 1 [ RunTime:0.000000s ]
[ sql ] [ SQL ] UPDATE `web_member`  SET `bonus`=bonus+12.5  WHERE  `id` = 56 [ RunTime:0.000000s ]
[ sql ] [ SQL ] SHOW COLUMNS FROM `web_bonus` [ RunTime:0.000000s ]
[ sql ] [ SQL ] INSERT INTO `web_bonus` (`uid` , `type` , `create_date` , `money`) VALUES (56 , 1 , '1510710257' , 12.5) [ RunTime:0.015625s ]
[ sql ] [ SQL ] SELECT * FROM `web_member` WHERE  `id` = 54 LIMIT 1 [ RunTime:0.000000s ]
[ sql ] [ SQL ] UPDATE `web_member`  SET `bonus`=bonus+15  WHERE  `id` = 54 [ RunTime:0.015625s ]
[ sql ] [ SQL ] INSERT INTO `web_bonus` (`uid` , `type` , `create_date` , `money`) VALUES (54 , 2 , '1510710257' , 15) [ RunTime:0.000000s ]
[ sql ] [ SQL ] INSERT INTO `web_bonus` (`uid` , `status` , `create_date` , `money`) VALUES (67 , 2 , '1510710257' , 120) [ RunTime:0.000000s ]
[ sql ] [ SQL ] UPDATE `web_member`  SET `money`=money+120  WHERE  `id` = 67 [ RunTime:0.000000s ]
[ sql ] [ SQL ] UPDATE `web_orders`  SET `status`=2  WHERE  `uid` = 67  AND `status` = 1  AND `type` = 2  AND `create_date` <= '1510675199' [ RunTime:0.000000s ]
---------------------------------------------------------------
[ 2017-11-15T10:23:02+08:00 ] 47.52.221.95 120.76.16.225 POST /admin/Captcha/baibao_return
[ error ] [2]strtolower() expects parameter 1 to be string, array given
[ error ] [8]未定义数组下标: 1
[ error ] [8]未定义数组下标: 1
[ error ] [8]未定义数组下标: 1
[ error ] [8]未定义数组下标: 1
[ info ] array (
  'msg' => '支付成功',
  'payType' => '2',
  'payMoney' => '100.0',
  'data' => '{"attach":"","channel_trade_no":"2017111521001104195305147326","end_time":"20171115102302","key_sign":"c7535dcd2fefa75c1faa9df56e33500f","merchant_name":"深圳前海巨淘信息技术有限公司","merchant_no":"858400208000010","out_trade_no":"101889030822217111510221901098","pay_type":"020","receipt_fee":"10000","result_code":"01","return_code":"01","return_msg":"支付成功","terminal_id":"10188903","terminal_time":"20171115102219","terminal_trace":"2440540937372672","total_fee":"10000","user_id":"2088122524652199"}',
  'outTradeNo' => '2440540937372672',
  'clientSno' => '2017111597971001',
  'status' => '1',
)
[ sql ] [ DB ] CONNECT:[ UseTime:0.000000s ] mysql:host=127.0.0.1;port=3306;dbname=shoppings;charset=utf8
[ sql ] [ SQL ] SHOW COLUMNS FROM `web_orders` [ RunTime:0.000000s ]
[ sql ] [ SQL ] SELECT * FROM `web_orders` WHERE  `order_no` = '2017111597971001'  AND `type` = 1 LIMIT 1 [ RunTime:0.000000s ]
[ sql ] [ SQL ] SELECT SUM(price) AS tp_sum FROM `web_orders` WHERE  `uid` = 57  AND `status` = 1  AND `type` = 2  AND `create_date` <= '1510675199' LIMIT 1 [ RunTime:0.000000s ]
[ sql ] [ SQL ] UPDATE `web_orders`  SET `type`=2  WHERE  `id` = 158 [ RunTime:0.000000s ]
[ sql ] [ SQL ] SHOW COLUMNS FROM `web_product` [ RunTime:0.015625s ]
[ sql ] [ SQL ] UPDATE `web_product`  SET `buy_num`=buy_num+1  WHERE  `id` = 45 [ RunTime:0.000000s ]
[ sql ] [ SQL ] SELECT SUM(price) AS tp_sum FROM `web_orders` WHERE  `create_date` BETWEEN '1510675200' AND '1510761599'  AND `status` = 1  AND `type` = 2 LIMIT 1 [ RunTime:0.000000s ]
[ sql ] [ SQL ] SHOW COLUMNS FROM `web_webconfig` [ RunTime:0.015625s ]
[ sql ] [ SQL ] SELECT * FROM `web_webconfig` WHERE  `id` = 2 LIMIT 1 [ RunTime:0.000000s ]
[ sql ] [ SQL ] SHOW COLUMNS FROM `web_member` [ RunTime:0.000000s ]
[ sql ] [ SQL ] UPDATE `web_member`  SET `buy_result`=1  WHERE  `id` = 57 [ RunTime:0.000000s ]
[ sql ] [ SQL ] SELECT * FROM `web_member` WHERE  `id` = 57 LIMIT 1 [ RunTime:0.000000s ]
[ sql ] [ SQL ] SELECT * FROM `web_member` WHERE  `id` = 57 LIMIT 1 [ RunTime:0.000000s ]
[ sql ] [ SQL ] SELECT * FROM `web_webconfig` WHERE  `id` = 2 LIMIT 1 [ RunTime:0.000000s ]
[ sql ] [ SQL ] SELECT * FROM `web_member` WHERE  `id` = 54 LIMIT 1 [ RunTime:0.000000s ]
[ sql ] [ SQL ] SELECT * FROM `web_webconfig` WHERE  `id` = 2 LIMIT 1 [ RunTime:0.000000s ]
[ sql ] [ SQL ] SELECT * FROM `web_member` WHERE  `id` = 0 LIMIT 1 [ RunTime:0.000000s ]
[ sql ] [ SQL ] SELECT * FROM `web_webconfig` WHERE  `id` = 2 LIMIT 1 [ RunTime:0.000000s ]
[ sql ] [ SQL ] SELECT * FROM `web_member` WHERE  `id` = 54 LIMIT 1 [ RunTime:0.000000s ]
[ sql ] [ SQL ] SELECT * FROM `web_orders` WHERE  `uid` = 54  AND `status` = 1  AND `type` = 2 LIMIT 1 [ RunTime:0.000000s ]
[ sql ] [ SQL ] UPDATE `web_member`  SET `bonus`=bonus+5  WHERE  `id` = 54 [ RunTime:0.000000s ]
[ sql ] [ SQL ] SHOW COLUMNS FROM `web_bonus` [ RunTime:0.015625s ]
[ sql ] [ SQL ] INSERT INTO `web_bonus` (`uid` , `type` , `create_date` , `money`) VALUES (54 , 1 , '1510712582' , 5) [ RunTime:0.000000s ]
[ sql ] [ SQL ] SELECT * FROM `web_member` WHERE  `id` = 0 LIMIT 1 [ RunTime:0.000000s ]
[ sql ] [ SQL ] UPDATE `web_member`  SET `bonus`=bonus+3  WHERE  `id` = 0 [ RunTime:0.000000s ]
[ sql ] [ SQL ] INSERT INTO `web_bonus` (`uid` , `status` , `create_date` , `money`) VALUES (57 , 2 , '1510712582' , 120) [ RunTime:0.000000s ]
[ sql ] [ SQL ] UPDATE `web_member`  SET `money`=money+120  WHERE  `id` = 57 [ RunTime:0.000000s ]
[ sql ] [ SQL ] UPDATE `web_orders`  SET `status`=2  WHERE  `uid` = 57  AND `status` = 1  AND `type` = 2  AND `create_date` <= '1510675199' [ RunTime:0.015625s ]
---------------------------------------------------------------
[ 2017-11-15T11:10:08+08:00 ] 47.52.221.95 120.76.16.228 POST /admin/Captcha/baibao_return
[ error ] [2]strtolower() expects parameter 1 to be string, array given
[ error ] [8]未定义数组下标: 1
[ error ] [8]未定义数组下标: 1
[ error ] [8]未定义数组下标: 1
[ error ] [8]未定义数组下标: 1
[ info ] array (
  'msg' => '支付成功',
  'payType' => '4',
  'payMoney' => '100.0',
  'data' => '{"attach":"","channel_trade_no":"4200000045201711154779831044","end_time":"20171115111008","key_sign":"15c538b6d5fa7d9b95a93a95a1782a62","merchant_name":"深圳前海巨淘信息技术有限公司","merchant_no":"858400208000010","out_trade_no":"101889034021217111511095600903","pay_type":"010","receipt_fee":"10000","result_code":"01","return_code":"01","return_msg":"支付成功","terminal_id":"10188903","terminal_time":"20171115110956","terminal_trace":"2440587750163456","total_fee":"10000","user_id":"o1-021f1P3yaP9q9a62txjavj2W8"}',
  'outTradeNo' => '2440587750163456',
  'clientSno' => '2017111552519856',
  'status' => '1',
)
[ sql ] [ DB ] CONNECT:[ UseTime:0.000000s ] mysql:host=127.0.0.1;port=3306;dbname=shoppings;charset=utf8
[ sql ] [ SQL ] SHOW COLUMNS FROM `web_orders` [ RunTime:0.000000s ]
[ sql ] [ SQL ] SELECT * FROM `web_orders` WHERE  `order_no` = '2017111552519856'  AND `type` = 1 LIMIT 1 [ RunTime:0.000000s ]
[ sql ] [ SQL ] SELECT SUM(price) AS tp_sum FROM `web_orders` WHERE  `uid` = 56  AND `status` = 1  AND `type` = 2  AND `create_date` <= '1510675199' LIMIT 1 [ RunTime:0.015625s ]
[ sql ] [ SQL ] UPDATE `web_orders`  SET `type`=2  WHERE  `id` = 163 [ RunTime:0.000000s ]
[ sql ] [ SQL ] SHOW COLUMNS FROM `web_product` [ RunTime:0.015625s ]
[ sql ] [ SQL ] UPDATE `web_product`  SET `buy_num`=buy_num+1  WHERE  `id` = 45 [ RunTime:0.000000s ]
[ sql ] [ SQL ] SELECT SUM(price) AS tp_sum FROM `web_orders` WHERE  `create_date` BETWEEN '1510675200' AND '1510761599'  AND `status` = 1  AND `type` = 2 LIMIT 1 [ RunTime:0.000000s ]
[ sql ] [ SQL ] SHOW COLUMNS FROM `web_webconfig` [ RunTime:0.015625s ]
[ sql ] [ SQL ] SELECT * FROM `web_webconfig` WHERE  `id` = 2 LIMIT 1 [ RunTime:0.000000s ]
[ sql ] [ SQL ] SHOW COLUMNS FROM `web_member` [ RunTime:0.015625s ]
[ sql ] [ SQL ] UPDATE `web_member`  SET `buy_result`=1  WHERE  `id` = 56 [ RunTime:0.000000s ]
[ sql ] [ SQL ] SELECT * FROM `web_member` WHERE  `id` = 56 LIMIT 1 [ RunTime:0.000000s ]
[ sql ] [ SQL ] SELECT * FROM `web_member` WHERE  `id` = 56 LIMIT 1 [ RunTime:0.000000s ]
[ sql ] [ SQL ] SELECT * FROM `web_webconfig` WHERE  `id` = 2 LIMIT 1 [ RunTime:0.000000s ]
[ sql ] [ SQL ] SELECT * FROM `web_member` WHERE  `id` = 54 LIMIT 1 [ RunTime:0.000000s ]
[ sql ] [ SQL ] SELECT * FROM `web_webconfig` WHERE  `id` = 2 LIMIT 1 [ RunTime:0.000000s ]
[ sql ] [ SQL ] SELECT * FROM `web_member` WHERE  `id` = 0 LIMIT 1 [ RunTime:0.000000s ]
[ sql ] [ SQL ] SELECT * FROM `web_webconfig` WHERE  `id` = 2 LIMIT 1 [ RunTime:0.000000s ]
[ sql ] [ SQL ] SELECT * FROM `web_member` WHERE  `id` = 54 LIMIT 1 [ RunTime:0.000000s ]
[ sql ] [ SQL ] SELECT * FROM `web_orders` WHERE  `uid` = 54  AND `status` = 1  AND `type` = 2 LIMIT 1 [ RunTime:0.000000s ]
[ sql ] [ SQL ] UPDATE `web_member`  SET `bonus`=bonus+5  WHERE  `id` = 54 [ RunTime:0.000000s ]
[ sql ] [ SQL ] SHOW COLUMNS FROM `web_bonus` [ RunTime:0.015625s ]
[ sql ] [ SQL ] INSERT INTO `web_bonus` (`uid` , `type` , `create_date` , `money`) VALUES (54 , 1 , '1510715408' , 5) [ RunTime:0.000000s ]
[ sql ] [ SQL ] SELECT * FROM `web_member` WHERE  `id` = 0 LIMIT 1 [ RunTime:0.000000s ]
[ sql ] [ SQL ] UPDATE `web_member`  SET `bonus`=bonus+3  WHERE  `id` = 0 [ RunTime:0.000000s ]
[ sql ] [ SQL ] INSERT INTO `web_bonus` (`uid` , `status` , `create_date` , `money`) VALUES (56 , 2 , '1510715408' , 120) [ RunTime:0.000000s ]
[ sql ] [ SQL ] UPDATE `web_member`  SET `money`=money+120  WHERE  `id` = 56 [ RunTime:0.015625s ]
[ sql ] [ SQL ] UPDATE `web_orders`  SET `status`=2  WHERE  `uid` = 56  AND `status` = 1  AND `type` = 2  AND `create_date` <= '1510675199' [ RunTime:0.000000s ]
---------------------------------------------------------------
[ 2017-11-15T12:43:29+08:00 ] 47.52.221.95 120.76.16.225 POST /admin/Captcha/baibao_return
[ error ] [2]strtolower() expects parameter 1 to be string, array given
[ error ] [8]未定义数组下标: 1
[ error ] [8]未定义数组下标: 1
[ error ] [8]未定义数组下标: 1
[ error ] [8]未定义数组下标: 1
[ info ] array (
  'msg' => '支付成功',
  'payType' => '4',
  'payMoney' => '100.0',
  'data' => '{"attach":"","channel_trade_no":"4200000036201711154797942592","end_time":"20171115124329","key_sign":"8c69851a4e4476901b5b10d8e81485a5","merchant_name":"深圳前海巨淘信息技术有限公司","merchant_no":"858400208000010","out_trade_no":"101889030421217111512424504848","pay_type":"010","receipt_fee":"10000","result_code":"01","return_code":"01","return_msg":"支付成功","terminal_id":"10188903","terminal_time":"20171115124245","terminal_trace":"2440678989906944","total_fee":"10000","user_id":"o1-021art0HqDd690ISCnDhj-Cd4"}',
  'outTradeNo' => '2440678989906944',
  'clientSno' => '2017111552100524',
  'status' => '1',
)
[ sql ] [ DB ] CONNECT:[ UseTime:0.000000s ] mysql:host=127.0.0.1;port=3306;dbname=shoppings;charset=utf8
[ sql ] [ SQL ] SHOW COLUMNS FROM `web_orders` [ RunTime:0.015625s ]
[ sql ] [ SQL ] SELECT * FROM `web_orders` WHERE  `order_no` = '2017111552100524'  AND `type` = 1 LIMIT 1 [ RunTime:0.000000s ]
[ sql ] [ SQL ] SELECT SUM(price) AS tp_sum FROM `web_orders` WHERE  `uid` = 63  AND `status` = 1  AND `type` = 2  AND `create_date` <= '1510675199' LIMIT 1 [ RunTime:0.000000s ]
[ sql ] [ SQL ] UPDATE `web_orders`  SET `type`=2  WHERE  `id` = 167 [ RunTime:0.000000s ]
[ sql ] [ SQL ] SHOW COLUMNS FROM `web_product` [ RunTime:0.015625s ]
[ sql ] [ SQL ] UPDATE `web_product`  SET `buy_num`=buy_num+1  WHERE  `id` = 45 [ RunTime:0.000000s ]
[ sql ] [ SQL ] SELECT SUM(price) AS tp_sum FROM `web_orders` WHERE  `create_date` BETWEEN '1510675200' AND '1510761599'  AND `status` = 1  AND `type` = 2 LIMIT 1 [ RunTime:0.000000s ]
[ sql ] [ SQL ] SHOW COLUMNS FROM `web_webconfig` [ RunTime:0.015625s ]
[ sql ] [ SQL ] SELECT * FROM `web_webconfig` WHERE  `id` = 2 LIMIT 1 [ RunTime:0.000000s ]
[ sql ] [ SQL ] SHOW COLUMNS FROM `web_member` [ RunTime:0.015625s ]
[ sql ] [ SQL ] UPDATE `web_member`  SET `buy_result`=1  WHERE  `id` = 63 [ RunTime:0.000000s ]
[ sql ] [ SQL ] SELECT * FROM `web_member` WHERE  `id` = 63 LIMIT 1 [ RunTime:0.000000s ]
[ sql ] [ SQL ] SELECT * FROM `web_member` WHERE  `id` = 63 LIMIT 1 [ RunTime:0.000000s ]
[ sql ] [ SQL ] SELECT * FROM `web_webconfig` WHERE  `id` = 2 LIMIT 1 [ RunTime:0.000000s ]
[ sql ] [ SQL ] SELECT * FROM `web_member` WHERE  `id` = 54 LIMIT 1 [ RunTime:0.000000s ]
[ sql ] [ SQL ] SELECT * FROM `web_webconfig` WHERE  `id` = 2 LIMIT 1 [ RunTime:0.000000s ]
[ sql ] [ SQL ] SELECT * FROM `web_member` WHERE  `id` = 0 LIMIT 1 [ RunTime:0.000000s ]
[ sql ] [ SQL ] SELECT * FROM `web_webconfig` WHERE  `id` = 2 LIMIT 1 [ RunTime:0.000000s ]
[ sql ] [ SQL ] SELECT * FROM `web_member` WHERE  `id` = 54 LIMIT 1 [ RunTime:0.000000s ]
[ sql ] [ SQL ] SELECT * FROM `web_orders` WHERE  `uid` = 54  AND `status` = 1  AND `type` = 2 LIMIT 1 [ RunTime:0.000000s ]
[ sql ] [ SQL ] UPDATE `web_member`  SET `bonus`=bonus+5  WHERE  `id` = 54 [ RunTime:0.015625s ]
[ sql ] [ SQL ] SHOW COLUMNS FROM `web_bonus` [ RunTime:0.000000s ]
[ sql ] [ SQL ] INSERT INTO `web_bonus` (`uid` , `type` , `create_date` , `money`) VALUES (54 , 1 , '1510721009' , 5) [ RunTime:0.000000s ]
[ sql ] [ SQL ] SELECT * FROM `web_member` WHERE  `id` = 0 LIMIT 1 [ RunTime:0.000000s ]
[ sql ] [ SQL ] UPDATE `web_member`  SET `bonus`=bonus+3  WHERE  `id` = 0 [ RunTime:0.000000s ]
[ sql ] [ SQL ] INSERT INTO `web_bonus` (`uid` , `status` , `create_date` , `money`) VALUES (63 , 2 , '1510721009' , 120) [ RunTime:0.000000s ]
[ sql ] [ SQL ] UPDATE `web_member`  SET `money`=money+120  WHERE  `id` = 63 [ RunTime:0.000000s ]
[ sql ] [ SQL ] UPDATE `web_orders`  SET `status`=2  WHERE  `uid` = 63  AND `status` = 1  AND `type` = 2  AND `create_date` <= '1510675199' [ RunTime:0.000000s ]
---------------------------------------------------------------
[ 2017-11-15T12:57:16+08:00 ] 47.52.221.95 120.76.16.228 POST /admin/Captcha/baibao_return
[ error ] [2]strtolower() expects parameter 1 to be string, array given
[ error ] [8]未定义数组下标: 1
[ error ] [8]未定义数组下标: 1
[ error ] [8]未定义数组下标: 1
[ error ] [8]未定义数组下标: 1
[ info ] array (
  'msg' => '支付成功',
  'payType' => '4',
  'payMoney' => '100.0',
  'data' => '{"attach":"","channel_trade_no":"4200000049201711154803746131","end_time":"20171115125715","key_sign":"d5afcdd55fa11e232e7f72d617515f27","merchant_name":"深圳前海巨淘信息技术有限公司","merchant_no":"858400208000010","out_trade_no":"101889030121217111512565706073","pay_type":"010","receipt_fee":"10000","result_code":"01","return_code":"01","return_msg":"支付成功","terminal_id":"10188903","terminal_time":"20171115125657","terminal_trace":"2440692949648384","total_fee":"10000","user_id":"o1-021UowAY657eq45UIueN6BRAw"}',
  'outTradeNo' => '2440692949648384',
  'clientSno' => '2017111556575152',
  'status' => '1',
)
[ sql ] [ DB ] CONNECT:[ UseTime:0.000000s ] mysql:host=127.0.0.1;port=3306;dbname=shoppings;charset=utf8
[ sql ] [ SQL ] SHOW COLUMNS FROM `web_orders` [ RunTime:0.000000s ]
[ sql ] [ SQL ] SELECT * FROM `web_orders` WHERE  `order_no` = '2017111556575152'  AND `type` = 1 LIMIT 1 [ RunTime:0.000000s ]
[ sql ] [ SQL ] SELECT SUM(price) AS tp_sum FROM `web_orders` WHERE  `uid` = 72  AND `status` = 1  AND `type` = 2  AND `create_date` <= '1510675199' LIMIT 1 [ RunTime:0.000000s ]
[ sql ] [ SQL ] UPDATE `web_orders`  SET `type`=2  WHERE  `id` = 169 [ RunTime:0.000000s ]
[ sql ] [ SQL ] SHOW COLUMNS FROM `web_product` [ RunTime:0.000000s ]
[ sql ] [ SQL ] UPDATE `web_product`  SET `buy_num`=buy_num+1  WHERE  `id` = 45 [ RunTime:0.015625s ]
[ sql ] [ SQL ] SELECT SUM(price) AS tp_sum FROM `web_orders` WHERE  `create_date` BETWEEN '1510675200' AND '1510761599'  AND `status` = 1  AND `type` = 2 LIMIT 1 [ RunTime:0.000000s ]
[ sql ] [ SQL ] SHOW COLUMNS FROM `web_webconfig` [ RunTime:0.000000s ]
[ sql ] [ SQL ] SELECT * FROM `web_webconfig` WHERE  `id` = 2 LIMIT 1 [ RunTime:0.000000s ]
[ sql ] [ SQL ] SHOW COLUMNS FROM `web_member` [ RunTime:0.015625s ]
[ sql ] [ SQL ] UPDATE `web_member`  SET `buy_result`=1  WHERE  `id` = 72 [ RunTime:0.000000s ]
[ sql ] [ SQL ] SELECT * FROM `web_member` WHERE  `id` = 72 LIMIT 1 [ RunTime:0.000000s ]
[ sql ] [ SQL ] SELECT * FROM `web_member` WHERE  `id` = 72 LIMIT 1 [ RunTime:0.015625s ]
[ sql ] [ SQL ] SELECT * FROM `web_webconfig` WHERE  `id` = 2 LIMIT 1 [ RunTime:0.000000s ]
[ sql ] [ SQL ] SELECT * FROM `web_member` WHERE  `id` = 54 LIMIT 1 [ RunTime:0.000000s ]
[ sql ] [ SQL ] SELECT * FROM `web_webconfig` WHERE  `id` = 2 LIMIT 1 [ RunTime:0.000000s ]
[ sql ] [ SQL ] SELECT * FROM `web_member` WHERE  `id` = 0 LIMIT 1 [ RunTime:0.000000s ]
[ sql ] [ SQL ] SELECT * FROM `web_webconfig` WHERE  `id` = 2 LIMIT 1 [ RunTime:0.000000s ]
[ sql ] [ SQL ] SELECT * FROM `web_member` WHERE  `id` = 54 LIMIT 1 [ RunTime:0.000000s ]
[ sql ] [ SQL ] SELECT * FROM `web_orders` WHERE  `uid` = 54  AND `status` = 1  AND `type` = 2 LIMIT 1 [ RunTime:0.000000s ]
[ sql ] [ SQL ] UPDATE `web_member`  SET `bonus`=bonus+5  WHERE  `id` = 54 [ RunTime:0.000000s ]
[ sql ] [ SQL ] SHOW COLUMNS FROM `web_bonus` [ RunTime:0.015625s ]
[ sql ] [ SQL ] INSERT INTO `web_bonus` (`uid` , `type` , `create_date` , `money`) VALUES (54 , 1 , '1510721836' , 5) [ RunTime:0.000000s ]
[ sql ] [ SQL ] SELECT * FROM `web_member` WHERE  `id` = 0 LIMIT 1 [ RunTime:0.000000s ]
[ sql ] [ SQL ] UPDATE `web_member`  SET `bonus`=bonus+3  WHERE  `id` = 0 [ RunTime:0.000000s ]
[ sql ] [ SQL ] INSERT INTO `web_bonus` (`uid` , `status` , `create_date` , `money`) VALUES (72 , 2 , '1510721836' , 120) [ RunTime:0.000000s ]
[ sql ] [ SQL ] UPDATE `web_member`  SET `money`=money+120  WHERE  `id` = 72 [ RunTime:0.000000s ]
[ sql ] [ SQL ] UPDATE `web_orders`  SET `status`=2  WHERE  `uid` = 72  AND `status` = 1  AND `type` = 2  AND `create_date` <= '1510675199' [ RunTime:0.000000s ]
---------------------------------------------------------------
[ 2017-11-15T13:33:22+08:00 ] 47.52.221.95 120.25.115.6 POST /admin/Captcha/baibao_return
[ error ] [2]strtolower() expects parameter 1 to be string, array given
[ error ] [8]未定义数组下标: 1
[ error ] [8]未定义数组下标: 1
[ error ] [8]未定义数组下标: 1
[ error ] [8]未定义数组下标: 1
[ info ] array (
  'msg' => '支付成功',
  'payType' => '2',
  'payMoney' => '100.0',
  'data' => '{"attach":"","channel_trade_no":"2017111521001104360226509600","end_time":"20171115133321","key_sign":"3950240d5fb0ab3c36cdb00d616f253e","merchant_name":"深圳前海巨淘信息技术有限公司","merchant_no":"858400208000010","out_trade_no":"101889030722217111513320201964","pay_type":"020","receipt_fee":"10000","result_code":"01","return_code":"01","return_msg":"支付成功","terminal_id":"10188903","terminal_time":"20171115133201","terminal_trace":"2440727431136256","total_fee":"10000","user_id":"2088622991729362"}',
  'outTradeNo' => '2440727431136256',
  'clientSno' => '2017111549509952',
  'status' => '1',
)
[ sql ] [ DB ] CONNECT:[ UseTime:0.000000s ] mysql:host=127.0.0.1;port=3306;dbname=shoppings;charset=utf8
[ sql ] [ SQL ] SHOW COLUMNS FROM `web_orders` [ RunTime:0.000000s ]
[ sql ] [ SQL ] SELECT * FROM `web_orders` WHERE  `order_no` = '2017111549509952'  AND `type` = 1 LIMIT 1 [ RunTime:0.000000s ]
[ sql ] [ SQL ] SELECT SUM(price) AS tp_sum FROM `web_orders` WHERE  `uid` = 79  AND `status` = 1  AND `type` = 2  AND `create_date` <= '1510675199' LIMIT 1 [ RunTime:0.015625s ]
[ sql ] [ SQL ] UPDATE `web_orders`  SET `type`=2  WHERE  `id` = 171 [ RunTime:0.000000s ]
[ sql ] [ SQL ] SHOW COLUMNS FROM `web_product` [ RunTime:0.015625s ]
[ sql ] [ SQL ] UPDATE `web_product`  SET `buy_num`=buy_num+1  WHERE  `id` = 45 [ RunTime:0.000000s ]
[ sql ] [ SQL ] SELECT SUM(price) AS tp_sum FROM `web_orders` WHERE  `create_date` BETWEEN '1510675200' AND '1510761599'  AND `status` = 1  AND `type` = 2 LIMIT 1 [ RunTime:0.000000s ]
[ sql ] [ SQL ] SHOW COLUMNS FROM `web_webconfig` [ RunTime:0.015625s ]
[ sql ] [ SQL ] SELECT * FROM `web_webconfig` WHERE  `id` = 2 LIMIT 1 [ RunTime:0.000000s ]
[ sql ] [ SQL ] SHOW COLUMNS FROM `web_member` [ RunTime:0.015625s ]
[ sql ] [ SQL ] UPDATE `web_member`  SET `buy_result`=1  WHERE  `id` = 79 [ RunTime:0.000000s ]
[ sql ] [ SQL ] SELECT * FROM `web_member` WHERE  `id` = 79 LIMIT 1 [ RunTime:0.000000s ]
[ sql ] [ SQL ] SELECT * FROM `web_member` WHERE  `id` = 79 LIMIT 1 [ RunTime:0.000000s ]
[ sql ] [ SQL ] SELECT * FROM `web_webconfig` WHERE  `id` = 2 LIMIT 1 [ RunTime:0.000000s ]
[ sql ] [ SQL ] SELECT * FROM `web_member` WHERE  `id` = 56 LIMIT 1 [ RunTime:0.000000s ]
[ sql ] [ SQL ] SELECT * FROM `web_webconfig` WHERE  `id` = 2 LIMIT 1 [ RunTime:0.000000s ]
[ sql ] [ SQL ] SELECT * FROM `web_member` WHERE  `id` = 54 LIMIT 1 [ RunTime:0.000000s ]
[ sql ] [ SQL ] SELECT * FROM `web_webconfig` WHERE  `id` = 2 LIMIT 1 [ RunTime:0.000000s ]
[ sql ] [ SQL ] SELECT * FROM `web_member` WHERE  `id` = 0 LIMIT 1 [ RunTime:0.000000s ]
[ sql ] [ SQL ] SELECT * FROM `web_webconfig` WHERE  `id` = 2 LIMIT 1 [ RunTime:0.000000s ]
[ sql ] [ SQL ] SELECT * FROM `web_member` WHERE  `id` = 56 LIMIT 1 [ RunTime:0.000000s ]
[ sql ] [ SQL ] SELECT * FROM `web_orders` WHERE  `uid` = 56  AND `status` = 1  AND `type` = 2 LIMIT 1 [ RunTime:0.000000s ]
[ sql ] [ SQL ] UPDATE `web_member`  SET `bonus`=bonus+5  WHERE  `id` = 56 [ RunTime:0.000000s ]
[ sql ] [ SQL ] SHOW COLUMNS FROM `web_bonus` [ RunTime:0.015625s ]
[ sql ] [ SQL ] INSERT INTO `web_bonus` (`uid` , `type` , `create_date` , `money`) VALUES (56 , 1 , '1510724002' , 5) [ RunTime:0.000000s ]
[ sql ] [ SQL ] SELECT * FROM `web_member` WHERE  `id` = 54 LIMIT 1 [ RunTime:0.000000s ]
[ sql ] [ SQL ] UPDATE `web_member`  SET `bonus`=bonus+3  WHERE  `id` = 54 [ RunTime:0.000000s ]
[ sql ] [ SQL ] INSERT INTO `web_bonus` (`uid` , `type` , `create_date` , `money`) VALUES (54 , 2 , '1510724002' , 3) [ RunTime:0.015625s ]
---------------------------------------------------------------
[ 2017-11-15T13:52:38+08:00 ] 47.52.221.95 120.25.115.8 POST /admin/Captcha/baibao_return
[ error ] [2]strtolower() expects parameter 1 to be string, array given
[ error ] [8]未定义数组下标: 1
[ error ] [8]未定义数组下标: 1
[ error ] [8]未定义数组下标: 1
[ error ] [8]未定义数组下标: 1
[ info ] array (
  'msg' => '支付成功',
  'payType' => '4',
  'payMoney' => '100.0',
  'data' => '{"attach":"","channel_trade_no":"4200000038201711154818411426","end_time":"20171115135238","key_sign":"9da342696997a6d4fe6767a2609403c5","merchant_name":"深圳前海巨淘信息技术有限公司","merchant_no":"858400208000010","out_trade_no":"101889031021217111513522003127","pay_type":"010","receipt_fee":"10000","result_code":"01","return_code":"01","return_msg":"支付成功","terminal_id":"10188903","terminal_time":"20171115135220","terminal_trace":"2440747397727232","total_fee":"10000","user_id":"o1-021WJ9eCjJFWpeo0OdJNjUczE"}',
  'outTradeNo' => '2440747397727232',
  'clientSno' => '2017111552535054',
  'status' => '1',
)
[ sql ] [ DB ] CONNECT:[ UseTime:0.000000s ] mysql:host=127.0.0.1;port=3306;dbname=shoppings;charset=utf8
[ sql ] [ SQL ] SHOW COLUMNS FROM `web_orders` [ RunTime:0.000000s ]
[ sql ] [ SQL ] SELECT * FROM `web_orders` WHERE  `order_no` = '2017111552535054'  AND `type` = 1 LIMIT 1 [ RunTime:0.000000s ]
[ sql ] [ SQL ] SELECT SUM(price) AS tp_sum FROM `web_orders` WHERE  `uid` = 64  AND `status` = 1  AND `type` = 2  AND `create_date` <= '1510675199' LIMIT 1 [ RunTime:0.000000s ]
[ sql ] [ SQL ] UPDATE `web_orders`  SET `type`=2  WHERE  `id` = 173 [ RunTime:0.015625s ]
[ sql ] [ SQL ] SHOW COLUMNS FROM `web_product` [ RunTime:0.000000s ]
[ sql ] [ SQL ] UPDATE `web_product`  SET `buy_num`=buy_num+1  WHERE  `id` = 45 [ RunTime:0.015625s ]
[ sql ] [ SQL ] SELECT SUM(price) AS tp_sum FROM `web_orders` WHERE  `create_date` BETWEEN '1510675200' AND '1510761599'  AND `status` = 1  AND `type` = 2 LIMIT 1 [ RunTime:0.000000s ]
[ sql ] [ SQL ] SHOW COLUMNS FROM `web_webconfig` [ RunTime:0.000000s ]
[ sql ] [ SQL ] SELECT * FROM `web_webconfig` WHERE  `id` = 2 LIMIT 1 [ RunTime:0.000000s ]
[ sql ] [ SQL ] SHOW COLUMNS FROM `web_member` [ RunTime:0.015625s ]
[ sql ] [ SQL ] UPDATE `web_member`  SET `buy_result`=1  WHERE  `id` = 64 [ RunTime:0.000000s ]
[ sql ] [ SQL ] SELECT * FROM `web_member` WHERE  `id` = 64 LIMIT 1 [ RunTime:0.000000s ]
[ sql ] [ SQL ] SELECT * FROM `web_member` WHERE  `id` = 64 LIMIT 1 [ RunTime:0.000000s ]
[ sql ] [ SQL ] SELECT * FROM `web_webconfig` WHERE  `id` = 2 LIMIT 1 [ RunTime:0.000000s ]
[ sql ] [ SQL ] SELECT * FROM `web_member` WHERE  `id` = 55 LIMIT 1 [ RunTime:0.000000s ]
[ sql ] [ SQL ] SELECT * FROM `web_webconfig` WHERE  `id` = 2 LIMIT 1 [ RunTime:0.015625s ]
[ sql ] [ SQL ] SELECT * FROM `web_member` WHERE  `id` = 54 LIMIT 1 [ RunTime:0.000000s ]
[ sql ] [ SQL ] SELECT * FROM `web_webconfig` WHERE  `id` = 2 LIMIT 1 [ RunTime:0.000000s ]
[ sql ] [ SQL ] SELECT * FROM `web_member` WHERE  `id` = 0 LIMIT 1 [ RunTime:0.000000s ]
[ sql ] [ SQL ] SELECT * FROM `web_webconfig` WHERE  `id` = 2 LIMIT 1 [ RunTime:0.000000s ]
[ sql ] [ SQL ] SELECT * FROM `web_member` WHERE  `id` = 55 LIMIT 1 [ RunTime:0.000000s ]
[ sql ] [ SQL ] SELECT * FROM `web_orders` WHERE  `uid` = 55  AND `status` = 1  AND `type` = 2 LIMIT 1 [ RunTime:0.000000s ]
[ sql ] [ SQL ] UPDATE `web_member`  SET `bonus`=bonus+5  WHERE  `id` = 55 [ RunTime:0.000000s ]
[ sql ] [ SQL ] SHOW COLUMNS FROM `web_bonus` [ RunTime:0.015625s ]
[ sql ] [ SQL ] INSERT INTO `web_bonus` (`uid` , `type` , `create_date` , `money`) VALUES (55 , 1 , '1510725158' , 5) [ RunTime:0.000000s ]
[ sql ] [ SQL ] SELECT * FROM `web_member` WHERE  `id` = 54 LIMIT 1 [ RunTime:0.000000s ]
[ sql ] [ SQL ] UPDATE `web_member`  SET `bonus`=bonus+3  WHERE  `id` = 54 [ RunTime:0.000000s ]
[ sql ] [ SQL ] INSERT INTO `web_bonus` (`uid` , `type` , `create_date` , `money`) VALUES (54 , 2 , '1510725158' , 3) [ RunTime:0.000000s ]
[ sql ] [ SQL ] INSERT INTO `web_bonus` (`uid` , `status` , `create_date` , `money`) VALUES (64 , 2 , '1510725158' , 120) [ RunTime:0.000000s ]
[ sql ] [ SQL ] UPDATE `web_member`  SET `money`=money+120  WHERE  `id` = 64 [ RunTime:0.000000s ]
[ sql ] [ SQL ] UPDATE `web_orders`  SET `status`=2  WHERE  `uid` = 64  AND `status` = 1  AND `type` = 2  AND `create_date` <= '1510675199' [ RunTime:0.015625s ]
---------------------------------------------------------------
[ 2017-11-15T14:20:37+08:00 ] 47.52.221.95 120.25.115.8 POST /admin/Captcha/baibao_return
[ error ] [2]strtolower() expects parameter 1 to be string, array given
[ error ] [8]未定义数组下标: 1
[ error ] [8]未定义数组下标: 1
[ error ] [8]未定义数组下标: 1
[ error ] [8]未定义数组下标: 1
[ info ] array (
  'msg' => '支付成功',
  'payType' => '4',
  'payMoney' => '100.0',
  'data' => '{"attach":"","channel_trade_no":"4200000036201711154815709298","end_time":"20171115142036","key_sign":"4fb4bd6d3b0ffe7e89a8607b8b3ed211","merchant_name":"深圳前海巨淘信息技术有限公司","merchant_no":"858400208000010","out_trade_no":"101889036421217111514195601883","pay_type":"010","receipt_fee":"10000","result_code":"01","return_code":"01","return_msg":"支付成功","terminal_id":"10188903","terminal_time":"20171115141955","terminal_trace":"2440774518981632","total_fee":"10000","user_id":"o1-021SeLgSQWMMDwAidPvjspnvg"}',
  'outTradeNo' => '2440774518981632',
  'clientSno' => '2017111598529799',
  'status' => '1',
)
[ sql ] [ DB ] CONNECT:[ UseTime:0.015625s ] mysql:host=127.0.0.1;port=3306;dbname=shoppings;charset=utf8
[ sql ] [ SQL ] SHOW COLUMNS FROM `web_orders` [ RunTime:0.000000s ]
[ sql ] [ SQL ] SELECT * FROM `web_orders` WHERE  `order_no` = '2017111598529799'  AND `type` = 1 LIMIT 1 [ RunTime:0.000000s ]
[ sql ] [ SQL ] SELECT SUM(price) AS tp_sum FROM `web_orders` WHERE  `uid` = 71  AND `status` = 1  AND `type` = 2  AND `create_date` <= '1510675199' LIMIT 1 [ RunTime:0.000000s ]
[ sql ] [ SQL ] UPDATE `web_orders`  SET `type`=2  WHERE  `id` = 174 [ RunTime:0.000000s ]
[ sql ] [ SQL ] SHOW COLUMNS FROM `web_product` [ RunTime:0.015625s ]
[ sql ] [ SQL ] UPDATE `web_product`  SET `buy_num`=buy_num+1  WHERE  `id` = 45 [ RunTime:0.000000s ]
[ sql ] [ SQL ] SELECT SUM(price) AS tp_sum FROM `web_orders` WHERE  `create_date` BETWEEN '1510675200' AND '1510761599'  AND `status` = 1  AND `type` = 2 LIMIT 1 [ RunTime:0.000000s ]
[ sql ] [ SQL ] SHOW COLUMNS FROM `web_webconfig` [ RunTime:0.015625s ]
[ sql ] [ SQL ] SELECT * FROM `web_webconfig` WHERE  `id` = 2 LIMIT 1 [ RunTime:0.000000s ]
[ sql ] [ SQL ] SHOW COLUMNS FROM `web_member` [ RunTime:0.015625s ]
[ sql ] [ SQL ] UPDATE `web_member`  SET `buy_result`=1  WHERE  `id` = 71 [ RunTime:0.000000s ]
[ sql ] [ SQL ] SELECT * FROM `web_member` WHERE  `id` = 71 LIMIT 1 [ RunTime:0.000000s ]
[ sql ] [ SQL ] SELECT * FROM `web_member` WHERE  `id` = 71 LIMIT 1 [ RunTime:0.000000s ]
[ sql ] [ SQL ] SELECT * FROM `web_webconfig` WHERE  `id` = 2 LIMIT 1 [ RunTime:0.000000s ]
[ sql ] [ SQL ] SELECT * FROM `web_member` WHERE  `id` = 57 LIMIT 1 [ RunTime:0.000000s ]
[ sql ] [ SQL ] SELECT * FROM `web_webconfig` WHERE  `id` = 2 LIMIT 1 [ RunTime:0.000000s ]
[ sql ] [ SQL ] SELECT * FROM `web_member` WHERE  `id` = 54 LIMIT 1 [ RunTime:0.000000s ]
[ sql ] [ SQL ] SELECT * FROM `web_webconfig` WHERE  `id` = 2 LIMIT 1 [ RunTime:0.000000s ]
[ sql ] [ SQL ] SELECT * FROM `web_member` WHERE  `id` = 0 LIMIT 1 [ RunTime:0.000000s ]
[ sql ] [ SQL ] SELECT * FROM `web_webconfig` WHERE  `id` = 2 LIMIT 1 [ RunTime:0.000000s ]
[ sql ] [ SQL ] SELECT * FROM `web_member` WHERE  `id` = 57 LIMIT 1 [ RunTime:0.000000s ]
[ sql ] [ SQL ] SELECT * FROM `web_orders` WHERE  `uid` = 57  AND `status` = 1  AND `type` = 2 LIMIT 1 [ RunTime:0.000000s ]
[ sql ] [ SQL ] UPDATE `web_member`  SET `bonus`=bonus+5  WHERE  `id` = 57 [ RunTime:0.000000s ]
[ sql ] [ SQL ] SHOW COLUMNS FROM `web_bonus` [ RunTime:0.015625s ]
[ sql ] [ SQL ] INSERT INTO `web_bonus` (`uid` , `type` , `create_date` , `money`) VALUES (57 , 1 , '1510726837' , 5) [ RunTime:0.000000s ]
[ sql ] [ SQL ] SELECT * FROM `web_member` WHERE  `id` = 54 LIMIT 1 [ RunTime:0.000000s ]
[ sql ] [ SQL ] UPDATE `web_member`  SET `bonus`=bonus+3  WHERE  `id` = 54 [ RunTime:0.000000s ]
[ sql ] [ SQL ] INSERT INTO `web_bonus` (`uid` , `type` , `create_date` , `money`) VALUES (54 , 2 , '1510726837' , 3) [ RunTime:0.015625s ]
---------------------------------------------------------------
[ 2017-11-15T15:09:38+08:00 ] 47.52.221.95 120.25.115.7 POST /admin/Captcha/baibao_return
[ error ] [2]strtolower() expects parameter 1 to be string, array given
[ error ] [8]未定义数组下标: 1
[ error ] [8]未定义数组下标: 1
[ error ] [8]未定义数组下标: 1
[ error ] [8]未定义数组下标: 1
[ info ] array (
  'msg' => '支付成功',
  'payType' => '4',
  'payMoney' => '100.0',
  'data' => '{"attach":"","channel_trade_no":"4200000047201711154823851530","end_time":"20171115150937","key_sign":"958a005233963438ec1147f59bfbab64","merchant_name":"深圳前海巨淘信息技术有限公司","merchant_no":"858400208000010","out_trade_no":"101889030821217111515060500322","pay_type":"010","receipt_fee":"10000","result_code":"01","return_code":"01","return_msg":"支付成功","terminal_id":"10188903","terminal_time":"20171115150605","terminal_trace":"2440819895206912","total_fee":"10000","user_id":"o1-021RZsOEcpy_4msH6mV0bJEXg"}',
  'outTradeNo' => '2440819895206912',
  'clientSno' => '2017111599100989',
  'status' => '1',
)
[ sql ] [ DB ] CONNECT:[ UseTime:0.000000s ] mysql:host=127.0.0.1;port=3306;dbname=shoppings;charset=utf8
[ sql ] [ SQL ] SHOW COLUMNS FROM `web_orders` [ RunTime:0.015625s ]
[ sql ] [ SQL ] SELECT * FROM `web_orders` WHERE  `order_no` = '2017111599100989'  AND `type` = 1 LIMIT 1 [ RunTime:0.000000s ]
[ sql ] [ SQL ] SELECT SUM(price) AS tp_sum FROM `web_orders` WHERE  `uid` = 80  AND `status` = 1  AND `type` = 2  AND `create_date` <= '1510675199' LIMIT 1 [ RunTime:0.000000s ]
[ sql ] [ SQL ] UPDATE `web_orders`  SET `type`=2  WHERE  `id` = 175 [ RunTime:0.000000s ]
[ sql ] [ SQL ] SHOW COLUMNS FROM `web_product` [ RunTime:0.015625s ]
[ sql ] [ SQL ] UPDATE `web_product`  SET `buy_num`=buy_num+1  WHERE  `id` = 45 [ RunTime:0.000000s ]
[ sql ] [ SQL ] SELECT SUM(price) AS tp_sum FROM `web_orders` WHERE  `create_date` BETWEEN '1510675200' AND '1510761599'  AND `status` = 1  AND `type` = 2 LIMIT 1 [ RunTime:0.000000s ]
[ sql ] [ SQL ] SHOW COLUMNS FROM `web_webconfig` [ RunTime:0.015625s ]
[ sql ] [ SQL ] SELECT * FROM `web_webconfig` WHERE  `id` = 2 LIMIT 1 [ RunTime:0.000000s ]
[ sql ] [ SQL ] SHOW COLUMNS FROM `web_member` [ RunTime:0.015625s ]
[ sql ] [ SQL ] UPDATE `web_member`  SET `buy_result`=1  WHERE  `id` = 80 [ RunTime:0.000000s ]
[ sql ] [ SQL ] SELECT * FROM `web_member` WHERE  `id` = 80 LIMIT 1 [ RunTime:0.000000s ]
[ sql ] [ SQL ] SELECT * FROM `web_member` WHERE  `id` = 80 LIMIT 1 [ RunTime:0.000000s ]
[ sql ] [ SQL ] SELECT * FROM `web_webconfig` WHERE  `id` = 2 LIMIT 1 [ RunTime:0.000000s ]
[ sql ] [ SQL ] SELECT * FROM `web_member` WHERE  `id` = 61 LIMIT 1 [ RunTime:0.000000s ]
[ sql ] [ SQL ] SELECT * FROM `web_webconfig` WHERE  `id` = 2 LIMIT 1 [ RunTime:0.000000s ]
[ sql ] [ SQL ] SELECT * FROM `web_member` WHERE  `id` = 55 LIMIT 1 [ RunTime:0.000000s ]
[ sql ] [ SQL ] SELECT * FROM `web_webconfig` WHERE  `id` = 2 LIMIT 1 [ RunTime:0.000000s ]
[ sql ] [ SQL ] SELECT * FROM `web_member` WHERE  `id` = 54 LIMIT 1 [ RunTime:0.000000s ]
[ sql ] [ SQL ] SELECT * FROM `web_webconfig` WHERE  `id` = 2 LIMIT 1 [ RunTime:0.000000s ]
[ sql ] [ SQL ] SELECT * FROM `web_member` WHERE  `id` = 0 LIMIT 1 [ RunTime:0.000000s ]
[ sql ] [ SQL ] SELECT * FROM `web_webconfig` WHERE  `id` = 2 LIMIT 1 [ RunTime:0.000000s ]
[ sql ] [ SQL ] SELECT * FROM `web_member` WHERE  `id` = 61 LIMIT 1 [ RunTime:0.000000s ]
[ sql ] [ SQL ] SELECT * FROM `web_orders` WHERE  `uid` = 61  AND `status` = 1  AND `type` = 2 LIMIT 1 [ RunTime:0.015625s ]
[ sql ] [ SQL ] UPDATE `web_member`  SET `bonus`=bonus+5  WHERE  `id` = 61 [ RunTime:0.000000s ]
[ sql ] [ SQL ] SHOW COLUMNS FROM `web_bonus` [ RunTime:0.015625s ]
[ sql ] [ SQL ] INSERT INTO `web_bonus` (`uid` , `type` , `create_date` , `money`) VALUES (61 , 1 , '1510729777' , 5) [ RunTime:0.000000s ]
[ sql ] [ SQL ] SELECT * FROM `web_member` WHERE  `id` = 55 LIMIT 1 [ RunTime:0.000000s ]
[ sql ] [ SQL ] UPDATE `web_member`  SET `bonus`=bonus+3  WHERE  `id` = 55 [ RunTime:0.000000s ]
[ sql ] [ SQL ] INSERT INTO `web_bonus` (`uid` , `type` , `create_date` , `money`) VALUES (55 , 2 , '1510729777' , 3) [ RunTime:0.000000s ]
[ sql ] [ SQL ] UPDATE `web_member`  SET `bonus`=bonus+1  WHERE  `id` = 54 [ RunTime:0.000000s ]
[ sql ] [ SQL ] INSERT INTO `web_bonus` (`uid` , `type` , `create_date` , `money`) VALUES (54 , 3 , '1510729777' , 1) [ RunTime:0.000000s ]
---------------------------------------------------------------
[ 2017-11-15T16:27:02+08:00 ] 47.52.221.95 120.25.115.8 POST /admin/Captcha/baibao_return
[ error ] [2]strtolower() expects parameter 1 to be string, array given
[ error ] [8]未定义数组下标: 1
[ error ] [8]未定义数组下标: 1
[ error ] [8]未定义数组下标: 1
[ error ] [8]未定义数组下标: 1
[ info ] array (
  'msg' => '支付成功',
  'payType' => '4',
  'payMoney' => '100.0',
  'data' => '{"attach":"","channel_trade_no":"4200000046201711154842738794","end_time":"20171115162702","key_sign":"20ccf59a9fab0b2e58531022ec7d3bc9","merchant_name":"深圳前海巨淘信息技术有限公司","merchant_no":"858400208000010","out_trade_no":"101889034021217111516263502932","pay_type":"010","receipt_fee":"10000","result_code":"01","return_code":"01","return_msg":"支付成功","terminal_id":"10188903","terminal_time":"20171115162635","terminal_trace":"2440899031254016","total_fee":"10000","user_id":"o1-021ch_G_B0Fb5gwuVPWAGYg4M"}',
  'outTradeNo' => '2440899031254016',
  'clientSno' => '2017111597994948',
  'status' => '1',
)
[ sql ] [ DB ] CONNECT:[ UseTime:0.000000s ] mysql:host=127.0.0.1;port=3306;dbname=shoppings;charset=utf8
[ sql ] [ SQL ] SHOW COLUMNS FROM `web_orders` [ RunTime:0.015625s ]
[ sql ] [ SQL ] SELECT * FROM `web_orders` WHERE  `order_no` = '2017111597994948'  AND `type` = 1 LIMIT 1 [ RunTime:0.000000s ]
[ sql ] [ SQL ] SELECT SUM(price) AS tp_sum FROM `web_orders` WHERE  `uid` = 82  AND `status` = 1  AND `type` = 2  AND `create_date` <= '1510675199' LIMIT 1 [ RunTime:0.000000s ]
[ sql ] [ SQL ] UPDATE `web_orders`  SET `type`=2  WHERE  `id` = 178 [ RunTime:0.000000s ]
[ sql ] [ SQL ] SHOW COLUMNS FROM `web_product` [ RunTime:0.015625s ]
[ sql ] [ SQL ] UPDATE `web_product`  SET `buy_num`=buy_num+1  WHERE  `id` = 45 [ RunTime:0.000000s ]
[ sql ] [ SQL ] SELECT SUM(price) AS tp_sum FROM `web_orders` WHERE  `create_date` BETWEEN '1510675200' AND '1510761599'  AND `status` = 1  AND `type` = 2 LIMIT 1 [ RunTime:0.000000s ]
[ sql ] [ SQL ] SHOW COLUMNS FROM `web_webconfig` [ RunTime:0.015625s ]
[ sql ] [ SQL ] SELECT * FROM `web_webconfig` WHERE  `id` = 2 LIMIT 1 [ RunTime:0.000000s ]
[ sql ] [ SQL ] SHOW COLUMNS FROM `web_member` [ RunTime:0.015625s ]
[ sql ] [ SQL ] UPDATE `web_member`  SET `buy_result`=1  WHERE  `id` = 82 [ RunTime:0.000000s ]
[ sql ] [ SQL ] SELECT * FROM `web_member` WHERE  `id` = 82 LIMIT 1 [ RunTime:0.000000s ]
[ sql ] [ SQL ] SELECT * FROM `web_member` WHERE  `id` = 82 LIMIT 1 [ RunTime:0.000000s ]
[ sql ] [ SQL ] SELECT * FROM `web_webconfig` WHERE  `id` = 2 LIMIT 1 [ RunTime:0.000000s ]
[ sql ] [ SQL ] SELECT * FROM `web_member` WHERE  `id` = 63 LIMIT 1 [ RunTime:0.000000s ]
[ sql ] [ SQL ] SELECT * FROM `web_webconfig` WHERE  `id` = 2 LIMIT 1 [ RunTime:0.000000s ]
[ sql ] [ SQL ] SELECT * FROM `web_member` WHERE  `id` = 54 LIMIT 1 [ RunTime:0.000000s ]
[ sql ] [ SQL ] SELECT * FROM `web_webconfig` WHERE  `id` = 2 LIMIT 1 [ RunTime:0.000000s ]
[ sql ] [ SQL ] SELECT * FROM `web_member` WHERE  `id` = 0 LIMIT 1 [ RunTime:0.000000s ]
[ sql ] [ SQL ] SELECT * FROM `web_webconfig` WHERE  `id` = 2 LIMIT 1 [ RunTime:0.000000s ]
[ sql ] [ SQL ] SELECT * FROM `web_member` WHERE  `id` = 63 LIMIT 1 [ RunTime:0.000000s ]
[ sql ] [ SQL ] SELECT * FROM `web_orders` WHERE  `uid` = 63  AND `status` = 1  AND `type` = 2 LIMIT 1 [ RunTime:0.000000s ]
[ sql ] [ SQL ] UPDATE `web_member`  SET `bonus`=bonus+5  WHERE  `id` = 63 [ RunTime:0.000000s ]
[ sql ] [ SQL ] SHOW COLUMNS FROM `web_bonus` [ RunTime:0.015625s ]
[ sql ] [ SQL ] INSERT INTO `web_bonus` (`uid` , `type` , `create_date` , `money`) VALUES (63 , 1 , '1510734422' , 5) [ RunTime:0.000000s ]
[ sql ] [ SQL ] SELECT * FROM `web_member` WHERE  `id` = 54 LIMIT 1 [ RunTime:0.000000s ]
[ sql ] [ SQL ] UPDATE `web_member`  SET `bonus`=bonus+3  WHERE  `id` = 54 [ RunTime:0.000000s ]
[ sql ] [ SQL ] INSERT INTO `web_bonus` (`uid` , `type` , `create_date` , `money`) VALUES (54 , 2 , '1510734422' , 3) [ RunTime:0.000000s ]
---------------------------------------------------------------
[ 2017-11-15T18:01:23+08:00 ] 47.52.221.95 120.25.115.6 POST /admin/Captcha/baibao_return
[ error ] [2]strtolower() expects parameter 1 to be string, array given
[ error ] [8]未定义数组下标: 1
[ error ] [8]未定义数组下标: 1
[ error ] [8]未定义数组下标: 1
[ error ] [8]未定义数组下标: 1
[ info ] array (
  'msg' => '支付成功',
  'payType' => '4',
  'payMoney' => '100.0',
  'data' => '{"attach":"","channel_trade_no":"4200000046201711154861290308","end_time":"20171115180122","key_sign":"6dff24555531e0ecc671f459f8012aeb","merchant_name":"深圳前海巨淘信息技术有限公司","merchant_no":"858400208000010","out_trade_no":"101889036421217111518004200138","pay_type":"010","receipt_fee":"10000","result_code":"01","return_code":"01","return_msg":"支付成功","terminal_id":"10188903","terminal_time":"20171115180042","terminal_trace":"2440991547180032","total_fee":"10000","user_id":"o1-021W90-lLZRPocjz-T9-L_hJQ"}',
  'outTradeNo' => '2440991547180032',
  'clientSno' => '2017111557525410',
  'status' => '1',
)
[ sql ] [ DB ] CONNECT:[ UseTime:0.000000s ] mysql:host=127.0.0.1;port=3306;dbname=shoppings;charset=utf8
[ sql ] [ SQL ] SHOW COLUMNS FROM `web_orders` [ RunTime:0.015625s ]
[ sql ] [ SQL ] SELECT * FROM `web_orders` WHERE  `order_no` = '2017111557525410'  AND `type` = 1 LIMIT 1 [ RunTime:0.000000s ]
[ sql ] [ SQL ] SELECT SUM(price) AS tp_sum FROM `web_orders` WHERE  `uid` = 70  AND `status` = 1  AND `type` = 2  AND `create_date` <= '1510675199' LIMIT 1 [ RunTime:0.000000s ]
[ sql ] [ SQL ] UPDATE `web_orders`  SET `type`=2  WHERE  `id` = 188 [ RunTime:0.015625s ]
[ sql ] [ SQL ] SHOW COLUMNS FROM `web_product` [ RunTime:0.000000s ]
[ sql ] [ SQL ] UPDATE `web_product`  SET `buy_num`=buy_num+1  WHERE  `id` = 45 [ RunTime:0.015625s ]
[ sql ] [ SQL ] SELECT SUM(price) AS tp_sum FROM `web_orders` WHERE  `create_date` BETWEEN '1510675200' AND '1510761599'  AND `status` = 1  AND `type` = 2 LIMIT 1 [ RunTime:0.000000s ]
[ sql ] [ SQL ] SHOW COLUMNS FROM `web_webconfig` [ RunTime:0.000000s ]
[ sql ] [ SQL ] SELECT * FROM `web_webconfig` WHERE  `id` = 2 LIMIT 1 [ RunTime:0.000000s ]
[ sql ] [ SQL ] SHOW COLUMNS FROM `web_member` [ RunTime:0.015625s ]
[ sql ] [ SQL ] UPDATE `web_member`  SET `buy_result`=1  WHERE  `id` = 70 [ RunTime:0.000000s ]
[ sql ] [ SQL ] SELECT * FROM `web_member` WHERE  `id` = 70 LIMIT 1 [ RunTime:0.000000s ]
[ sql ] [ SQL ] SELECT * FROM `web_member` WHERE  `id` = 70 LIMIT 1 [ RunTime:0.015625s ]
[ sql ] [ SQL ] SELECT * FROM `web_webconfig` WHERE  `id` = 2 LIMIT 1 [ RunTime:0.000000s ]
[ sql ] [ SQL ] SELECT * FROM `web_member` WHERE  `id` = 67 LIMIT 1 [ RunTime:0.000000s ]
[ sql ] [ SQL ] SELECT * FROM `web_webconfig` WHERE  `id` = 2 LIMIT 1 [ RunTime:0.000000s ]
[ sql ] [ SQL ] SELECT * FROM `web_member` WHERE  `id` = 56 LIMIT 1 [ RunTime:0.000000s ]
[ sql ] [ SQL ] SELECT * FROM `web_webconfig` WHERE  `id` = 2 LIMIT 1 [ RunTime:0.000000s ]
[ sql ] [ SQL ] SELECT * FROM `web_member` WHERE  `id` = 54 LIMIT 1 [ RunTime:0.000000s ]
[ sql ] [ SQL ] SELECT * FROM `web_webconfig` WHERE  `id` = 2 LIMIT 1 [ RunTime:0.000000s ]
[ sql ] [ SQL ] SELECT * FROM `web_member` WHERE  `id` = 0 LIMIT 1 [ RunTime:0.000000s ]
[ sql ] [ SQL ] SELECT * FROM `web_webconfig` WHERE  `id` = 2 LIMIT 1 [ RunTime:0.000000s ]
[ sql ] [ SQL ] SELECT * FROM `web_member` WHERE  `id` = 67 LIMIT 1 [ RunTime:0.000000s ]
[ sql ] [ SQL ] SELECT * FROM `web_orders` WHERE  `uid` = 67  AND `status` = 1  AND `type` = 2 LIMIT 1 [ RunTime:0.000000s ]
[ sql ] [ SQL ] UPDATE `web_member`  SET `bonus`=bonus+5  WHERE  `id` = 67 [ RunTime:0.000000s ]
[ sql ] [ SQL ] SHOW COLUMNS FROM `web_bonus` [ RunTime:0.015625s ]
[ sql ] [ SQL ] INSERT INTO `web_bonus` (`uid` , `type` , `create_date` , `money`) VALUES (67 , 1 , '1510740083' , 5) [ RunTime:0.000000s ]
[ sql ] [ SQL ] SELECT * FROM `web_member` WHERE  `id` = 56 LIMIT 1 [ RunTime:0.000000s ]
[ sql ] [ SQL ] UPDATE `web_member`  SET `bonus`=bonus+3  WHERE  `id` = 56 [ RunTime:0.000000s ]
[ sql ] [ SQL ] INSERT INTO `web_bonus` (`uid` , `type` , `create_date` , `money`) VALUES (56 , 2 , '1510740083' , 3) [ RunTime:0.000000s ]
[ sql ] [ SQL ] UPDATE `web_member`  SET `bonus`=bonus+1  WHERE  `id` = 54 [ RunTime:0.015625s ]
[ sql ] [ SQL ] INSERT INTO `web_bonus` (`uid` , `type` , `create_date` , `money`) VALUES (54 , 3 , '1510740083' , 1) [ RunTime:0.000000s ]
[ sql ] [ SQL ] INSERT INTO `web_bonus` (`uid` , `status` , `create_date` , `money`) VALUES (70 , 2 , '1510740083' , 120) [ RunTime:0.000000s ]
[ sql ] [ SQL ] UPDATE `web_member`  SET `money`=money+120  WHERE  `id` = 70 [ RunTime:0.000000s ]
[ sql ] [ SQL ] UPDATE `web_orders`  SET `status`=2  WHERE  `uid` = 70  AND `status` = 1  AND `type` = 2  AND `create_date` <= '1510675199' [ RunTime:0.000000s ]
---------------------------------------------------------------
[ 2017-11-15T18:36:39+08:00 ] 47.52.221.95 120.25.115.8 POST /admin/Captcha/baibao_return
[ error ] [2]strtolower() expects parameter 1 to be string, array given
[ error ] [8]未定义数组下标: 1
[ error ] [8]未定义数组下标: 1
[ error ] [8]未定义数组下标: 1
[ error ] [8]未定义数组下标: 1
[ info ] array (
  'msg' => '支付成功',
  'payType' => '4',
  'payMoney' => '100.0',
  'data' => '{"attach":"","channel_trade_no":"4200000035201711154864055842","end_time":"20171115183638","key_sign":"e274ead0ea8bc660dd4e5036ab2049ad","merchant_name":"深圳前海巨淘信息技术有限公司","merchant_no":"858400208000010","out_trade_no":"101889034021217111518352507271","pay_type":"010","receipt_fee":"10000","result_code":"01","return_code":"01","return_msg":"支付成功","terminal_id":"10188903","terminal_time":"20171115183525","terminal_trace":"2441025682588672","total_fee":"10000","user_id":"o1-021VjMjA42deE0wCiU1I9W7S0"}',
  'outTradeNo' => '2441025682588672',
  'clientSno' => '2017111510049535',
  'status' => '1',
)
[ sql ] [ DB ] CONNECT:[ UseTime:0.000000s ] mysql:host=127.0.0.1;port=3306;dbname=shoppings;charset=utf8
[ sql ] [ SQL ] SHOW COLUMNS FROM `web_orders` [ RunTime:0.015625s ]
[ sql ] [ SQL ] SELECT * FROM `web_orders` WHERE  `order_no` = '2017111510049535'  AND `type` = 1 LIMIT 1 [ RunTime:0.000000s ]
[ sql ] [ SQL ] SELECT SUM(price) AS tp_sum FROM `web_orders` WHERE  `uid` = 73  AND `status` = 1  AND `type` = 2  AND `create_date` <= '1510675199' LIMIT 1 [ RunTime:0.000000s ]
[ sql ] [ SQL ] UPDATE `web_orders`  SET `type`=2  WHERE  `id` = 191 [ RunTime:0.000000s ]
[ sql ] [ SQL ] SHOW COLUMNS FROM `web_product` [ RunTime:0.015625s ]
[ sql ] [ SQL ] UPDATE `web_product`  SET `buy_num`=buy_num+1  WHERE  `id` = 45 [ RunTime:0.000000s ]
[ sql ] [ SQL ] SELECT SUM(price) AS tp_sum FROM `web_orders` WHERE  `create_date` BETWEEN '1510675200' AND '1510761599'  AND `status` = 1  AND `type` = 2 LIMIT 1 [ RunTime:0.000000s ]
[ sql ] [ SQL ] SHOW COLUMNS FROM `web_webconfig` [ RunTime:0.015625s ]
[ sql ] [ SQL ] SELECT * FROM `web_webconfig` WHERE  `id` = 2 LIMIT 1 [ RunTime:0.000000s ]
[ sql ] [ SQL ] SHOW COLUMNS FROM `web_member` [ RunTime:0.015625s ]
[ sql ] [ SQL ] UPDATE `web_member`  SET `buy_result`=1  WHERE  `id` = 73 [ RunTime:0.000000s ]
[ sql ] [ SQL ] SELECT * FROM `web_member` WHERE  `id` = 73 LIMIT 1 [ RunTime:0.000000s ]
[ sql ] [ SQL ] SELECT * FROM `web_member` WHERE  `id` = 73 LIMIT 1 [ RunTime:0.000000s ]
[ sql ] [ SQL ] SELECT * FROM `web_webconfig` WHERE  `id` = 2 LIMIT 1 [ RunTime:0.000000s ]
[ sql ] [ SQL ] SELECT * FROM `web_member` WHERE  `id` = 72 LIMIT 1 [ RunTime:0.000000s ]
[ sql ] [ SQL ] SELECT * FROM `web_webconfig` WHERE  `id` = 2 LIMIT 1 [ RunTime:0.000000s ]
[ sql ] [ SQL ] SELECT * FROM `web_member` WHERE  `id` = 54 LIMIT 1 [ RunTime:0.000000s ]
[ sql ] [ SQL ] SELECT * FROM `web_webconfig` WHERE  `id` = 2 LIMIT 1 [ RunTime:0.000000s ]
[ sql ] [ SQL ] SELECT * FROM `web_member` WHERE  `id` = 0 LIMIT 1 [ RunTime:0.000000s ]
[ sql ] [ SQL ] SELECT * FROM `web_webconfig` WHERE  `id` = 2 LIMIT 1 [ RunTime:0.000000s ]
[ sql ] [ SQL ] SELECT * FROM `web_member` WHERE  `id` = 72 LIMIT 1 [ RunTime:0.000000s ]
[ sql ] [ SQL ] SELECT * FROM `web_orders` WHERE  `uid` = 72  AND `status` = 1  AND `type` = 2 LIMIT 1 [ RunTime:0.000000s ]
[ sql ] [ SQL ] UPDATE `web_member`  SET `bonus`=bonus+5  WHERE  `id` = 72 [ RunTime:0.000000s ]
[ sql ] [ SQL ] SHOW COLUMNS FROM `web_bonus` [ RunTime:0.015625s ]
[ sql ] [ SQL ] INSERT INTO `web_bonus` (`uid` , `type` , `create_date` , `money`) VALUES (72 , 1 , '1510742199' , 5) [ RunTime:0.000000s ]
[ sql ] [ SQL ] SELECT * FROM `web_member` WHERE  `id` = 54 LIMIT 1 [ RunTime:0.000000s ]
[ sql ] [ SQL ] UPDATE `web_member`  SET `bonus`=bonus+3  WHERE  `id` = 54 [ RunTime:0.000000s ]
[ sql ] [ SQL ] INSERT INTO `web_bonus` (`uid` , `type` , `create_date` , `money`) VALUES (54 , 2 , '1510742199' , 3) [ RunTime:0.000000s ]
[ sql ] [ SQL ] INSERT INTO `web_bonus` (`uid` , `status` , `create_date` , `money`) VALUES (73 , 2 , '1510742199' , 120) [ RunTime:0.015625s ]
[ sql ] [ SQL ] UPDATE `web_member`  SET `money`=money+120  WHERE  `id` = 73 [ RunTime:0.000000s ]
[ sql ] [ SQL ] UPDATE `web_orders`  SET `status`=2  WHERE  `uid` = 73  AND `status` = 1  AND `type` = 2  AND `create_date` <= '1510675199' [ RunTime:0.000000s ]
---------------------------------------------------------------
[ 2017-11-15T18:44:55+08:00 ] 47.52.221.95 120.25.115.7 POST /admin/Captcha/baibao_return
[ error ] [2]strtolower() expects parameter 1 to be string, array given
[ error ] [8]未定义数组下标: 1
[ error ] [8]未定义数组下标: 1
[ error ] [8]未定义数组下标: 1
[ error ] [8]未定义数组下标: 1
[ info ] array (
  'msg' => '支付成功',
  'payType' => '4',
  'payMoney' => '100.0',
  'data' => '{"attach":"","channel_trade_no":"4200000043201711154867890054","end_time":"20171115184455","key_sign":"b231adc711dc4ce64c6d882690f27748","merchant_name":"深圳前海巨淘信息技术有限公司","merchant_no":"858400208000010","out_trade_no":"101889036421217111518325807154","pay_type":"010","receipt_fee":"10000","result_code":"01","return_code":"01","return_msg":"支付成功","terminal_id":"10188903","terminal_time":"20171115183258","terminal_trace":"2441023268144128","total_fee":"10000","user_id":"o1-021bpstDo7NA1-YxgllXYrFr0"}',
  'outTradeNo' => '2441023268144128',
  'clientSno' => '2017111557101971',
  'status' => '1',
)
[ sql ] [ DB ] CONNECT:[ UseTime:0.000000s ] mysql:host=127.0.0.1;port=3306;dbname=shoppings;charset=utf8
[ sql ] [ SQL ] SHOW COLUMNS FROM `web_orders` [ RunTime:0.015625s ]
[ sql ] [ SQL ] SELECT * FROM `web_orders` WHERE  `order_no` = '2017111557101971'  AND `type` = 1 LIMIT 1 [ RunTime:0.000000s ]
[ sql ] [ SQL ] SELECT SUM(price) AS tp_sum FROM `web_orders` WHERE  `uid` = 69  AND `status` = 1  AND `type` = 2  AND `create_date` <= '1510675199' LIMIT 1 [ RunTime:0.000000s ]
[ sql ] [ SQL ] UPDATE `web_orders`  SET `type`=2  WHERE  `id` = 190 [ RunTime:0.015625s ]
[ sql ] [ SQL ] SHOW COLUMNS FROM `web_product` [ RunTime:0.015625s ]
[ sql ] [ SQL ] UPDATE `web_product`  SET `buy_num`=buy_num+1  WHERE  `id` = 45 [ RunTime:0.000000s ]
[ sql ] [ SQL ] SELECT SUM(price) AS tp_sum FROM `web_orders` WHERE  `create_date` BETWEEN '1510675200' AND '1510761599'  AND `status` = 1  AND `type` = 2 LIMIT 1 [ RunTime:0.000000s ]
[ sql ] [ SQL ] SHOW COLUMNS FROM `web_webconfig` [ RunTime:0.015625s ]
[ sql ] [ SQL ] SELECT * FROM `web_webconfig` WHERE  `id` = 2 LIMIT 1 [ RunTime:0.000000s ]
[ sql ] [ SQL ] SHOW COLUMNS FROM `web_member` [ RunTime:0.015625s ]
[ sql ] [ SQL ] UPDATE `web_member`  SET `buy_result`=1  WHERE  `id` = 69 [ RunTime:0.000000s ]
[ sql ] [ SQL ] SELECT * FROM `web_member` WHERE  `id` = 69 LIMIT 1 [ RunTime:0.000000s ]
[ sql ] [ SQL ] SELECT * FROM `web_member` WHERE  `id` = 69 LIMIT 1 [ RunTime:0.000000s ]
[ sql ] [ SQL ] SELECT * FROM `web_webconfig` WHERE  `id` = 2 LIMIT 1 [ RunTime:0.000000s ]
[ sql ] [ SQL ] SELECT * FROM `web_member` WHERE  `id` = 55 LIMIT 1 [ RunTime:0.000000s ]
[ sql ] [ SQL ] SELECT * FROM `web_webconfig` WHERE  `id` = 2 LIMIT 1 [ RunTime:0.000000s ]
[ sql ] [ SQL ] SELECT * FROM `web_member` WHERE  `id` = 54 LIMIT 1 [ RunTime:0.000000s ]
[ sql ] [ SQL ] SELECT * FROM `web_webconfig` WHERE  `id` = 2 LIMIT 1 [ RunTime:0.000000s ]
[ sql ] [ SQL ] SELECT * FROM `web_member` WHERE  `id` = 0 LIMIT 1 [ RunTime:0.000000s ]
[ sql ] [ SQL ] SELECT * FROM `web_webconfig` WHERE  `id` = 2 LIMIT 1 [ RunTime:0.000000s ]
[ sql ] [ SQL ] SELECT * FROM `web_member` WHERE  `id` = 55 LIMIT 1 [ RunTime:0.000000s ]
[ sql ] [ SQL ] SELECT * FROM `web_orders` WHERE  `uid` = 55  AND `status` = 1  AND `type` = 2 LIMIT 1 [ RunTime:0.000000s ]
[ sql ] [ SQL ] UPDATE `web_member`  SET `bonus`=bonus+5  WHERE  `id` = 55 [ RunTime:0.015625s ]
[ sql ] [ SQL ] SHOW COLUMNS FROM `web_bonus` [ RunTime:0.000000s ]
[ sql ] [ SQL ] INSERT INTO `web_bonus` (`uid` , `type` , `create_date` , `money`) VALUES (55 , 1 , '1510742695' , 5) [ RunTime:0.015625s ]
[ sql ] [ SQL ] SELECT * FROM `web_member` WHERE  `id` = 54 LIMIT 1 [ RunTime:0.000000s ]
[ sql ] [ SQL ] UPDATE `web_member`  SET `bonus`=bonus+3  WHERE  `id` = 54 [ RunTime:0.000000s ]
[ sql ] [ SQL ] INSERT INTO `web_bonus` (`uid` , `type` , `create_date` , `money`) VALUES (54 , 2 , '1510742695' , 3) [ RunTime:0.000000s ]
[ sql ] [ SQL ] INSERT INTO `web_bonus` (`uid` , `status` , `create_date` , `money`) VALUES (69 , 2 , '1510742695' , 120) [ RunTime:0.000000s ]
[ sql ] [ SQL ] UPDATE `web_member`  SET `money`=money+120  WHERE  `id` = 69 [ RunTime:0.000000s ]
[ sql ] [ SQL ] UPDATE `web_orders`  SET `status`=2  WHERE  `uid` = 69  AND `status` = 1  AND `type` = 2  AND `create_date` <= '1510675199' [ RunTime:0.000000s ]
---------------------------------------------------------------
[ 2017-11-15T19:39:07+08:00 ] 47.52.221.95 120.25.115.5 POST /admin/Captcha/baibao_return
[ error ] [2]strtolower() expects parameter 1 to be string, array given
[ error ] [8]未定义数组下标: 1
[ error ] [8]未定义数组下标: 1
[ error ] [8]未定义数组下标: 1
[ error ] [8]未定义数组下标: 1
[ info ] array (
  'msg' => '支付成功',
  'payType' => '4',
  'payMoney' => '100.0',
  'data' => '{"attach":"","channel_trade_no":"4200000041201711154879302980","end_time":"20171115193905","key_sign":"8b094b562d0bd37e539f3d5632e8a4d4","merchant_name":"深圳前海巨淘信息技术有限公司","merchant_no":"858400208000010","out_trade_no":"101889034021217111519381806508","pay_type":"010","receipt_fee":"10000","result_code":"01","return_code":"01","return_msg":"支付成功","terminal_id":"10188903","terminal_time":"20171115193818","terminal_trace":"2441087501681664","total_fee":"10000","user_id":"o1-021VjMjA42deE0wCiU1I9W7S0"}',
  'outTradeNo' => '2441087501681664',
  'clientSno' => '2017111597525410',
  'status' => '1',
)
[ sql ] [ DB ] CONNECT:[ UseTime:0.015625s ] mysql:host=127.0.0.1;port=3306;dbname=shoppings;charset=utf8
[ sql ] [ SQL ] SHOW COLUMNS FROM `web_orders` [ RunTime:0.000000s ]
[ sql ] [ SQL ] SELECT * FROM `web_orders` WHERE  `order_no` = '2017111597525410'  AND `type` = 1 LIMIT 1 [ RunTime:0.000000s ]
[ sql ] [ SQL ] SELECT SUM(price) AS tp_sum FROM `web_orders` WHERE  `uid` = 74  AND `status` = 1  AND `type` = 2  AND `create_date` <= '1510675199' LIMIT 1 [ RunTime:0.000000s ]
[ sql ] [ SQL ] UPDATE `web_orders`  SET `type`=2  WHERE  `id` = 195 [ RunTime:0.000000s ]
[ sql ] [ SQL ] SHOW COLUMNS FROM `web_product` [ RunTime:0.015625s ]
[ sql ] [ SQL ] UPDATE `web_product`  SET `buy_num`=buy_num+1  WHERE  `id` = 45 [ RunTime:0.000000s ]
[ sql ] [ SQL ] SELECT SUM(price) AS tp_sum FROM `web_orders` WHERE  `create_date` BETWEEN '1510675200' AND '1510761599'  AND `status` = 1  AND `type` = 2 LIMIT 1 [ RunTime:0.000000s ]
[ sql ] [ SQL ] SHOW COLUMNS FROM `web_webconfig` [ RunTime:0.015625s ]
[ sql ] [ SQL ] SELECT * FROM `web_webconfig` WHERE  `id` = 2 LIMIT 1 [ RunTime:0.000000s ]
[ sql ] [ SQL ] SHOW COLUMNS FROM `web_member` [ RunTime:0.000000s ]
[ sql ] [ SQL ] UPDATE `web_member`  SET `buy_result`=1  WHERE  `id` = 74 [ RunTime:0.015625s ]
[ sql ] [ SQL ] SELECT * FROM `web_member` WHERE  `id` = 74 LIMIT 1 [ RunTime:0.000000s ]
[ sql ] [ SQL ] SELECT * FROM `web_member` WHERE  `id` = 74 LIMIT 1 [ RunTime:0.000000s ]
[ sql ] [ SQL ] SELECT * FROM `web_webconfig` WHERE  `id` = 2 LIMIT 1 [ RunTime:0.000000s ]
[ sql ] [ SQL ] SELECT * FROM `web_member` WHERE  `id` = 73 LIMIT 1 [ RunTime:0.000000s ]
[ sql ] [ SQL ] SELECT * FROM `web_webconfig` WHERE  `id` = 2 LIMIT 1 [ RunTime:0.000000s ]
[ sql ] [ SQL ] SELECT * FROM `web_member` WHERE  `id` = 72 LIMIT 1 [ RunTime:0.000000s ]
[ sql ] [ SQL ] SELECT * FROM `web_webconfig` WHERE  `id` = 2 LIMIT 1 [ RunTime:0.000000s ]
[ sql ] [ SQL ] SELECT * FROM `web_member` WHERE  `id` = 54 LIMIT 1 [ RunTime:0.000000s ]
[ sql ] [ SQL ] SELECT * FROM `web_webconfig` WHERE  `id` = 2 LIMIT 1 [ RunTime:0.000000s ]
[ sql ] [ SQL ] SELECT * FROM `web_member` WHERE  `id` = 0 LIMIT 1 [ RunTime:0.000000s ]
[ sql ] [ SQL ] SELECT * FROM `web_webconfig` WHERE  `id` = 2 LIMIT 1 [ RunTime:0.000000s ]
[ sql ] [ SQL ] SELECT * FROM `web_member` WHERE  `id` = 73 LIMIT 1 [ RunTime:0.000000s ]
[ sql ] [ SQL ] SELECT * FROM `web_orders` WHERE  `uid` = 73  AND `status` = 1  AND `type` = 2 LIMIT 1 [ RunTime:0.000000s ]
[ sql ] [ SQL ] UPDATE `web_member`  SET `bonus`=bonus+5  WHERE  `id` = 73 [ RunTime:0.000000s ]
[ sql ] [ SQL ] SHOW COLUMNS FROM `web_bonus` [ RunTime:0.015625s ]
[ sql ] [ SQL ] INSERT INTO `web_bonus` (`uid` , `type` , `create_date` , `money`) VALUES (73 , 1 , '1510745947' , 5) [ RunTime:0.000000s ]
[ sql ] [ SQL ] SELECT * FROM `web_member` WHERE  `id` = 72 LIMIT 1 [ RunTime:0.000000s ]
[ sql ] [ SQL ] UPDATE `web_member`  SET `bonus`=bonus+3  WHERE  `id` = 72 [ RunTime:0.000000s ]
[ sql ] [ SQL ] INSERT INTO `web_bonus` (`uid` , `type` , `create_date` , `money`) VALUES (72 , 2 , '1510745947' , 3) [ RunTime:0.000000s ]
[ sql ] [ SQL ] UPDATE `web_member`  SET `bonus`=bonus+1  WHERE  `id` = 54 [ RunTime:0.015625s ]
[ sql ] [ SQL ] INSERT INTO `web_bonus` (`uid` , `type` , `create_date` , `money`) VALUES (54 , 3 , '1510745947' , 1) [ RunTime:0.000000s ]
[ sql ] [ SQL ] INSERT INTO `web_bonus` (`uid` , `status` , `create_date` , `money`) VALUES (74 , 2 , '1510745947' , 120) [ RunTime:0.000000s ]
[ sql ] [ SQL ] UPDATE `web_member`  SET `money`=money+120  WHERE  `id` = 74 [ RunTime:0.000000s ]
[ sql ] [ SQL ] UPDATE `web_orders`  SET `status`=2  WHERE  `uid` = 74  AND `status` = 1  AND `type` = 2  AND `create_date` <= '1510675199' [ RunTime:0.000000s ]
---------------------------------------------------------------
[ 2017-11-15T20:39:11+08:00 ] 47.52.221.95 120.25.115.4 POST /admin/Captcha/baibao_return
[ error ] [2]strtolower() expects parameter 1 to be string, array given
[ error ] [8]未定义数组下标: 1
[ error ] [8]未定义数组下标: 1
[ error ] [8]未定义数组下标: 1
[ error ] [8]未定义数组下标: 1
[ info ] array (
  'msg' => '支付成功',
  'payType' => '4',
  'payMoney' => '100.0',
  'data' => '{"attach":"","channel_trade_no":"4200000045201711154896463103","end_time":"20171115203910","key_sign":"2e94e6c59de0a7bd923937704a07d513","merchant_name":"深圳前海巨淘信息技术有限公司","merchant_no":"858400208000010","out_trade_no":"101889030721217111520384702954","pay_type":"010","receipt_fee":"10000","result_code":"01","return_code":"01","return_msg":"支付成功","terminal_id":"10188903","terminal_time":"20171115203847","terminal_trace":"2441146954826752","total_fee":"10000","user_id":"o1-021f5WQhRPoPQn6y9MtTvVi84"}',
  'outTradeNo' => '2441146954826752',
  'clientSno' => '2017111554100989',
  'status' => '1',
)
[ sql ] [ DB ] CONNECT:[ UseTime:0.000000s ] mysql:host=127.0.0.1;port=3306;dbname=shoppings;charset=utf8
[ sql ] [ SQL ] SHOW COLUMNS FROM `web_orders` [ RunTime:0.015625s ]
[ sql ] [ SQL ] SELECT * FROM `web_orders` WHERE  `order_no` = '2017111554100989'  AND `type` = 1 LIMIT 1 [ RunTime:0.000000s ]
[ sql ] [ SQL ] SELECT SUM(price) AS tp_sum FROM `web_orders` WHERE  `uid` = 85  AND `status` = 1  AND `type` = 2  AND `create_date` <= '1510675199' LIMIT 1 [ RunTime:0.000000s ]
[ sql ] [ SQL ] UPDATE `web_orders`  SET `type`=2  WHERE  `id` = 196 [ RunTime:0.000000s ]
[ sql ] [ SQL ] SHOW COLUMNS FROM `web_product` [ RunTime:0.015625s ]
[ sql ] [ SQL ] UPDATE `web_product`  SET `buy_num`=buy_num+1  WHERE  `id` = 45 [ RunTime:0.000000s ]
[ sql ] [ SQL ] SELECT SUM(price) AS tp_sum FROM `web_orders` WHERE  `create_date` BETWEEN '1510675200' AND '1510761599'  AND `status` = 1  AND `type` = 2 LIMIT 1 [ RunTime:0.000000s ]
[ sql ] [ SQL ] SHOW COLUMNS FROM `web_webconfig` [ RunTime:0.015625s ]
[ sql ] [ SQL ] SELECT * FROM `web_webconfig` WHERE  `id` = 2 LIMIT 1 [ RunTime:0.000000s ]
[ sql ] [ SQL ] SHOW COLUMNS FROM `web_member` [ RunTime:0.015625s ]
[ sql ] [ SQL ] UPDATE `web_member`  SET `buy_result`=1  WHERE  `id` = 85 [ RunTime:0.000000s ]
[ sql ] [ SQL ] SELECT * FROM `web_member` WHERE  `id` = 85 LIMIT 1 [ RunTime:0.000000s ]
[ sql ] [ SQL ] SELECT * FROM `web_member` WHERE  `id` = 85 LIMIT 1 [ RunTime:0.000000s ]
[ sql ] [ SQL ] SELECT * FROM `web_webconfig` WHERE  `id` = 2 LIMIT 1 [ RunTime:0.000000s ]
[ sql ] [ SQL ] SELECT * FROM `web_member` WHERE  `id` = 63 LIMIT 1 [ RunTime:0.000000s ]
[ sql ] [ SQL ] SELECT * FROM `web_webconfig` WHERE  `id` = 2 LIMIT 1 [ RunTime:0.000000s ]
[ sql ] [ SQL ] SELECT * FROM `web_member` WHERE  `id` = 54 LIMIT 1 [ RunTime:0.000000s ]
[ sql ] [ SQL ] SELECT * FROM `web_webconfig` WHERE  `id` = 2 LIMIT 1 [ RunTime:0.000000s ]
[ sql ] [ SQL ] SELECT * FROM `web_member` WHERE  `id` = 0 LIMIT 1 [ RunTime:0.000000s ]
[ sql ] [ SQL ] SELECT * FROM `web_webconfig` WHERE  `id` = 2 LIMIT 1 [ RunTime:0.000000s ]
[ sql ] [ SQL ] SELECT * FROM `web_member` WHERE  `id` = 63 LIMIT 1 [ RunTime:0.000000s ]
[ sql ] [ SQL ] SELECT * FROM `web_orders` WHERE  `uid` = 63  AND `status` = 1  AND `type` = 2 LIMIT 1 [ RunTime:0.000000s ]
[ sql ] [ SQL ] UPDATE `web_member`  SET `bonus`=bonus+5  WHERE  `id` = 63 [ RunTime:0.000000s ]
[ sql ] [ SQL ] SHOW COLUMNS FROM `web_bonus` [ RunTime:0.015625s ]
[ sql ] [ SQL ] INSERT INTO `web_bonus` (`uid` , `type` , `create_date` , `money`) VALUES (63 , 1 , '1510749550' , 5) [ RunTime:0.000000s ]
[ sql ] [ SQL ] SELECT * FROM `web_member` WHERE  `id` = 54 LIMIT 1 [ RunTime:0.000000s ]
[ sql ] [ SQL ] UPDATE `web_member`  SET `bonus`=bonus+3  WHERE  `id` = 54 [ RunTime:0.000000s ]
[ sql ] [ SQL ] INSERT INTO `web_bonus` (`uid` , `type` , `create_date` , `money`) VALUES (54 , 2 , '1510749550' , 3) [ RunTime:0.000000s ]
---------------------------------------------------------------
[ 2017-11-15T21:28:10+08:00 ] 47.52.221.95 120.25.115.7 POST /admin/Captcha/baibao_return
[ error ] [2]strtolower() expects parameter 1 to be string, array given
[ error ] [8]未定义数组下标: 1
[ error ] [8]未定义数组下标: 1
[ error ] [8]未定义数组下标: 1
[ error ] [8]未定义数组下标: 1
[ info ] array (
  'msg' => '支付成功',
  'payType' => '4',
  'payMoney' => '100.0',
  'data' => '{"attach":"","channel_trade_no":"4200000044201711154908364939","end_time":"20171115212808","key_sign":"89271c63dcd6650feede46ebf1c3dbf7","merchant_name":"深圳前海巨淘信息技术有限公司","merchant_no":"858400208000010","out_trade_no":"101889030521217111521255701699","pay_type":"010","receipt_fee":"10000","result_code":"01","return_code":"01","return_msg":"支付成功","terminal_id":"10188903","terminal_time":"20171115212557","terminal_trace":"2441193320809472","total_fee":"10000","user_id":"o1-021Vvx_iP-SD0grdxTGzRYds8"}',
  'outTradeNo' => '2441193320809472',
  'clientSno' => '2017111553505655',
  'status' => '1',
)
[ sql ] [ DB ] CONNECT:[ UseTime:0.000000s ] mysql:host=127.0.0.1;port=3306;dbname=shoppings;charset=utf8
[ sql ] [ SQL ] SHOW COLUMNS FROM `web_orders` [ RunTime:0.015625s ]
[ sql ] [ SQL ] SELECT * FROM `web_orders` WHERE  `order_no` = '2017111553505655'  AND `type` = 1 LIMIT 1 [ RunTime:0.000000s ]
[ sql ] [ SQL ] SELECT SUM(price) AS tp_sum FROM `web_orders` WHERE  `uid` = 66  AND `status` = 1  AND `type` = 2  AND `create_date` <= '1510675199' LIMIT 1 [ RunTime:0.000000s ]
[ sql ] [ SQL ] UPDATE `web_orders`  SET `type`=2  WHERE  `id` = 199 [ RunTime:0.000000s ]
[ sql ] [ SQL ] SHOW COLUMNS FROM `web_product` [ RunTime:0.015625s ]
[ sql ] [ SQL ] UPDATE `web_product`  SET `buy_num`=buy_num+1  WHERE  `id` = 45 [ RunTime:0.000000s ]
[ sql ] [ SQL ] SELECT SUM(price) AS tp_sum FROM `web_orders` WHERE  `create_date` BETWEEN '1510675200' AND '1510761599'  AND `status` = 1  AND `type` = 2 LIMIT 1 [ RunTime:0.000000s ]
[ sql ] [ SQL ] SHOW COLUMNS FROM `web_webconfig` [ RunTime:0.015625s ]
[ sql ] [ SQL ] SELECT * FROM `web_webconfig` WHERE  `id` = 2 LIMIT 1 [ RunTime:0.000000s ]
[ sql ] [ SQL ] SHOW COLUMNS FROM `web_member` [ RunTime:0.000000s ]
[ sql ] [ SQL ] UPDATE `web_member`  SET `buy_result`=1  WHERE  `id` = 66 [ RunTime:0.000000s ]
[ sql ] [ SQL ] SELECT * FROM `web_member` WHERE  `id` = 66 LIMIT 1 [ RunTime:0.000000s ]
[ sql ] [ SQL ] SELECT * FROM `web_member` WHERE  `id` = 66 LIMIT 1 [ RunTime:0.000000s ]
[ sql ] [ SQL ] SELECT * FROM `web_webconfig` WHERE  `id` = 2 LIMIT 1 [ RunTime:0.000000s ]
[ sql ] [ SQL ] SELECT * FROM `web_member` WHERE  `id` = 55 LIMIT 1 [ RunTime:0.000000s ]
[ sql ] [ SQL ] SELECT * FROM `web_webconfig` WHERE  `id` = 2 LIMIT 1 [ RunTime:0.000000s ]
[ sql ] [ SQL ] SELECT * FROM `web_member` WHERE  `id` = 54 LIMIT 1 [ RunTime:0.000000s ]
[ sql ] [ SQL ] SELECT * FROM `web_webconfig` WHERE  `id` = 2 LIMIT 1 [ RunTime:0.000000s ]
[ sql ] [ SQL ] SELECT * FROM `web_member` WHERE  `id` = 0 LIMIT 1 [ RunTime:0.000000s ]
[ sql ] [ SQL ] SELECT * FROM `web_webconfig` WHERE  `id` = 2 LIMIT 1 [ RunTime:0.000000s ]
[ sql ] [ SQL ] SELECT * FROM `web_member` WHERE  `id` = 55 LIMIT 1 [ RunTime:0.000000s ]
[ sql ] [ SQL ] SELECT * FROM `web_orders` WHERE  `uid` = 55  AND `status` = 1  AND `type` = 2 LIMIT 1 [ RunTime:0.000000s ]
[ sql ] [ SQL ] UPDATE `web_member`  SET `bonus`=bonus+5  WHERE  `id` = 55 [ RunTime:0.000000s ]
[ sql ] [ SQL ] SHOW COLUMNS FROM `web_bonus` [ RunTime:0.015625s ]
[ sql ] [ SQL ] INSERT INTO `web_bonus` (`uid` , `type` , `create_date` , `money`) VALUES (55 , 1 , '1510752489' , 5) [ RunTime:0.000000s ]
[ sql ] [ SQL ] SELECT * FROM `web_member` WHERE  `id` = 54 LIMIT 1 [ RunTime:0.000000s ]
[ sql ] [ SQL ] UPDATE `web_member`  SET `bonus`=bonus+3  WHERE  `id` = 54 [ RunTime:0.015625s ]
[ sql ] [ SQL ] INSERT INTO `web_bonus` (`uid` , `type` , `create_date` , `money`) VALUES (54 , 2 , '1510752489' , 3) [ RunTime:0.000000s ]
[ sql ] [ SQL ] INSERT INTO `web_bonus` (`uid` , `status` , `create_date` , `money`) VALUES (66 , 2 , '1510752489' , 120) [ RunTime:0.000000s ]
[ sql ] [ SQL ] UPDATE `web_member`  SET `money`=money+120  WHERE  `id` = 66 [ RunTime:0.000000s ]
[ sql ] [ SQL ] UPDATE `web_orders`  SET `status`=2  WHERE  `uid` = 66  AND `status` = 1  AND `type` = 2  AND `create_date` <= '1510675199' [ RunTime:0.000000s ]
---------------------------------------------------------------
[ 2017-11-15T21:58:31+08:00 ] 47.52.221.95 120.76.16.228 POST /admin/Captcha/baibao_return
[ error ] [2]strtolower() expects parameter 1 to be string, array given
[ error ] [8]未定义数组下标: 1
[ error ] [8]未定义数组下标: 1
[ error ] [8]未定义数组下标: 1
[ error ] [8]未定义数组下标: 1
[ info ] array (
  'msg' => '支付成功',
  'payType' => '4',
  'payMoney' => '100.0',
  'data' => '{"attach":"","channel_trade_no":"4200000031201711154909772019","end_time":"20171115215830","key_sign":"b44e5b6b41d4d77558feed88ea26a178","merchant_name":"深圳前海巨淘信息技术有限公司","merchant_no":"858400208000010","out_trade_no":"101889030321217111521571003423","pay_type":"010","receipt_fee":"10000","result_code":"01","return_code":"01","return_msg":"支付成功","terminal_id":"10188903","terminal_time":"20171115215710","terminal_trace":"2441224011793408","total_fee":"10000","user_id":"o1-021c6InGlQAFbU4SkOc9f7BkA"}',
  'outTradeNo' => '2441224011793408',
  'clientSno' => '2017111554505655',
  'status' => '1',
)
[ sql ] [ DB ] CONNECT:[ UseTime:0.000000s ] mysql:host=127.0.0.1;port=3306;dbname=shoppings;charset=utf8
[ sql ] [ SQL ] SHOW COLUMNS FROM `web_orders` [ RunTime:0.015625s ]
[ sql ] [ SQL ] SELECT * FROM `web_orders` WHERE  `order_no` = '2017111554505655'  AND `type` = 1 LIMIT 1 [ RunTime:0.000000s ]
[ sql ] [ SQL ] SELECT SUM(price) AS tp_sum FROM `web_orders` WHERE  `uid` = 86  AND `status` = 1  AND `type` = 2  AND `create_date` <= '1510675199' LIMIT 1 [ RunTime:0.000000s ]
[ sql ] [ SQL ] UPDATE `web_orders`  SET `type`=2  WHERE  `id` = 200 [ RunTime:0.000000s ]
[ sql ] [ SQL ] SHOW COLUMNS FROM `web_product` [ RunTime:0.015625s ]
[ sql ] [ SQL ] UPDATE `web_product`  SET `buy_num`=buy_num+1  WHERE  `id` = 45 [ RunTime:0.000000s ]
[ sql ] [ SQL ] SELECT SUM(price) AS tp_sum FROM `web_orders` WHERE  `create_date` BETWEEN '1510675200' AND '1510761599'  AND `status` = 1  AND `type` = 2 LIMIT 1 [ RunTime:0.000000s ]
[ sql ] [ SQL ] SHOW COLUMNS FROM `web_webconfig` [ RunTime:0.015625s ]
[ sql ] [ SQL ] SELECT * FROM `web_webconfig` WHERE  `id` = 2 LIMIT 1 [ RunTime:0.000000s ]
[ sql ] [ SQL ] SHOW COLUMNS FROM `web_member` [ RunTime:0.015625s ]
[ sql ] [ SQL ] UPDATE `web_member`  SET `buy_result`=1  WHERE  `id` = 86 [ RunTime:0.000000s ]
[ sql ] [ SQL ] SELECT * FROM `web_member` WHERE  `id` = 86 LIMIT 1 [ RunTime:0.000000s ]
[ sql ] [ SQL ] SELECT * FROM `web_member` WHERE  `id` = 86 LIMIT 1 [ RunTime:0.000000s ]
[ sql ] [ SQL ] SELECT * FROM `web_webconfig` WHERE  `id` = 2 LIMIT 1 [ RunTime:0.000000s ]
[ sql ] [ SQL ] SELECT * FROM `web_member` WHERE  `id` = 66 LIMIT 1 [ RunTime:0.000000s ]
[ sql ] [ SQL ] SELECT * FROM `web_webconfig` WHERE  `id` = 2 LIMIT 1 [ RunTime:0.000000s ]
[ sql ] [ SQL ] SELECT * FROM `web_member` WHERE  `id` = 55 LIMIT 1 [ RunTime:0.000000s ]
[ sql ] [ SQL ] SELECT * FROM `web_webconfig` WHERE  `id` = 2 LIMIT 1 [ RunTime:0.000000s ]
[ sql ] [ SQL ] SELECT * FROM `web_member` WHERE  `id` = 54 LIMIT 1 [ RunTime:0.000000s ]
[ sql ] [ SQL ] SELECT * FROM `web_webconfig` WHERE  `id` = 2 LIMIT 1 [ RunTime:0.000000s ]
[ sql ] [ SQL ] SELECT * FROM `web_member` WHERE  `id` = 0 LIMIT 1 [ RunTime:0.000000s ]
[ sql ] [ SQL ] SELECT * FROM `web_webconfig` WHERE  `id` = 2 LIMIT 1 [ RunTime:0.000000s ]
[ sql ] [ SQL ] SELECT * FROM `web_member` WHERE  `id` = 66 LIMIT 1 [ RunTime:0.000000s ]
[ sql ] [ SQL ] SELECT * FROM `web_orders` WHERE  `uid` = 66  AND `status` = 1  AND `type` = 2 LIMIT 1 [ RunTime:0.000000s ]
[ sql ] [ SQL ] UPDATE `web_member`  SET `bonus`=bonus+5  WHERE  `id` = 66 [ RunTime:0.000000s ]
[ sql ] [ SQL ] SHOW COLUMNS FROM `web_bonus` [ RunTime:0.015625s ]
[ sql ] [ SQL ] INSERT INTO `web_bonus` (`uid` , `type` , `create_date` , `money`) VALUES (66 , 1 , '1510754310' , 5) [ RunTime:0.000000s ]
[ sql ] [ SQL ] SELECT * FROM `web_member` WHERE  `id` = 55 LIMIT 1 [ RunTime:0.000000s ]
[ sql ] [ SQL ] UPDATE `web_member`  SET `bonus`=bonus+3  WHERE  `id` = 55 [ RunTime:0.015625s ]
[ sql ] [ SQL ] INSERT INTO `web_bonus` (`uid` , `type` , `create_date` , `money`) VALUES (55 , 2 , '1510754310' , 3) [ RunTime:0.000000s ]
[ sql ] [ SQL ] UPDATE `web_member`  SET `bonus`=bonus+1  WHERE  `id` = 54 [ RunTime:0.000000s ]
[ sql ] [ SQL ] INSERT INTO `web_bonus` (`uid` , `type` , `create_date` , `money`) VALUES (54 , 3 , '1510754310' , 1) [ RunTime:0.000000s ]
