---------------------------------------------------------------
[ 2017-11-04T14:01:05+08:00 ] 192.168.1.18 192.168.1.18 POST /admin/product/product_delete.html
[ info ] 192.168.1.18:207/admin/product/product_delete.html [运行时间：0.473027s][吞吐率：2.11req/s] [内存消耗：2,799.50kb] [文件加载：54]
[ info ] [ LANG ] G:\phpstorm\shoppings\thinkphp\lang\zh-cn.php
[ info ] [ ROUTE ] array (
  'type' => 'module',
  'module' => 
  array (
    0 => 'admin',
    1 => 'product',
    2 => 'product_delete',
  ),
)
[ info ] [ HEADER ] array (
  'cookie' => 'thinkphp_show_page_trace=0|0; _ga=GA1.1.1202400497.1509333725; PHPSESSID=0pfjbe2ilov0h8ftjirtu753a3; XDEBUG_SESSION=18963; thinkphp_show_page_trace=0|0',
  'accept-language' => 'zh-CN,zh;q=0.8',
  'accept-encoding' => 'gzip, deflate',
  'referer' => 'http://192.168.1.18:207/admin/product/index.html',
  'content-type' => 'application/x-www-form-urlencoded; charset=UTF-8',
  'user-agent' => 'Mozilla/5.0 (Windows NT 6.1; WOW64) AppleWebKit/537.36 (KHTML, like Gecko) Chrome/61.0.3163.100 Safari/537.36',
  'x-requested-with' => 'XMLHttpRequest',
  'origin' => 'http://192.168.1.18:207',
  'accept' => 'application/json, text/javascript, */*; q=0.01',
  'content-length' => '5',
  'connection' => 'keep-alive',
  'host' => '192.168.1.18:207',
)
[ info ] [ PARAM ] array (
  'id' => '14',
)
[ info ] [ SESSION ] INIT array (
  'prefix' => 'admin',
  'type' => '',
  'auto_start' => true,
)
[ info ] [ DB ] INIT mysql
[ info ] [ RUN ] app\admin\controller\Product->product_delete[ G:\phpstorm\shoppings\application\Admin\controller\Product.php ]
[ info ] [ LOG ] INIT File
[ error ] [2]strtolower() expects parameter 1 to be string, array given[G:\phpstorm\shoppings\thinkphp\library\think\Route.php:242]
[ error ] [8]未定义数组下标: 1[G:\phpstorm\shoppings\thinkphp\library\think\Route.php:215]
[ error ] delete without condition
[ sql ] [ DB ] CONNECT:[ UseTime:0.001001s ] mysql:host=127.0.0.1;port=3308;dbname=shopping;charset=utf8
[ sql ] [ SQL ] SHOW COLUMNS FROM `web_role` [ RunTime:0.001000s ]
[ sql ] [ SQL ] SELECT * FROM `web_role` WHERE  `id` IS NULL LIMIT 1 [ RunTime:0.000000s ]
[ sql ] [ SQL ] SHOW COLUMNS FROM `web_admin` [ RunTime:0.000000s ]
[ sql ] [ SQL ] SELECT `id`,`errorlognum`,`errorlogtime` FROM `web_admin` WHERE  `errorlognum` <> 0 [ RunTime:0.000000s ]
[ sql ] [ SQL ] SHOW COLUMNS FROM `web_webconfig` [ RunTime:0.001000s ]
[ sql ] [ SQL ] SELECT * FROM `web_webconfig` WHERE  `id` = 1 LIMIT 1 [ RunTime:0.001000s ]
[ sql ] [ SQL ] SELECT * FROM `web_admin` WHERE  `id` = 1 LIMIT 1 [ RunTime:0.000000s ]
[ sql ] [ SQL ] SHOW COLUMNS FROM `web_img` [ RunTime:0.001000s ]
[ sql ] [ SQL ] SELECT * FROM `web_img` WHERE  `pid` = 14 [ RunTime:0.000000s ]
[ sql ] [ SQL ] SHOW COLUMNS FROM `web_product` [ RunTime:0.001000s ]
---------------------------------------------------------------
[ 2017-11-04T14:01:10+08:00 ] 192.168.1.18 192.168.1.18 POST /admin/product/product_delete.html
[ info ] 192.168.1.18:207/admin/product/product_delete.html [运行时间：0.481028s][吞吐率：2.08req/s] [内存消耗：2,799.52kb] [文件加载：54]
[ info ] [ LANG ] G:\phpstorm\shoppings\thinkphp\lang\zh-cn.php
[ info ] [ ROUTE ] array (
  'type' => 'module',
  'module' => 
  array (
    0 => 'admin',
    1 => 'product',
    2 => 'product_delete',
  ),
)
[ info ] [ HEADER ] array (
  'cookie' => 'thinkphp_show_page_trace=0|0; _ga=GA1.1.1202400497.1509333725; PHPSESSID=0pfjbe2ilov0h8ftjirtu753a3; XDEBUG_SESSION=18963; thinkphp_show_page_trace=0|0',
  'accept-language' => 'zh-CN,zh;q=0.8',
  'accept-encoding' => 'gzip, deflate',
  'referer' => 'http://192.168.1.18:207/admin/product/index.html',
  'content-type' => 'application/x-www-form-urlencoded; charset=UTF-8',
  'user-agent' => 'Mozilla/5.0 (Windows NT 6.1; WOW64) AppleWebKit/537.36 (KHTML, like Gecko) Chrome/61.0.3163.100 Safari/537.36',
  'x-requested-with' => 'XMLHttpRequest',
  'origin' => 'http://192.168.1.18:207',
  'accept' => 'application/json, text/javascript, */*; q=0.01',
  'content-length' => '5',
  'connection' => 'keep-alive',
  'host' => '192.168.1.18:207',
)
[ info ] [ PARAM ] array (
  'id' => '14',
)
[ info ] [ SESSION ] INIT array (
  'prefix' => 'admin',
  'type' => '',
  'auto_start' => true,
)
[ info ] [ DB ] INIT mysql
[ info ] [ RUN ] app\admin\controller\Product->product_delete[ G:\phpstorm\shoppings\application\Admin\controller\Product.php ]
[ info ] [ LOG ] INIT File
[ error ] [2]strtolower() expects parameter 1 to be string, array given[G:\phpstorm\shoppings\thinkphp\library\think\Route.php:242]
[ error ] [8]未定义数组下标: 1[G:\phpstorm\shoppings\thinkphp\library\think\Route.php:215]
[ error ] delete without condition
[ sql ] [ DB ] CONNECT:[ UseTime:0.001000s ] mysql:host=127.0.0.1;port=3308;dbname=shopping;charset=utf8
[ sql ] [ SQL ] SHOW COLUMNS FROM `web_role` [ RunTime:0.001000s ]
[ sql ] [ SQL ] SELECT * FROM `web_role` WHERE  `id` IS NULL LIMIT 1 [ RunTime:0.000000s ]
[ sql ] [ SQL ] SHOW COLUMNS FROM `web_admin` [ RunTime:0.001000s ]
[ sql ] [ SQL ] SELECT `id`,`errorlognum`,`errorlogtime` FROM `web_admin` WHERE  `errorlognum` <> 0 [ RunTime:0.001000s ]
[ sql ] [ SQL ] SHOW COLUMNS FROM `web_webconfig` [ RunTime:0.001000s ]
[ sql ] [ SQL ] SELECT * FROM `web_webconfig` WHERE  `id` = 1 LIMIT 1 [ RunTime:0.000000s ]
[ sql ] [ SQL ] SELECT * FROM `web_admin` WHERE  `id` = 1 LIMIT 1 [ RunTime:0.000000s ]
[ sql ] [ SQL ] SHOW COLUMNS FROM `web_img` [ RunTime:0.001000s ]
[ sql ] [ SQL ] SELECT * FROM `web_img` WHERE  `pid` = 14 [ RunTime:0.001000s ]
[ sql ] [ SQL ] SHOW COLUMNS FROM `web_product` [ RunTime:0.001000s ]
